<?xml version="1.0" encoding="UTF-8"?>
<testsuites name="Product Admin" time="1385.753" tests="52" failures="9" errors="2">
   <testsuite name="Product Admin" tests="52" failures="9" errors="2" time="1385.753" skipped="0" timestamp="2023-10-04 18:16:34" hostname="Admin - Riswandha" id="Test Suites/Product Admin">
      <properties>
[...]
</properties>
      <testcase name="Test Cases/Product Admin/TC-PA-001" time="26.114" classname="Test Cases/Product Admin/TC-PA-001" status="PASSED">
         <system-out><![CDATA[2023-10-04 18:16:35 - [TEST_CASE][PASSED] - Test Cases/Product Admin/TC-PA-001: Test Cases/Product Admin/TC-PA-001

2023-10-04 18:16:36 - [TEST_STEP][PASSED] - callTestCase(findTestCase("Login Admin/TC-Login Admin-001"), [:], STOP_ON_FAILURE): Call Test Case 'Test Cases/Login Admin/TC-Login Admin-001' successfully

2023-10-04 18:16:36 - [TEST_CASE][PASSED] - Test Cases/Login Admin/TC-Login Admin-001: Test Cases/Login Admin/TC-Login Admin-001

2023-10-04 18:16:37 - [TEST_STEP][PASSED] - openBrowser(adminTajalapak): Browser is opened with url: 'https://10.9.2.63/ecommerce/administrator'

2023-10-04 18:16:38 - [MESSAGE][INFO] - Starting 'Edge Chromium' driver

2023-10-04 18:16:38 - [MESSAGE][INFO] - User set preference: ['acceptInsecureCerts', 'true']

2023-10-04 18:16:39 - [MESSAGE][INFO] - Action delay is set to 0 milliseconds

2023-10-04 18:16:44 - [MESSAGE][PASSED] - Browser is opened with url: 'https://10.9.2.63/ecommerce/administrator'

2023-10-04 18:16:44 - [TEST_STEP][PASSED] - maximizeWindow(): Current window maximized

2023-10-04 18:16:44 - [MESSAGE][PASSED] - Current window maximized

2023-10-04 18:16:44 - [TEST_STEP][PASSED] - verifyElementPresent(findTestObject("Login Admin/Verifikasi Halaman Administrator"), 0): Object 'Object Repository/Login Admin/Verifikasi Halaman Administrator' is present

2023-10-04 18:16:45 - [MESSAGE][WARNING] - Timeout '0' is invalid. Using default page load timeout: '30'

2023-10-04 18:16:45 - [MESSAGE][PASSED] - Object 'Object Repository/Login Admin/Verifikasi Halaman Administrator' is present

2023-10-04 18:16:45 - [TEST_STEP][PASSED] - setText(findTestObject("Login Admin/Input Username Admin"), "admin"): Text 'admin' is set on object 'Object Repository/Login Admin/Input Username Admin'

2023-10-04 18:16:46 - [MESSAGE][PASSED] - Text 'admin' is set on object 'Object Repository/Login Admin/Input Username Admin'

2023-10-04 18:16:46 - [TEST_STEP][PASSED] - setEncryptedText(findTestObject("Login Admin/Input Password Admin"), "374mkdZ/lqyNS21oH+MJZQ=="): Text ****** has been set on object 'Object Repository/Login Admin/Input Password Admin'

2023-10-04 18:16:47 - [MESSAGE][PASSED] - Text ****** has been set on object 'Object Repository/Login Admin/Input Password Admin'

2023-10-04 18:16:47 - [TEST_STEP][PASSED] - delay(10): Delayed 10 second(s)

2023-10-04 18:16:57 - [MESSAGE][PASSED] - Delayed 10 second(s)

2023-10-04 18:16:57 - [TEST_STEP][PASSED] - click(findTestObject("Login Admin/Botton Sign In")): Object: 'Object Repository/Login Admin/Botton Sign In' is clicked on

2023-10-04 18:16:58 - [MESSAGE][PASSED] - Object: 'Object Repository/Login Admin/Botton Sign In' is clicked on

2023-10-04 18:16:58 - [TEST_STEP][PASSED] - verifyElementPresent(findTestObject("Login Admin/Verifikasi Halaman Login Admin"), 0): Object 'Object Repository/Login Admin/Verifikasi Halaman Login Admin' is present

2023-10-04 18:16:58 - [MESSAGE][WARNING] - Timeout '0' is invalid. Using default page load timeout: '30'

2023-10-04 18:16:59 - [MESSAGE][PASSED] - Object 'Object Repository/Login Admin/Verifikasi Halaman Login Admin' is present

2023-10-04 18:16:59 - [MESSAGE][PASSED] - Call Test Case 'Test Cases/Login Admin/TC-Login Admin-001' successfully

2023-10-04 18:16:59 - [TEST_STEP][PASSED] - click(findTestObject("Product Admin/Master Market")): Object: 'Object Repository/Product Admin/Master Market' is clicked on

2023-10-04 18:16:59 - [MESSAGE][PASSED] - Object: 'Object Repository/Product Admin/Master Market' is clicked on

2023-10-04 18:16:59 - [TEST_STEP][PASSED] - click(findTestObject("Product Admin/Produk Admin")): Object: 'Object Repository/Product Admin/Produk Admin' is clicked on

2023-10-04 18:17:00 - [MESSAGE][PASSED] - Object: 'Object Repository/Product Admin/Produk Admin' is clicked on

2023-10-04 18:17:00 - [TEST_STEP][PASSED] - verifyElementPresent(findTestObject("Product Admin/Veridikasi Halaman Semua Produk"), 0): Object 'Object Repository/Product Admin/Veridikasi Halaman Semua Produk' is present

2023-10-04 18:17:01 - [MESSAGE][WARNING] - Timeout '0' is invalid. Using default page load timeout: '30'

2023-10-04 18:17:01 - [MESSAGE][PASSED] - Object 'Object Repository/Product Admin/Veridikasi Halaman Semua Produk' is present]]></system-out>
         <system-err><![CDATA[]]></system-err>
      </testcase>
      <testcase name="Test Cases/Product Admin/TC-PA-002" time="21.735" classname="Test Cases/Product Admin/TC-PA-002" status="PASSED">
         <system-out><![CDATA[2023-10-04 18:17:01 - [TEST_CASE][PASSED] - Test Cases/Product Admin/TC-PA-002: Test Cases/Product Admin/TC-PA-002

2023-10-04 18:17:01 - [TEST_STEP][PASSED] - callTestCase(findTestCase("Product Admin/TC-PA-001"), [:], STOP_ON_FAILURE): Call Test Case 'Test Cases/Product Admin/TC-PA-001' successfully

2023-10-04 18:17:01 - [TEST_CASE][PASSED] - Test Cases/Product Admin/TC-PA-001: Test Cases/Product Admin/TC-PA-001

2023-10-04 18:17:01 - [TEST_STEP][PASSED] - callTestCase(findTestCase("Login Admin/TC-Login Admin-001"), [:], STOP_ON_FAILURE): Call Test Case 'Test Cases/Login Admin/TC-Login Admin-001' successfully

2023-10-04 18:17:01 - [TEST_CASE][PASSED] - Test Cases/Login Admin/TC-Login Admin-001: Test Cases/Login Admin/TC-Login Admin-001

2023-10-04 18:17:01 - [TEST_STEP][PASSED] - openBrowser(adminTajalapak): Browser is opened with url: 'https://10.9.2.63/ecommerce/administrator'

2023-10-04 18:17:01 - [MESSAGE][WARNING] - A browser is already opened. Closing browser and opening a new one

2023-10-04 18:17:02 - [MESSAGE][INFO] - Starting 'Edge Chromium' driver

2023-10-04 18:17:02 - [MESSAGE][INFO] - User set preference: ['acceptInsecureCerts', 'true']

2023-10-04 18:17:03 - [MESSAGE][INFO] - Action delay is set to 0 milliseconds

2023-10-04 18:17:05 - [MESSAGE][PASSED] - Browser is opened with url: 'https://10.9.2.63/ecommerce/administrator'

2023-10-04 18:17:05 - [TEST_STEP][PASSED] - maximizeWindow(): Current window maximized

2023-10-04 18:17:06 - [MESSAGE][PASSED] - Current window maximized

2023-10-04 18:17:06 - [TEST_STEP][PASSED] - verifyElementPresent(findTestObject("Login Admin/Verifikasi Halaman Administrator"), 0): Object 'Object Repository/Login Admin/Verifikasi Halaman Administrator' is present

2023-10-04 18:17:06 - [MESSAGE][WARNING] - Timeout '0' is invalid. Using default page load timeout: '30'

2023-10-04 18:17:06 - [MESSAGE][PASSED] - Object 'Object Repository/Login Admin/Verifikasi Halaman Administrator' is present

2023-10-04 18:17:06 - [TEST_STEP][PASSED] - setText(findTestObject("Login Admin/Input Username Admin"), "admin"): Text 'admin' is set on object 'Object Repository/Login Admin/Input Username Admin'

2023-10-04 18:17:07 - [MESSAGE][PASSED] - Text 'admin' is set on object 'Object Repository/Login Admin/Input Username Admin'

2023-10-04 18:17:07 - [TEST_STEP][PASSED] - setEncryptedText(findTestObject("Login Admin/Input Password Admin"), "374mkdZ/lqyNS21oH+MJZQ=="): Text ****** has been set on object 'Object Repository/Login Admin/Input Password Admin'

2023-10-04 18:17:07 - [MESSAGE][PASSED] - Text ****** has been set on object 'Object Repository/Login Admin/Input Password Admin'

2023-10-04 18:17:07 - [TEST_STEP][PASSED] - delay(10): Delayed 10 second(s)

2023-10-04 18:17:17 - [MESSAGE][PASSED] - Delayed 10 second(s)

2023-10-04 18:17:17 - [TEST_STEP][PASSED] - click(findTestObject("Login Admin/Botton Sign In")): Object: 'Object Repository/Login Admin/Botton Sign In' is clicked on

2023-10-04 18:17:19 - [MESSAGE][PASSED] - Object: 'Object Repository/Login Admin/Botton Sign In' is clicked on

2023-10-04 18:17:19 - [TEST_STEP][PASSED] - verifyElementPresent(findTestObject("Login Admin/Verifikasi Halaman Login Admin"), 0): Object 'Object Repository/Login Admin/Verifikasi Halaman Login Admin' is present

2023-10-04 18:17:19 - [MESSAGE][WARNING] - Timeout '0' is invalid. Using default page load timeout: '30'

2023-10-04 18:17:19 - [MESSAGE][PASSED] - Object 'Object Repository/Login Admin/Verifikasi Halaman Login Admin' is present

2023-10-04 18:17:19 - [MESSAGE][PASSED] - Call Test Case 'Test Cases/Login Admin/TC-Login Admin-001' successfully

2023-10-04 18:17:19 - [TEST_STEP][PASSED] - click(findTestObject("Product Admin/Master Market")): Object: 'Object Repository/Product Admin/Master Market' is clicked on

2023-10-04 18:17:20 - [MESSAGE][PASSED] - Object: 'Object Repository/Product Admin/Master Market' is clicked on

2023-10-04 18:17:20 - [TEST_STEP][PASSED] - click(findTestObject("Product Admin/Produk Admin")): Object: 'Object Repository/Product Admin/Produk Admin' is clicked on

2023-10-04 18:17:21 - [MESSAGE][PASSED] - Object: 'Object Repository/Product Admin/Produk Admin' is clicked on

2023-10-04 18:17:21 - [TEST_STEP][PASSED] - verifyElementPresent(findTestObject("Product Admin/Veridikasi Halaman Semua Produk"), 0): Object 'Object Repository/Product Admin/Veridikasi Halaman Semua Produk' is present

2023-10-04 18:17:21 - [MESSAGE][WARNING] - Timeout '0' is invalid. Using default page load timeout: '30'

2023-10-04 18:17:21 - [MESSAGE][PASSED] - Object 'Object Repository/Product Admin/Veridikasi Halaman Semua Produk' is present

2023-10-04 18:17:21 - [MESSAGE][PASSED] - Call Test Case 'Test Cases/Product Admin/TC-PA-001' successfully

2023-10-04 18:17:21 - [TEST_STEP][PASSED] - selectOptionByValue(findTestObject("Product Admin/Show Product"), show, false): All options with value '25' are selected in object 'Object Repository/Product Admin/Show Product' 

2023-10-04 18:17:22 - [MESSAGE][PASSED] - All options with value '25' are selected in object 'Object Repository/Product Admin/Show Product' 

2023-10-04 18:17:22 - [TEST_STEP][PASSED] - dataList = findWebElements(findTestObject("Object Repository/Product Admin/Data No Product"), 10): null

2023-10-04 18:17:23 - [TEST_STEP][PASSED] - assert Integer.parseInt(show) == dataList.size(): null]]></system-out>
         <system-err><![CDATA[]]></system-err>
      </testcase>
      <testcase name="Test Cases/Product Admin/TC-PA-003" time="21.18" classname="Test Cases/Product Admin/TC-PA-003" status="PASSED">
         <system-out><![CDATA[2023-10-04 18:17:23 - [TEST_CASE][PASSED] - Test Cases/Product Admin/TC-PA-003: Test Cases/Product Admin/TC-PA-003

2023-10-04 18:17:23 - [TEST_STEP][PASSED] - callTestCase(findTestCase("Product Admin/TC-PA-001"), [:], STOP_ON_FAILURE): Call Test Case 'Test Cases/Product Admin/TC-PA-001' successfully

2023-10-04 18:17:23 - [TEST_CASE][PASSED] - Test Cases/Product Admin/TC-PA-001: Test Cases/Product Admin/TC-PA-001

2023-10-04 18:17:23 - [TEST_STEP][PASSED] - callTestCase(findTestCase("Login Admin/TC-Login Admin-001"), [:], STOP_ON_FAILURE): Call Test Case 'Test Cases/Login Admin/TC-Login Admin-001' successfully

2023-10-04 18:17:23 - [TEST_CASE][PASSED] - Test Cases/Login Admin/TC-Login Admin-001: Test Cases/Login Admin/TC-Login Admin-001

2023-10-04 18:17:23 - [TEST_STEP][PASSED] - openBrowser(adminTajalapak): Browser is opened with url: 'https://10.9.2.63/ecommerce/administrator'

2023-10-04 18:17:23 - [MESSAGE][WARNING] - A browser is already opened. Closing browser and opening a new one

2023-10-04 18:17:24 - [MESSAGE][INFO] - Starting 'Edge Chromium' driver

2023-10-04 18:17:24 - [MESSAGE][INFO] - User set preference: ['acceptInsecureCerts', 'true']

2023-10-04 18:17:25 - [MESSAGE][INFO] - Action delay is set to 0 milliseconds

2023-10-04 18:17:27 - [MESSAGE][PASSED] - Browser is opened with url: 'https://10.9.2.63/ecommerce/administrator'

2023-10-04 18:17:27 - [TEST_STEP][PASSED] - maximizeWindow(): Current window maximized

2023-10-04 18:17:27 - [MESSAGE][PASSED] - Current window maximized

2023-10-04 18:17:27 - [TEST_STEP][PASSED] - verifyElementPresent(findTestObject("Login Admin/Verifikasi Halaman Administrator"), 0): Object 'Object Repository/Login Admin/Verifikasi Halaman Administrator' is present

2023-10-04 18:17:27 - [MESSAGE][WARNING] - Timeout '0' is invalid. Using default page load timeout: '30'

2023-10-04 18:17:28 - [MESSAGE][PASSED] - Object 'Object Repository/Login Admin/Verifikasi Halaman Administrator' is present

2023-10-04 18:17:28 - [TEST_STEP][PASSED] - setText(findTestObject("Login Admin/Input Username Admin"), "admin"): Text 'admin' is set on object 'Object Repository/Login Admin/Input Username Admin'

2023-10-04 18:17:28 - [MESSAGE][PASSED] - Text 'admin' is set on object 'Object Repository/Login Admin/Input Username Admin'

2023-10-04 18:17:28 - [TEST_STEP][PASSED] - setEncryptedText(findTestObject("Login Admin/Input Password Admin"), "374mkdZ/lqyNS21oH+MJZQ=="): Text ****** has been set on object 'Object Repository/Login Admin/Input Password Admin'

2023-10-04 18:17:29 - [MESSAGE][PASSED] - Text ****** has been set on object 'Object Repository/Login Admin/Input Password Admin'

2023-10-04 18:17:29 - [TEST_STEP][PASSED] - delay(10): Delayed 10 second(s)

2023-10-04 18:17:39 - [MESSAGE][PASSED] - Delayed 10 second(s)

2023-10-04 18:17:39 - [TEST_STEP][PASSED] - click(findTestObject("Login Admin/Botton Sign In")): Object: 'Object Repository/Login Admin/Botton Sign In' is clicked on

2023-10-04 18:17:40 - [MESSAGE][PASSED] - Object: 'Object Repository/Login Admin/Botton Sign In' is clicked on

2023-10-04 18:17:40 - [TEST_STEP][PASSED] - verifyElementPresent(findTestObject("Login Admin/Verifikasi Halaman Login Admin"), 0): Object 'Object Repository/Login Admin/Verifikasi Halaman Login Admin' is present

2023-10-04 18:17:40 - [MESSAGE][WARNING] - Timeout '0' is invalid. Using default page load timeout: '30'

2023-10-04 18:17:41 - [MESSAGE][PASSED] - Object 'Object Repository/Login Admin/Verifikasi Halaman Login Admin' is present

2023-10-04 18:17:41 - [MESSAGE][PASSED] - Call Test Case 'Test Cases/Login Admin/TC-Login Admin-001' successfully

2023-10-04 18:17:41 - [TEST_STEP][PASSED] - click(findTestObject("Product Admin/Master Market")): Object: 'Object Repository/Product Admin/Master Market' is clicked on

2023-10-04 18:17:41 - [MESSAGE][PASSED] - Object: 'Object Repository/Product Admin/Master Market' is clicked on

2023-10-04 18:17:41 - [TEST_STEP][PASSED] - click(findTestObject("Product Admin/Produk Admin")): Object: 'Object Repository/Product Admin/Produk Admin' is clicked on

2023-10-04 18:17:42 - [MESSAGE][PASSED] - Object: 'Object Repository/Product Admin/Produk Admin' is clicked on

2023-10-04 18:17:42 - [TEST_STEP][PASSED] - verifyElementPresent(findTestObject("Product Admin/Veridikasi Halaman Semua Produk"), 0): Object 'Object Repository/Product Admin/Veridikasi Halaman Semua Produk' is present

2023-10-04 18:17:42 - [MESSAGE][WARNING] - Timeout '0' is invalid. Using default page load timeout: '30'

2023-10-04 18:17:43 - [MESSAGE][PASSED] - Object 'Object Repository/Product Admin/Veridikasi Halaman Semua Produk' is present

2023-10-04 18:17:43 - [MESSAGE][PASSED] - Call Test Case 'Test Cases/Product Admin/TC-PA-001' successfully

2023-10-04 18:17:43 - [TEST_STEP][PASSED] - click(findTestObject("Product Admin/Button Sort No")): Object: 'Object Repository/Product Admin/Button Sort No' is clicked on

2023-10-04 18:17:43 - [MESSAGE][PASSED] - Object: 'Object Repository/Product Admin/Button Sort No' is clicked on

2023-10-04 18:17:43 - [TEST_STEP][PASSED] - dataList = findWebElements(findTestObject("Object Repository/Product Admin/Data No Product"), 10): null

2023-10-04 18:17:44 - [TEST_STEP][PASSED] - arrProdukNoOri = []: null

2023-10-04 18:17:44 - [TEST_STEP][PASSED] - arrProdukNoSort = []: null

2023-10-04 18:17:44 - [TEST_STEP][PASSED] - for ([i = 0, i < dataList.size(), (i++)]): null

2023-10-04 18:17:44 - [TEST_STEP][PASSED] - text = text: null

2023-10-04 18:17:44 - [TEST_STEP][PASSED] - arrProdukNoOri[i] = text: null

2023-10-04 18:17:44 - [TEST_STEP][PASSED] - arrProdukNoSort[i] = text: null

2023-10-04 18:17:44 - [TEST_STEP][PASSED] - text = text: null

2023-10-04 18:17:44 - [TEST_STEP][PASSED] - arrProdukNoOri[i] = text: null

2023-10-04 18:17:44 - [TEST_STEP][PASSED] - arrProdukNoSort[i] = text: null

2023-10-04 18:17:44 - [TEST_STEP][PASSED] - text = text: null

2023-10-04 18:17:44 - [TEST_STEP][PASSED] - arrProdukNoOri[i] = text: null

2023-10-04 18:17:44 - [TEST_STEP][PASSED] - arrProdukNoSort[i] = text: null

2023-10-04 18:17:44 - [TEST_STEP][PASSED] - text = text: null

2023-10-04 18:17:44 - [TEST_STEP][PASSED] - arrProdukNoOri[i] = text: null

2023-10-04 18:17:44 - [TEST_STEP][PASSED] - arrProdukNoSort[i] = text: null

2023-10-04 18:17:44 - [TEST_STEP][PASSED] - text = text: null

2023-10-04 18:17:44 - [TEST_STEP][PASSED] - arrProdukNoOri[i] = text: null

2023-10-04 18:17:44 - [TEST_STEP][PASSED] - arrProdukNoSort[i] = text: null

2023-10-04 18:17:44 - [TEST_STEP][PASSED] - text = text: null

2023-10-04 18:17:44 - [TEST_STEP][PASSED] - arrProdukNoOri[i] = text: null

2023-10-04 18:17:44 - [TEST_STEP][PASSED] - arrProdukNoSort[i] = text: null

2023-10-04 18:17:44 - [TEST_STEP][PASSED] - text = text: null

2023-10-04 18:17:44 - [TEST_STEP][PASSED] - arrProdukNoOri[i] = text: null

2023-10-04 18:17:44 - [TEST_STEP][PASSED] - arrProdukNoSort[i] = text: null

2023-10-04 18:17:44 - [TEST_STEP][PASSED] - text = text: null

2023-10-04 18:17:44 - [TEST_STEP][PASSED] - arrProdukNoOri[i] = text: null

2023-10-04 18:17:44 - [TEST_STEP][PASSED] - arrProdukNoSort[i] = text: null

2023-10-04 18:17:44 - [TEST_STEP][PASSED] - text = text: null

2023-10-04 18:17:44 - [TEST_STEP][PASSED] - arrProdukNoOri[i] = text: null

2023-10-04 18:17:44 - [TEST_STEP][PASSED] - arrProdukNoSort[i] = text: null

2023-10-04 18:17:44 - [TEST_STEP][PASSED] - text = text: null

2023-10-04 18:17:44 - [TEST_STEP][PASSED] - arrProdukNoOri[i] = text: null

2023-10-04 18:17:44 - [TEST_STEP][PASSED] - arrProdukNoSort[i] = text: null

2023-10-04 18:17:44 - [TEST_STEP][PASSED] - Arrays.sort(arrProdukNoSort, Collections.reverseOrder()): null

2023-10-04 18:17:44 - [TEST_STEP][PASSED] - assert arrProdukNoOri == arrProdukNoSort: null]]></system-out>
         <system-err><![CDATA[]]></system-err>
      </testcase>
      <testcase name="Test Cases/Product Admin/TC-PA-004" time="23.455" classname="Test Cases/Product Admin/TC-PA-004" status="PASSED">
         <system-out><![CDATA[2023-10-04 18:17:44 - [TEST_CASE][PASSED] - Test Cases/Product Admin/TC-PA-004: Test Cases/Product Admin/TC-PA-004

2023-10-04 18:17:44 - [TEST_STEP][PASSED] - callTestCase(findTestCase("Product Admin/TC-PA-003"), [:], STOP_ON_FAILURE): Call Test Case 'Test Cases/Product Admin/TC-PA-003' successfully

2023-10-04 18:17:44 - [TEST_CASE][PASSED] - Test Cases/Product Admin/TC-PA-003: Test Cases/Product Admin/TC-PA-003

2023-10-04 18:17:44 - [TEST_STEP][PASSED] - callTestCase(findTestCase("Product Admin/TC-PA-001"), [:], STOP_ON_FAILURE): Call Test Case 'Test Cases/Product Admin/TC-PA-001' successfully

2023-10-04 18:17:45 - [TEST_CASE][PASSED] - Test Cases/Product Admin/TC-PA-001: Test Cases/Product Admin/TC-PA-001

2023-10-04 18:17:45 - [TEST_STEP][PASSED] - callTestCase(findTestCase("Login Admin/TC-Login Admin-001"), [:], STOP_ON_FAILURE): Call Test Case 'Test Cases/Login Admin/TC-Login Admin-001' successfully

2023-10-04 18:17:45 - [TEST_CASE][PASSED] - Test Cases/Login Admin/TC-Login Admin-001: Test Cases/Login Admin/TC-Login Admin-001

2023-10-04 18:17:45 - [TEST_STEP][PASSED] - openBrowser(adminTajalapak): Browser is opened with url: 'https://10.9.2.63/ecommerce/administrator'

2023-10-04 18:17:45 - [MESSAGE][WARNING] - A browser is already opened. Closing browser and opening a new one

2023-10-04 18:17:46 - [MESSAGE][INFO] - Starting 'Edge Chromium' driver

2023-10-04 18:17:46 - [MESSAGE][INFO] - User set preference: ['acceptInsecureCerts', 'true']

2023-10-04 18:17:46 - [MESSAGE][INFO] - Action delay is set to 0 milliseconds

2023-10-04 18:17:49 - [MESSAGE][PASSED] - Browser is opened with url: 'https://10.9.2.63/ecommerce/administrator'

2023-10-04 18:17:49 - [TEST_STEP][PASSED] - maximizeWindow(): Current window maximized

2023-10-04 18:17:49 - [MESSAGE][PASSED] - Current window maximized

2023-10-04 18:17:49 - [TEST_STEP][PASSED] - verifyElementPresent(findTestObject("Login Admin/Verifikasi Halaman Administrator"), 0): Object 'Object Repository/Login Admin/Verifikasi Halaman Administrator' is present

2023-10-04 18:17:49 - [MESSAGE][WARNING] - Timeout '0' is invalid. Using default page load timeout: '30'

2023-10-04 18:17:49 - [MESSAGE][PASSED] - Object 'Object Repository/Login Admin/Verifikasi Halaman Administrator' is present

2023-10-04 18:17:49 - [TEST_STEP][PASSED] - setText(findTestObject("Login Admin/Input Username Admin"), "admin"): Text 'admin' is set on object 'Object Repository/Login Admin/Input Username Admin'

2023-10-04 18:17:50 - [MESSAGE][PASSED] - Text 'admin' is set on object 'Object Repository/Login Admin/Input Username Admin'

2023-10-04 18:17:50 - [TEST_STEP][PASSED] - setEncryptedText(findTestObject("Login Admin/Input Password Admin"), "374mkdZ/lqyNS21oH+MJZQ=="): Text ****** has been set on object 'Object Repository/Login Admin/Input Password Admin'

2023-10-04 18:17:51 - [MESSAGE][PASSED] - Text ****** has been set on object 'Object Repository/Login Admin/Input Password Admin'

2023-10-04 18:17:51 - [TEST_STEP][PASSED] - delay(10): Delayed 10 second(s)

2023-10-04 18:18:01 - [MESSAGE][PASSED] - Delayed 10 second(s)

2023-10-04 18:18:01 - [TEST_STEP][PASSED] - click(findTestObject("Login Admin/Botton Sign In")): Object: 'Object Repository/Login Admin/Botton Sign In' is clicked on

2023-10-04 18:18:02 - [MESSAGE][PASSED] - Object: 'Object Repository/Login Admin/Botton Sign In' is clicked on

2023-10-04 18:18:02 - [TEST_STEP][PASSED] - verifyElementPresent(findTestObject("Login Admin/Verifikasi Halaman Login Admin"), 0): Object 'Object Repository/Login Admin/Verifikasi Halaman Login Admin' is present

2023-10-04 18:18:02 - [MESSAGE][WARNING] - Timeout '0' is invalid. Using default page load timeout: '30'

2023-10-04 18:18:03 - [MESSAGE][PASSED] - Object 'Object Repository/Login Admin/Verifikasi Halaman Login Admin' is present

2023-10-04 18:18:03 - [MESSAGE][PASSED] - Call Test Case 'Test Cases/Login Admin/TC-Login Admin-001' successfully

2023-10-04 18:18:03 - [TEST_STEP][PASSED] - click(findTestObject("Product Admin/Master Market")): Object: 'Object Repository/Product Admin/Master Market' is clicked on

2023-10-04 18:18:03 - [MESSAGE][PASSED] - Object: 'Object Repository/Product Admin/Master Market' is clicked on

2023-10-04 18:18:03 - [TEST_STEP][PASSED] - click(findTestObject("Product Admin/Produk Admin")): Object: 'Object Repository/Product Admin/Produk Admin' is clicked on

2023-10-04 18:18:05 - [MESSAGE][PASSED] - Object: 'Object Repository/Product Admin/Produk Admin' is clicked on

2023-10-04 18:18:05 - [TEST_STEP][PASSED] - verifyElementPresent(findTestObject("Product Admin/Veridikasi Halaman Semua Produk"), 0): Object 'Object Repository/Product Admin/Veridikasi Halaman Semua Produk' is present

2023-10-04 18:18:05 - [MESSAGE][WARNING] - Timeout '0' is invalid. Using default page load timeout: '30'

2023-10-04 18:18:05 - [MESSAGE][PASSED] - Object 'Object Repository/Product Admin/Veridikasi Halaman Semua Produk' is present

2023-10-04 18:18:05 - [MESSAGE][PASSED] - Call Test Case 'Test Cases/Product Admin/TC-PA-001' successfully

2023-10-04 18:18:05 - [TEST_STEP][PASSED] - click(findTestObject("Product Admin/Button Sort No")): Object: 'Object Repository/Product Admin/Button Sort No' is clicked on

2023-10-04 18:18:06 - [MESSAGE][PASSED] - Object: 'Object Repository/Product Admin/Button Sort No' is clicked on

2023-10-04 18:18:06 - [TEST_STEP][PASSED] - dataList = findWebElements(findTestObject("Object Repository/Product Admin/Data No Product"), 10): null

2023-10-04 18:18:06 - [TEST_STEP][PASSED] - arrProdukNoOri = []: null

2023-10-04 18:18:06 - [TEST_STEP][PASSED] - arrProdukNoSort = []: null

2023-10-04 18:18:06 - [TEST_STEP][PASSED] - for ([i = 0, i < dataList.size(), (i++)]): null

2023-10-04 18:18:06 - [TEST_STEP][PASSED] - text = text: null

2023-10-04 18:18:06 - [TEST_STEP][PASSED] - arrProdukNoOri[i] = text: null

2023-10-04 18:18:06 - [TEST_STEP][PASSED] - arrProdukNoSort[i] = text: null

2023-10-04 18:18:06 - [TEST_STEP][PASSED] - text = text: null

2023-10-04 18:18:06 - [TEST_STEP][PASSED] - arrProdukNoOri[i] = text: null

2023-10-04 18:18:06 - [TEST_STEP][PASSED] - arrProdukNoSort[i] = text: null

2023-10-04 18:18:06 - [TEST_STEP][PASSED] - text = text: null

2023-10-04 18:18:06 - [TEST_STEP][PASSED] - arrProdukNoOri[i] = text: null

2023-10-04 18:18:06 - [TEST_STEP][PASSED] - arrProdukNoSort[i] = text: null

2023-10-04 18:18:06 - [TEST_STEP][PASSED] - text = text: null

2023-10-04 18:18:06 - [TEST_STEP][PASSED] - arrProdukNoOri[i] = text: null

2023-10-04 18:18:06 - [TEST_STEP][PASSED] - arrProdukNoSort[i] = text: null

2023-10-04 18:18:06 - [TEST_STEP][PASSED] - text = text: null

2023-10-04 18:18:06 - [TEST_STEP][PASSED] - arrProdukNoOri[i] = text: null

2023-10-04 18:18:06 - [TEST_STEP][PASSED] - arrProdukNoSort[i] = text: null

2023-10-04 18:18:06 - [TEST_STEP][PASSED] - text = text: null

2023-10-04 18:18:06 - [TEST_STEP][PASSED] - arrProdukNoOri[i] = text: null

2023-10-04 18:18:06 - [TEST_STEP][PASSED] - arrProdukNoSort[i] = text: null

2023-10-04 18:18:06 - [TEST_STEP][PASSED] - text = text: null

2023-10-04 18:18:06 - [TEST_STEP][PASSED] - arrProdukNoOri[i] = text: null

2023-10-04 18:18:06 - [TEST_STEP][PASSED] - arrProdukNoSort[i] = text: null

2023-10-04 18:18:06 - [TEST_STEP][PASSED] - text = text: null

2023-10-04 18:18:06 - [TEST_STEP][PASSED] - arrProdukNoOri[i] = text: null

2023-10-04 18:18:06 - [TEST_STEP][PASSED] - arrProdukNoSort[i] = text: null

2023-10-04 18:18:06 - [TEST_STEP][PASSED] - text = text: null

2023-10-04 18:18:06 - [TEST_STEP][PASSED] - arrProdukNoOri[i] = text: null

2023-10-04 18:18:06 - [TEST_STEP][PASSED] - arrProdukNoSort[i] = text: null

2023-10-04 18:18:06 - [TEST_STEP][PASSED] - text = text: null

2023-10-04 18:18:06 - [TEST_STEP][PASSED] - arrProdukNoOri[i] = text: null

2023-10-04 18:18:06 - [TEST_STEP][PASSED] - arrProdukNoSort[i] = text: null

2023-10-04 18:18:06 - [TEST_STEP][PASSED] - Arrays.sort(arrProdukNoSort, Collections.reverseOrder()): null

2023-10-04 18:18:06 - [TEST_STEP][PASSED] - assert arrProdukNoOri == arrProdukNoSort: null

2023-10-04 18:18:06 - [MESSAGE][PASSED] - Call Test Case 'Test Cases/Product Admin/TC-PA-003' successfully

2023-10-04 18:18:06 - [TEST_STEP][PASSED] - click(findTestObject("Product Admin/Button Sort No")): Object: 'Object Repository/Product Admin/Button Sort No' is clicked on

2023-10-04 18:18:07 - [MESSAGE][PASSED] - Object: 'Object Repository/Product Admin/Button Sort No' is clicked on

2023-10-04 18:18:07 - [TEST_STEP][PASSED] - dataList = findWebElements(findTestObject("Object Repository/Product Admin/Data No Product"), 10): null

2023-10-04 18:18:07 - [TEST_STEP][PASSED] - arrProdukNoOri = []: null

2023-10-04 18:18:07 - [TEST_STEP][PASSED] - arrProdukNoSort = []: null

2023-10-04 18:18:07 - [TEST_STEP][PASSED] - for ([i = 0, i < dataList.size(), (i++)]): null

2023-10-04 18:18:07 - [TEST_STEP][PASSED] - text = text: null

2023-10-04 18:18:07 - [TEST_STEP][PASSED] - arrProdukNoOri[i] = Integer.parseInt(text): null

2023-10-04 18:18:07 - [TEST_STEP][PASSED] - arrProdukNoSort[i] = Integer.parseInt(text): null

2023-10-04 18:18:07 - [TEST_STEP][PASSED] - text = text: null

2023-10-04 18:18:07 - [TEST_STEP][PASSED] - arrProdukNoOri[i] = Integer.parseInt(text): null

2023-10-04 18:18:07 - [TEST_STEP][PASSED] - arrProdukNoSort[i] = Integer.parseInt(text): null

2023-10-04 18:18:07 - [TEST_STEP][PASSED] - text = text: null

2023-10-04 18:18:07 - [TEST_STEP][PASSED] - arrProdukNoOri[i] = Integer.parseInt(text): null

2023-10-04 18:18:07 - [TEST_STEP][PASSED] - arrProdukNoSort[i] = Integer.parseInt(text): null

2023-10-04 18:18:07 - [TEST_STEP][PASSED] - text = text: null

2023-10-04 18:18:07 - [TEST_STEP][PASSED] - arrProdukNoOri[i] = Integer.parseInt(text): null

2023-10-04 18:18:07 - [TEST_STEP][PASSED] - arrProdukNoSort[i] = Integer.parseInt(text): null

2023-10-04 18:18:07 - [TEST_STEP][PASSED] - text = text: null

2023-10-04 18:18:07 - [TEST_STEP][PASSED] - arrProdukNoOri[i] = Integer.parseInt(text): null

2023-10-04 18:18:07 - [TEST_STEP][PASSED] - arrProdukNoSort[i] = Integer.parseInt(text): null

2023-10-04 18:18:07 - [TEST_STEP][PASSED] - text = text: null

2023-10-04 18:18:07 - [TEST_STEP][PASSED] - arrProdukNoOri[i] = Integer.parseInt(text): null

2023-10-04 18:18:07 - [TEST_STEP][PASSED] - arrProdukNoSort[i] = Integer.parseInt(text): null

2023-10-04 18:18:07 - [TEST_STEP][PASSED] - text = text: null

2023-10-04 18:18:07 - [TEST_STEP][PASSED] - arrProdukNoOri[i] = Integer.parseInt(text): null

2023-10-04 18:18:07 - [TEST_STEP][PASSED] - arrProdukNoSort[i] = Integer.parseInt(text): null

2023-10-04 18:18:07 - [TEST_STEP][PASSED] - text = text: null

2023-10-04 18:18:07 - [TEST_STEP][PASSED] - arrProdukNoOri[i] = Integer.parseInt(text): null

2023-10-04 18:18:07 - [TEST_STEP][PASSED] - arrProdukNoSort[i] = Integer.parseInt(text): null

2023-10-04 18:18:07 - [TEST_STEP][PASSED] - text = text: null

2023-10-04 18:18:07 - [TEST_STEP][PASSED] - arrProdukNoOri[i] = Integer.parseInt(text): null

2023-10-04 18:18:07 - [TEST_STEP][PASSED] - arrProdukNoSort[i] = Integer.parseInt(text): null

2023-10-04 18:18:07 - [TEST_STEP][PASSED] - text = text: null

2023-10-04 18:18:07 - [TEST_STEP][PASSED] - arrProdukNoOri[i] = Integer.parseInt(text): null

2023-10-04 18:18:07 - [TEST_STEP][PASSED] - arrProdukNoSort[i] = Integer.parseInt(text): null

2023-10-04 18:18:07 - [TEST_STEP][PASSED] - Arrays.sort(arrProdukNoSort): null

2023-10-04 18:18:07 - [TEST_STEP][PASSED] - assert arrProdukNoOri == arrProdukNoSort: null]]></system-out>
         <system-err><![CDATA[]]></system-err>
      </testcase>
      <testcase name="Test Cases/Product Admin/TC-PA-005" time="23.061" classname="Test Cases/Product Admin/TC-PA-005" status="FAILED">
         <failure type="FAILED" message="Test Cases/Product Admin/TC-PA-005 FAILED.
Reason:
Assertion failed: 

assert arrProdukNameOri == arrProdukNameSort
       |                |  |
       |                |  [ACER Swift 7 (SF713-51) (Core i7-7Y75) - Gold, APPLE MacBook Pro - Space Gray - Intel Core i5 2.3GHz, Baju Koko Kharismatik, Baju Koko Kids 0 - 9 tahun, Baju Koko Kids 0 - 9 tahun, Black Cotton Puplin Semi Wol Red White URI-12, Casio Pro, Consina Expert Series Lunara Biru Gelap, Consina Expert Series Lunara Biru Gelapp, cincin kawin buat ayangmu]
       |                false
       [ACER Swift 7 (SF713-51) (Core i7-7Y75) - Gold, APPLE MacBook Pro - Space Gray - Intel Core i5 2.3GHz, Baju Koko Kharismatik, Baju Koko Kids 0 - 9 tahun, Baju Koko Kids 0 - 9 tahun, Black Cotton Puplin Semi Wol Red White URI-12, Casio Pro, cincin kawin buat ayangmu, Consina Expert Series Lunara Biru Gelap, Consina Expert Series Lunara Biru Gelapp]

	at TC-PA-005.run(TC-PA-005:45)
	at com.kms.katalon.core.main.ScriptEngine.run(ScriptEngine.java:194)
	at com.kms.katalon.core.main.ScriptEngine.runScriptAsRawText(ScriptEngine.java:119)
	at com.kms.katalon.core.main.TestCaseExecutor.runScript(TestCaseExecutor.java:448)
	at com.kms.katalon.core.main.TestCaseExecutor.doExecute(TestCaseExecutor.java:439)
	at com.kms.katalon.core.main.TestCaseExecutor.processExecutionPhase(TestCaseExecutor.java:418)
	at com.kms.katalon.core.main.TestCaseExecutor.accessMainPhase(TestCaseExecutor.java:410)
	at com.kms.katalon.core.main.TestCaseExecutor.execute(TestCaseExecutor.java:285)
	at com.kms.katalon.core.common.CommonExecutor.accessTestCaseMainPhase(CommonExecutor.java:65)
	at com.kms.katalon.core.main.TestSuiteExecutor.accessTestSuiteMainPhase(TestSuiteExecutor.java:148)
	at com.kms.katalon.core.main.TestSuiteExecutor.execute(TestSuiteExecutor.java:106)
	at com.kms.katalon.core.main.TestCaseMain.startTestSuite(TestCaseMain.java:187)
	at com.kms.katalon.core.main.TestCaseMain$startTestSuite$0.call(Unknown Source)
	at TempTestSuite1696418169597.run(TempTestSuite1696418169597.groovy:36)
"/>
         <system-out><![CDATA[2023-10-04 18:18:07 - [TEST_CASE][FAILED] - Test Cases/Product Admin/TC-PA-005: Test Cases/Product Admin/TC-PA-005 FAILED.
Reason:
Assertion failed: 

assert arrProdukNameOri == arrProdukNameSort
       |                |  |
       |                |  [ACER Swift 7 (SF713-51) (Core i7-7Y75) - Gold, APPLE MacBook Pro - Space Gray - Intel Core i5 2.3GHz, Baju Koko Kharismatik, Baju Koko Kids 0 - 9 tahun, Baju Koko Kids 0 - 9 tahun, Black Cotton Puplin Semi Wol Red White URI-12, Casio Pro, Consina Expert Series Lunara Biru Gelap, Consina Expert Series Lunara Biru Gelapp, cincin kawin buat ayangmu]
       |                false
       [ACER Swift 7 (SF713-51) (Core i7-7Y75) - Gold, APPLE MacBook Pro - Space Gray - Intel Core i5 2.3GHz, Baju Koko Kharismatik, Baju Koko Kids 0 - 9 tahun, Baju Koko Kids 0 - 9 tahun, Black Cotton Puplin Semi Wol Red White URI-12, Casio Pro, cincin kawin buat ayangmu, Consina Expert Series Lunara Biru Gelap, Consina Expert Series Lunara Biru Gelapp]

	at TC-PA-005.run(TC-PA-005:45)
	at com.kms.katalon.core.main.ScriptEngine.run(ScriptEngine.java:194)
	at com.kms.katalon.core.main.ScriptEngine.runScriptAsRawText(ScriptEngine.java:119)
	at com.kms.katalon.core.main.TestCaseExecutor.runScript(TestCaseExecutor.java:448)
	at com.kms.katalon.core.main.TestCaseExecutor.doExecute(TestCaseExecutor.java:439)
	at com.kms.katalon.core.main.TestCaseExecutor.processExecutionPhase(TestCaseExecutor.java:418)
	at com.kms.katalon.core.main.TestCaseExecutor.accessMainPhase(TestCaseExecutor.java:410)
	at com.kms.katalon.core.main.TestCaseExecutor.execute(TestCaseExecutor.java:285)
	at com.kms.katalon.core.common.CommonExecutor.accessTestCaseMainPhase(CommonExecutor.java:65)
	at com.kms.katalon.core.main.TestSuiteExecutor.accessTestSuiteMainPhase(TestSuiteExecutor.java:148)
	at com.kms.katalon.core.main.TestSuiteExecutor.execute(TestSuiteExecutor.java:106)
	at com.kms.katalon.core.main.TestCaseMain.startTestSuite(TestCaseMain.java:187)
	at com.kms.katalon.core.main.TestCaseMain$startTestSuite$0.call(Unknown Source)
	at TempTestSuite1696418169597.run(TempTestSuite1696418169597.groovy:36)


2023-10-04 18:18:08 - [TEST_STEP][PASSED] - callTestCase(findTestCase("Product Admin/TC-PA-001"), [:], STOP_ON_FAILURE): Call Test Case 'Test Cases/Product Admin/TC-PA-001' successfully

2023-10-04 18:18:08 - [TEST_CASE][PASSED] - Test Cases/Product Admin/TC-PA-001: Test Cases/Product Admin/TC-PA-001

2023-10-04 18:18:08 - [TEST_STEP][PASSED] - callTestCase(findTestCase("Login Admin/TC-Login Admin-001"), [:], STOP_ON_FAILURE): Call Test Case 'Test Cases/Login Admin/TC-Login Admin-001' successfully

2023-10-04 18:18:08 - [TEST_CASE][PASSED] - Test Cases/Login Admin/TC-Login Admin-001: Test Cases/Login Admin/TC-Login Admin-001

2023-10-04 18:18:08 - [TEST_STEP][PASSED] - openBrowser(adminTajalapak): Browser is opened with url: 'https://10.9.2.63/ecommerce/administrator'

2023-10-04 18:18:08 - [MESSAGE][WARNING] - A browser is already opened. Closing browser and opening a new one

2023-10-04 18:18:09 - [MESSAGE][INFO] - Starting 'Edge Chromium' driver

2023-10-04 18:18:09 - [MESSAGE][INFO] - User set preference: ['acceptInsecureCerts', 'true']

2023-10-04 18:18:09 - [MESSAGE][INFO] - Action delay is set to 0 milliseconds

2023-10-04 18:18:13 - [MESSAGE][PASSED] - Browser is opened with url: 'https://10.9.2.63/ecommerce/administrator'

2023-10-04 18:18:13 - [TEST_STEP][PASSED] - maximizeWindow(): Current window maximized

2023-10-04 18:18:13 - [MESSAGE][PASSED] - Current window maximized

2023-10-04 18:18:13 - [TEST_STEP][PASSED] - verifyElementPresent(findTestObject("Login Admin/Verifikasi Halaman Administrator"), 0): Object 'Object Repository/Login Admin/Verifikasi Halaman Administrator' is present

2023-10-04 18:18:13 - [MESSAGE][WARNING] - Timeout '0' is invalid. Using default page load timeout: '30'

2023-10-04 18:18:13 - [MESSAGE][PASSED] - Object 'Object Repository/Login Admin/Verifikasi Halaman Administrator' is present

2023-10-04 18:18:13 - [TEST_STEP][PASSED] - setText(findTestObject("Login Admin/Input Username Admin"), "admin"): Text 'admin' is set on object 'Object Repository/Login Admin/Input Username Admin'

2023-10-04 18:18:14 - [MESSAGE][PASSED] - Text 'admin' is set on object 'Object Repository/Login Admin/Input Username Admin'

2023-10-04 18:18:14 - [TEST_STEP][PASSED] - setEncryptedText(findTestObject("Login Admin/Input Password Admin"), "374mkdZ/lqyNS21oH+MJZQ=="): Text ****** has been set on object 'Object Repository/Login Admin/Input Password Admin'

2023-10-04 18:18:15 - [MESSAGE][PASSED] - Text ****** has been set on object 'Object Repository/Login Admin/Input Password Admin'

2023-10-04 18:18:15 - [TEST_STEP][PASSED] - delay(10): Delayed 10 second(s)

2023-10-04 18:18:25 - [MESSAGE][PASSED] - Delayed 10 second(s)

2023-10-04 18:18:25 - [TEST_STEP][PASSED] - click(findTestObject("Login Admin/Botton Sign In")): Object: 'Object Repository/Login Admin/Botton Sign In' is clicked on

2023-10-04 18:18:27 - [MESSAGE][PASSED] - Object: 'Object Repository/Login Admin/Botton Sign In' is clicked on

2023-10-04 18:18:27 - [TEST_STEP][PASSED] - verifyElementPresent(findTestObject("Login Admin/Verifikasi Halaman Login Admin"), 0): Object 'Object Repository/Login Admin/Verifikasi Halaman Login Admin' is present

2023-10-04 18:18:27 - [MESSAGE][WARNING] - Timeout '0' is invalid. Using default page load timeout: '30'

2023-10-04 18:18:27 - [MESSAGE][PASSED] - Object 'Object Repository/Login Admin/Verifikasi Halaman Login Admin' is present

2023-10-04 18:18:27 - [MESSAGE][PASSED] - Call Test Case 'Test Cases/Login Admin/TC-Login Admin-001' successfully

2023-10-04 18:18:27 - [TEST_STEP][PASSED] - click(findTestObject("Product Admin/Master Market")): Object: 'Object Repository/Product Admin/Master Market' is clicked on

2023-10-04 18:18:28 - [MESSAGE][PASSED] - Object: 'Object Repository/Product Admin/Master Market' is clicked on

2023-10-04 18:18:28 - [TEST_STEP][PASSED] - click(findTestObject("Product Admin/Produk Admin")): Object: 'Object Repository/Product Admin/Produk Admin' is clicked on

2023-10-04 18:18:29 - [MESSAGE][PASSED] - Object: 'Object Repository/Product Admin/Produk Admin' is clicked on

2023-10-04 18:18:29 - [TEST_STEP][PASSED] - verifyElementPresent(findTestObject("Product Admin/Veridikasi Halaman Semua Produk"), 0): Object 'Object Repository/Product Admin/Veridikasi Halaman Semua Produk' is present

2023-10-04 18:18:29 - [MESSAGE][WARNING] - Timeout '0' is invalid. Using default page load timeout: '30'

2023-10-04 18:18:29 - [MESSAGE][PASSED] - Object 'Object Repository/Product Admin/Veridikasi Halaman Semua Produk' is present

2023-10-04 18:18:29 - [MESSAGE][PASSED] - Call Test Case 'Test Cases/Product Admin/TC-PA-001' successfully

2023-10-04 18:18:29 - [TEST_STEP][PASSED] - click(findTestObject("Product Admin/Button Sort Nama Produk")): Object: 'Object Repository/Product Admin/Button Sort Nama Produk' is clicked on

2023-10-04 18:18:30 - [MESSAGE][PASSED] - Object: 'Object Repository/Product Admin/Button Sort Nama Produk' is clicked on

2023-10-04 18:18:30 - [TEST_STEP][PASSED] - dataList = findWebElements(findTestObject("Object Repository/Product Admin/Data Nama Produk"), 10): null

2023-10-04 18:18:30 - [TEST_STEP][PASSED] - arrProdukNameOri = []: null

2023-10-04 18:18:30 - [TEST_STEP][PASSED] - arrProdukNameSort = []: null

2023-10-04 18:18:30 - [TEST_STEP][PASSED] - for ([i = 0, i < dataList.size(), (i++)]): null

2023-10-04 18:18:30 - [TEST_STEP][PASSED] - text = text: null

2023-10-04 18:18:30 - [TEST_STEP][PASSED] - arrProdukNameOri[i] = text: null

2023-10-04 18:18:30 - [TEST_STEP][PASSED] - arrProdukNameSort[i] = text: null

2023-10-04 18:18:30 - [TEST_STEP][PASSED] - text = text: null

2023-10-04 18:18:30 - [TEST_STEP][PASSED] - arrProdukNameOri[i] = text: null

2023-10-04 18:18:30 - [TEST_STEP][PASSED] - arrProdukNameSort[i] = text: null

2023-10-04 18:18:30 - [TEST_STEP][PASSED] - text = text: null

2023-10-04 18:18:30 - [TEST_STEP][PASSED] - arrProdukNameOri[i] = text: null

2023-10-04 18:18:30 - [TEST_STEP][PASSED] - arrProdukNameSort[i] = text: null

2023-10-04 18:18:30 - [TEST_STEP][PASSED] - text = text: null

2023-10-04 18:18:30 - [TEST_STEP][PASSED] - arrProdukNameOri[i] = text: null

2023-10-04 18:18:30 - [TEST_STEP][PASSED] - arrProdukNameSort[i] = text: null

2023-10-04 18:18:30 - [TEST_STEP][PASSED] - text = text: null

2023-10-04 18:18:30 - [TEST_STEP][PASSED] - arrProdukNameOri[i] = text: null

2023-10-04 18:18:30 - [TEST_STEP][PASSED] - arrProdukNameSort[i] = text: null

2023-10-04 18:18:30 - [TEST_STEP][PASSED] - text = text: null

2023-10-04 18:18:30 - [TEST_STEP][PASSED] - arrProdukNameOri[i] = text: null

2023-10-04 18:18:30 - [TEST_STEP][PASSED] - arrProdukNameSort[i] = text: null

2023-10-04 18:18:30 - [TEST_STEP][PASSED] - text = text: null

2023-10-04 18:18:30 - [TEST_STEP][PASSED] - arrProdukNameOri[i] = text: null

2023-10-04 18:18:30 - [TEST_STEP][PASSED] - arrProdukNameSort[i] = text: null

2023-10-04 18:18:30 - [TEST_STEP][PASSED] - text = text: null

2023-10-04 18:18:30 - [TEST_STEP][PASSED] - arrProdukNameOri[i] = text: null

2023-10-04 18:18:30 - [TEST_STEP][PASSED] - arrProdukNameSort[i] = text: null

2023-10-04 18:18:30 - [TEST_STEP][PASSED] - text = text: null

2023-10-04 18:18:30 - [TEST_STEP][PASSED] - arrProdukNameOri[i] = text: null

2023-10-04 18:18:30 - [TEST_STEP][PASSED] - arrProdukNameSort[i] = text: null

2023-10-04 18:18:30 - [TEST_STEP][PASSED] - text = text: null

2023-10-04 18:18:30 - [TEST_STEP][PASSED] - arrProdukNameOri[i] = text: null

2023-10-04 18:18:30 - [TEST_STEP][PASSED] - arrProdukNameSort[i] = text: null

2023-10-04 18:18:30 - [TEST_STEP][PASSED] - Arrays.sort(arrProdukNameSort): null

2023-10-04 18:18:30 - [TEST_STEP][PASSED] - println(arrProdukNameOri): null

2023-10-04 18:18:30 - [TEST_STEP][PASSED] - println(arrProdukNameSort): null

2023-10-04 18:18:30 - [TEST_STEP][FAILED] - assert arrProdukNameOri == arrProdukNameSort: Test Cases/Product Admin/TC-PA-005 FAILED.
Reason:
Assertion failed: 

assert arrProdukNameOri == arrProdukNameSort
       |                |  |
       |                |  [ACER Swift 7 (SF713-51) (Core i7-7Y75) - Gold, APPLE MacBook Pro - Space Gray - Intel Core i5 2.3GHz, Baju Koko Kharismatik, Baju Koko Kids 0 - 9 tahun, Baju Koko Kids 0 - 9 tahun, Black Cotton Puplin Semi Wol Red White URI-12, Casio Pro, Consina Expert Series Lunara Biru Gelap, Consina Expert Series Lunara Biru Gelapp, cincin kawin buat ayangmu]
       |                false
       [ACER Swift 7 (SF713-51) (Core i7-7Y75) - Gold, APPLE MacBook Pro - Space Gray - Intel Core i5 2.3GHz, Baju Koko Kharismatik, Baju Koko Kids 0 - 9 tahun, Baju Koko Kids 0 - 9 tahun, Black Cotton Puplin Semi Wol Red White URI-12, Casio Pro, cincin kawin buat ayangmu, Consina Expert Series Lunara Biru Gelap, Consina Expert Series Lunara Biru Gelapp]

	at TC-PA-005.run(TC-PA-005:45)
	at com.kms.katalon.core.main.ScriptEngine.run(ScriptEngine.java:194)
	at com.kms.katalon.core.main.ScriptEngine.runScriptAsRawText(ScriptEngine.java:119)
	at com.kms.katalon.core.main.TestCaseExecutor.runScript(TestCaseExecutor.java:448)
	at com.kms.katalon.core.main.TestCaseExecutor.doExecute(TestCaseExecutor.java:439)
	at com.kms.katalon.core.main.TestCaseExecutor.processExecutionPhase(TestCaseExecutor.java:418)
	at com.kms.katalon.core.main.TestCaseExecutor.accessMainPhase(TestCaseExecutor.java:410)
	at com.kms.katalon.core.main.TestCaseExecutor.execute(TestCaseExecutor.java:285)
	at com.kms.katalon.core.common.CommonExecutor.accessTestCaseMainPhase(CommonExecutor.java:65)
	at com.kms.katalon.core.main.TestSuiteExecutor.accessTestSuiteMainPhase(TestSuiteExecutor.java:148)
	at com.kms.katalon.core.main.TestSuiteExecutor.execute(TestSuiteExecutor.java:106)
	at com.kms.katalon.core.main.TestCaseMain.startTestSuite(TestCaseMain.java:187)
	at com.kms.katalon.core.main.TestCaseMain$startTestSuite$0.call(Unknown Source)
	at TempTestSuite1696418169597.run(TempTestSuite1696418169597.groovy:36)


2023-10-04 18:18:30 - [MESSAGE][FAILED] - Test Cases/Product Admin/TC-PA-005 FAILED.
Reason:
Assertion failed: 

assert arrProdukNameOri == arrProdukNameSort
       |                |  |
       |                |  [ACER Swift 7 (SF713-51) (Core i7-7Y75) - Gold, APPLE MacBook Pro - Space Gray - Intel Core i5 2.3GHz, Baju Koko Kharismatik, Baju Koko Kids 0 - 9 tahun, Baju Koko Kids 0 - 9 tahun, Black Cotton Puplin Semi Wol Red White URI-12, Casio Pro, Consina Expert Series Lunara Biru Gelap, Consina Expert Series Lunara Biru Gelapp, cincin kawin buat ayangmu]
       |                false
       [ACER Swift 7 (SF713-51) (Core i7-7Y75) - Gold, APPLE MacBook Pro - Space Gray - Intel Core i5 2.3GHz, Baju Koko Kharismatik, Baju Koko Kids 0 - 9 tahun, Baju Koko Kids 0 - 9 tahun, Black Cotton Puplin Semi Wol Red White URI-12, Casio Pro, cincin kawin buat ayangmu, Consina Expert Series Lunara Biru Gelap, Consina Expert Series Lunara Biru Gelapp]

	at TC-PA-005.run(TC-PA-005:45)
	at com.kms.katalon.core.main.ScriptEngine.run(ScriptEngine.java:194)
	at com.kms.katalon.core.main.ScriptEngine.runScriptAsRawText(ScriptEngine.java:119)
	at com.kms.katalon.core.main.TestCaseExecutor.runScript(TestCaseExecutor.java:448)
	at com.kms.katalon.core.main.TestCaseExecutor.doExecute(TestCaseExecutor.java:439)
	at com.kms.katalon.core.main.TestCaseExecutor.processExecutionPhase(TestCaseExecutor.java:418)
	at com.kms.katalon.core.main.TestCaseExecutor.accessMainPhase(TestCaseExecutor.java:410)
	at com.kms.katalon.core.main.TestCaseExecutor.execute(TestCaseExecutor.java:285)
	at com.kms.katalon.core.common.CommonExecutor.accessTestCaseMainPhase(CommonExecutor.java:65)
	at com.kms.katalon.core.main.TestSuiteExecutor.accessTestSuiteMainPhase(TestSuiteExecutor.java:148)
	at com.kms.katalon.core.main.TestSuiteExecutor.execute(TestSuiteExecutor.java:106)
	at com.kms.katalon.core.main.TestCaseMain.startTestSuite(TestCaseMain.java:187)
	at com.kms.katalon.core.main.TestCaseMain$startTestSuite$0.call(Unknown Source)
	at TempTestSuite1696418169597.run(TempTestSuite1696418169597.groovy:36)]]></system-out>
         <system-err><![CDATA[2023-10-04 18:18:07 - [TEST_CASE][FAILED] - Test Cases/Product Admin/TC-PA-005: Test Cases/Product Admin/TC-PA-005 FAILED.
Reason:
Assertion failed: 

assert arrProdukNameOri == arrProdukNameSort
       |                |  |
       |                |  [ACER Swift 7 (SF713-51) (Core i7-7Y75) - Gold, APPLE MacBook Pro - Space Gray - Intel Core i5 2.3GHz, Baju Koko Kharismatik, Baju Koko Kids 0 - 9 tahun, Baju Koko Kids 0 - 9 tahun, Black Cotton Puplin Semi Wol Red White URI-12, Casio Pro, Consina Expert Series Lunara Biru Gelap, Consina Expert Series Lunara Biru Gelapp, cincin kawin buat ayangmu]
       |                false
       [ACER Swift 7 (SF713-51) (Core i7-7Y75) - Gold, APPLE MacBook Pro - Space Gray - Intel Core i5 2.3GHz, Baju Koko Kharismatik, Baju Koko Kids 0 - 9 tahun, Baju Koko Kids 0 - 9 tahun, Black Cotton Puplin Semi Wol Red White URI-12, Casio Pro, cincin kawin buat ayangmu, Consina Expert Series Lunara Biru Gelap, Consina Expert Series Lunara Biru Gelapp]

	at TC-PA-005.run(TC-PA-005:45)
	at com.kms.katalon.core.main.ScriptEngine.run(ScriptEngine.java:194)
	at com.kms.katalon.core.main.ScriptEngine.runScriptAsRawText(ScriptEngine.java:119)
	at com.kms.katalon.core.main.TestCaseExecutor.runScript(TestCaseExecutor.java:448)
	at com.kms.katalon.core.main.TestCaseExecutor.doExecute(TestCaseExecutor.java:439)
	at com.kms.katalon.core.main.TestCaseExecutor.processExecutionPhase(TestCaseExecutor.java:418)
	at com.kms.katalon.core.main.TestCaseExecutor.accessMainPhase(TestCaseExecutor.java:410)
	at com.kms.katalon.core.main.TestCaseExecutor.execute(TestCaseExecutor.java:285)
	at com.kms.katalon.core.common.CommonExecutor.accessTestCaseMainPhase(CommonExecutor.java:65)
	at com.kms.katalon.core.main.TestSuiteExecutor.accessTestSuiteMainPhase(TestSuiteExecutor.java:148)
	at com.kms.katalon.core.main.TestSuiteExecutor.execute(TestSuiteExecutor.java:106)
	at com.kms.katalon.core.main.TestCaseMain.startTestSuite(TestCaseMain.java:187)
	at com.kms.katalon.core.main.TestCaseMain$startTestSuite$0.call(Unknown Source)
	at TempTestSuite1696418169597.run(TempTestSuite1696418169597.groovy:36)]]></system-err>
      </testcase>
      <testcase name="Test Cases/Product Admin/TC-PA-006" time="22.98" classname="Test Cases/Product Admin/TC-PA-006" status="FAILED">
         <failure type="FAILED" message="Test Cases/Product Admin/TC-PA-006 FAILED.
Reason:
com.kms.katalon.core.exception.StepFailedException: Call Test Case 'Test Cases/Product Admin/TC-PA-005' failed
	at com.kms.katalon.core.keyword.builtin.CallTestCaseKeyword$_callTestCase_closure1.doCall(CallTestCaseKeyword.groovy:63)
	at com.kms.katalon.core.keyword.builtin.CallTestCaseKeyword$_callTestCase_closure1.call(CallTestCaseKeyword.groovy)
	at com.kms.katalon.core.keyword.internal.KeywordMain.runKeyword(KeywordMain.groovy:75)
	at com.kms.katalon.core.keyword.builtin.CallTestCaseKeyword.callTestCase(CallTestCaseKeyword.groovy:81)
	at com.kms.katalon.core.keyword.builtin.CallTestCaseKeyword.execute(CallTestCaseKeyword.groovy:44)
	at com.kms.katalon.core.keyword.internal.KeywordExecutor.executeKeywordForPlatform(KeywordExecutor.groovy:74)
	at com.kms.katalon.core.keyword.BuiltinKeywords.callTestCase(BuiltinKeywords.groovy:310)
	at TC-PA-006.run(TC-PA-006:21)
	at com.kms.katalon.core.main.ScriptEngine.run(ScriptEngine.java:194)
	at com.kms.katalon.core.main.ScriptEngine.runScriptAsRawText(ScriptEngine.java:119)
	at com.kms.katalon.core.main.TestCaseExecutor.runScript(TestCaseExecutor.java:448)
	at com.kms.katalon.core.main.TestCaseExecutor.doExecute(TestCaseExecutor.java:439)
	at com.kms.katalon.core.main.TestCaseExecutor.processExecutionPhase(TestCaseExecutor.java:418)
	at com.kms.katalon.core.main.TestCaseExecutor.accessMainPhase(TestCaseExecutor.java:410)
	at com.kms.katalon.core.main.TestCaseExecutor.execute(TestCaseExecutor.java:285)
	at com.kms.katalon.core.common.CommonExecutor.accessTestCaseMainPhase(CommonExecutor.java:65)
	at com.kms.katalon.core.main.TestSuiteExecutor.accessTestSuiteMainPhase(TestSuiteExecutor.java:148)
	at com.kms.katalon.core.main.TestSuiteExecutor.execute(TestSuiteExecutor.java:106)
	at com.kms.katalon.core.main.TestCaseMain.startTestSuite(TestCaseMain.java:187)
	at com.kms.katalon.core.main.TestCaseMain$startTestSuite$0.call(Unknown Source)
	at TempTestSuite1696418169597.run(TempTestSuite1696418169597.groovy:36)
Caused by: Assertion failed: 

assert arrProdukNameOri == arrProdukNameSort
       |                |  |
       |                |  [ACER Swift 7 (SF713-51) (Core i7-7Y75) - Gold, APPLE MacBook Pro - Space Gray - Intel Core i5 2.3GHz, Baju Koko Kharismatik, Baju Koko Kids 0 - 9 tahun, Baju Koko Kids 0 - 9 tahun, Black Cotton Puplin Semi Wol Red White URI-12, Casio Pro, Consina Expert Series Lunara Biru Gelap, Consina Expert Series Lunara Biru Gelapp, cincin kawin buat ayangmu]
       |                false
       [ACER Swift 7 (SF713-51) (Core i7-7Y75) - Gold, APPLE MacBook Pro - Space Gray - Intel Core i5 2.3GHz, Baju Koko Kharismatik, Baju Koko Kids 0 - 9 tahun, Baju Koko Kids 0 - 9 tahun, Black Cotton Puplin Semi Wol Red White URI-12, Casio Pro, cincin kawin buat ayangmu, Consina Expert Series Lunara Biru Gelap, Consina Expert Series Lunara Biru Gelapp]

	at TC-PA-005.run(TC-PA-005:45)
	at com.kms.katalon.core.main.ScriptEngine.run(ScriptEngine.java:194)
	at com.kms.katalon.core.main.ScriptEngine.runScriptAsRawText(ScriptEngine.java:119)
	at com.kms.katalon.core.main.TestCaseExecutor.runScript(TestCaseExecutor.java:448)
	at com.kms.katalon.core.main.TestCaseExecutor.doExecute(TestCaseExecutor.java:439)
	at com.kms.katalon.core.main.TestCaseExecutor.processExecutionPhase(TestCaseExecutor.java:418)
	at com.kms.katalon.core.main.TestCaseExecutor.accessMainPhase(TestCaseExecutor.java:410)
	at com.kms.katalon.core.main.TestCaseExecutor.execute(TestCaseExecutor.java:285)
	at com.kms.katalon.core.main.TestCaseMain.runTestCase(TestCaseMain.java:144)
	at com.kms.katalon.core.keyword.builtin.CallTestCaseKeyword$_callTestCase_closure1.doCall(CallTestCaseKeyword.groovy:59)
	... 20 more
"/>
         <system-out><![CDATA[2023-10-04 18:18:30 - [TEST_CASE][FAILED] - Test Cases/Product Admin/TC-PA-006: Test Cases/Product Admin/TC-PA-006 FAILED.
Reason:
com.kms.katalon.core.exception.StepFailedException: Call Test Case 'Test Cases/Product Admin/TC-PA-005' failed
	at com.kms.katalon.core.keyword.builtin.CallTestCaseKeyword$_callTestCase_closure1.doCall(CallTestCaseKeyword.groovy:63)
	at com.kms.katalon.core.keyword.builtin.CallTestCaseKeyword$_callTestCase_closure1.call(CallTestCaseKeyword.groovy)
	at com.kms.katalon.core.keyword.internal.KeywordMain.runKeyword(KeywordMain.groovy:75)
	at com.kms.katalon.core.keyword.builtin.CallTestCaseKeyword.callTestCase(CallTestCaseKeyword.groovy:81)
	at com.kms.katalon.core.keyword.builtin.CallTestCaseKeyword.execute(CallTestCaseKeyword.groovy:44)
	at com.kms.katalon.core.keyword.internal.KeywordExecutor.executeKeywordForPlatform(KeywordExecutor.groovy:74)
	at com.kms.katalon.core.keyword.BuiltinKeywords.callTestCase(BuiltinKeywords.groovy:310)
	at TC-PA-006.run(TC-PA-006:21)
	at com.kms.katalon.core.main.ScriptEngine.run(ScriptEngine.java:194)
	at com.kms.katalon.core.main.ScriptEngine.runScriptAsRawText(ScriptEngine.java:119)
	at com.kms.katalon.core.main.TestCaseExecutor.runScript(TestCaseExecutor.java:448)
	at com.kms.katalon.core.main.TestCaseExecutor.doExecute(TestCaseExecutor.java:439)
	at com.kms.katalon.core.main.TestCaseExecutor.processExecutionPhase(TestCaseExecutor.java:418)
	at com.kms.katalon.core.main.TestCaseExecutor.accessMainPhase(TestCaseExecutor.java:410)
	at com.kms.katalon.core.main.TestCaseExecutor.execute(TestCaseExecutor.java:285)
	at com.kms.katalon.core.common.CommonExecutor.accessTestCaseMainPhase(CommonExecutor.java:65)
	at com.kms.katalon.core.main.TestSuiteExecutor.accessTestSuiteMainPhase(TestSuiteExecutor.java:148)
	at com.kms.katalon.core.main.TestSuiteExecutor.execute(TestSuiteExecutor.java:106)
	at com.kms.katalon.core.main.TestCaseMain.startTestSuite(TestCaseMain.java:187)
	at com.kms.katalon.core.main.TestCaseMain$startTestSuite$0.call(Unknown Source)
	at TempTestSuite1696418169597.run(TempTestSuite1696418169597.groovy:36)
Caused by: Assertion failed: 

assert arrProdukNameOri == arrProdukNameSort
       |                |  |
       |                |  [ACER Swift 7 (SF713-51) (Core i7-7Y75) - Gold, APPLE MacBook Pro - Space Gray - Intel Core i5 2.3GHz, Baju Koko Kharismatik, Baju Koko Kids 0 - 9 tahun, Baju Koko Kids 0 - 9 tahun, Black Cotton Puplin Semi Wol Red White URI-12, Casio Pro, Consina Expert Series Lunara Biru Gelap, Consina Expert Series Lunara Biru Gelapp, cincin kawin buat ayangmu]
       |                false
       [ACER Swift 7 (SF713-51) (Core i7-7Y75) - Gold, APPLE MacBook Pro - Space Gray - Intel Core i5 2.3GHz, Baju Koko Kharismatik, Baju Koko Kids 0 - 9 tahun, Baju Koko Kids 0 - 9 tahun, Black Cotton Puplin Semi Wol Red White URI-12, Casio Pro, cincin kawin buat ayangmu, Consina Expert Series Lunara Biru Gelap, Consina Expert Series Lunara Biru Gelapp]

	at TC-PA-005.run(TC-PA-005:45)
	at com.kms.katalon.core.main.ScriptEngine.run(ScriptEngine.java:194)
	at com.kms.katalon.core.main.ScriptEngine.runScriptAsRawText(ScriptEngine.java:119)
	at com.kms.katalon.core.main.TestCaseExecutor.runScript(TestCaseExecutor.java:448)
	at com.kms.katalon.core.main.TestCaseExecutor.doExecute(TestCaseExecutor.java:439)
	at com.kms.katalon.core.main.TestCaseExecutor.processExecutionPhase(TestCaseExecutor.java:418)
	at com.kms.katalon.core.main.TestCaseExecutor.accessMainPhase(TestCaseExecutor.java:410)
	at com.kms.katalon.core.main.TestCaseExecutor.execute(TestCaseExecutor.java:285)
	at com.kms.katalon.core.main.TestCaseMain.runTestCase(TestCaseMain.java:144)
	at com.kms.katalon.core.keyword.builtin.CallTestCaseKeyword$_callTestCase_closure1.doCall(CallTestCaseKeyword.groovy:59)
	... 20 more


2023-10-04 18:18:31 - [TEST_STEP][FAILED] - callTestCase(findTestCase("Product Admin/TC-PA-005"), [:], STOP_ON_FAILURE): Unable to call Test Case 'Test Cases/Product Admin/TC-PA-005' (Root cause: com.kms.katalon.core.exception.StepFailedException: Call Test Case 'Test Cases/Product Admin/TC-PA-005' failed
	at com.kms.katalon.core.keyword.builtin.CallTestCaseKeyword$_callTestCase_closure1.doCall(CallTestCaseKeyword.groovy:63)
	at com.kms.katalon.core.keyword.builtin.CallTestCaseKeyword$_callTestCase_closure1.call(CallTestCaseKeyword.groovy)
	at com.kms.katalon.core.keyword.internal.KeywordMain.runKeyword(KeywordMain.groovy:75)
	at com.kms.katalon.core.keyword.builtin.CallTestCaseKeyword.callTestCase(CallTestCaseKeyword.groovy:81)
	at com.kms.katalon.core.keyword.builtin.CallTestCaseKeyword.execute(CallTestCaseKeyword.groovy:44)
	at com.kms.katalon.core.keyword.internal.KeywordExecutor.executeKeywordForPlatform(KeywordExecutor.groovy:74)
	at com.kms.katalon.core.keyword.BuiltinKeywords.callTestCase(BuiltinKeywords.groovy:310)
	at TC-PA-006.run(TC-PA-006:21)
	at com.kms.katalon.core.main.ScriptEngine.run(ScriptEngine.java:194)
	at com.kms.katalon.core.main.ScriptEngine.runScriptAsRawText(ScriptEngine.java:119)
	at com.kms.katalon.core.main.TestCaseExecutor.runScript(TestCaseExecutor.java:448)
	at com.kms.katalon.core.main.TestCaseExecutor.doExecute(TestCaseExecutor.java:439)
	at com.kms.katalon.core.main.TestCaseExecutor.processExecutionPhase(TestCaseExecutor.java:418)
	at com.kms.katalon.core.main.TestCaseExecutor.accessMainPhase(TestCaseExecutor.java:410)
	at com.kms.katalon.core.main.TestCaseExecutor.execute(TestCaseExecutor.java:285)
	at com.kms.katalon.core.common.CommonExecutor.accessTestCaseMainPhase(CommonExecutor.java:65)
	at com.kms.katalon.core.main.TestSuiteExecutor.accessTestSuiteMainPhase(TestSuiteExecutor.java:148)
	at com.kms.katalon.core.main.TestSuiteExecutor.execute(TestSuiteExecutor.java:106)
	at com.kms.katalon.core.main.TestCaseMain.startTestSuite(TestCaseMain.java:187)
	at com.kms.katalon.core.main.TestCaseMain$startTestSuite$0.call(Unknown Source)
	at TempTestSuite1696418169597.run(TempTestSuite1696418169597.groovy:36)
Caused by: Assertion failed: 

assert arrProdukNameOri == arrProdukNameSort
       |                |  |
       |                |  [ACER Swift 7 (SF713-51) (Core i7-7Y75) - Gold, APPLE MacBook Pro - Space Gray - Intel Core i5 2.3GHz, Baju Koko Kharismatik, Baju Koko Kids 0 - 9 tahun, Baju Koko Kids 0 - 9 tahun, Black Cotton Puplin Semi Wol Red White URI-12, Casio Pro, Consina Expert Series Lunara Biru Gelap, Consina Expert Series Lunara Biru Gelapp, cincin kawin buat ayangmu]
       |                false
       [ACER Swift 7 (SF713-51) (Core i7-7Y75) - Gold, APPLE MacBook Pro - Space Gray - Intel Core i5 2.3GHz, Baju Koko Kharismatik, Baju Koko Kids 0 - 9 tahun, Baju Koko Kids 0 - 9 tahun, Black Cotton Puplin Semi Wol Red White URI-12, Casio Pro, cincin kawin buat ayangmu, Consina Expert Series Lunara Biru Gelap, Consina Expert Series Lunara Biru Gelapp]

	at TC-PA-005.run(TC-PA-005:45)
	at com.kms.katalon.core.main.ScriptEngine.run(ScriptEngine.java:194)
	at com.kms.katalon.core.main.ScriptEngine.runScriptAsRawText(ScriptEngine.java:119)
	at com.kms.katalon.core.main.TestCaseExecutor.runScript(TestCaseExecutor.java:448)
	at com.kms.katalon.core.main.TestCaseExecutor.doExecute(TestCaseExecutor.java:439)
	at com.kms.katalon.core.main.TestCaseExecutor.processExecutionPhase(TestCaseExecutor.java:418)
	at com.kms.katalon.core.main.TestCaseExecutor.accessMainPhase(TestCaseExecutor.java:410)
	at com.kms.katalon.core.main.TestCaseExecutor.execute(TestCaseExecutor.java:285)
	at com.kms.katalon.core.main.TestCaseMain.runTestCase(TestCaseMain.java:144)
	at com.kms.katalon.core.keyword.builtin.CallTestCaseKeyword$_callTestCase_closure1.doCall(CallTestCaseKeyword.groovy:59)
	... 20 more
)

2023-10-04 18:18:31 - [TEST_CASE][FAILED] - Test Cases/Product Admin/TC-PA-005: Test Cases/Product Admin/TC-PA-005 FAILED.
Reason:
Assertion failed: 

assert arrProdukNameOri == arrProdukNameSort
       |                |  |
       |                |  [ACER Swift 7 (SF713-51) (Core i7-7Y75) - Gold, APPLE MacBook Pro - Space Gray - Intel Core i5 2.3GHz, Baju Koko Kharismatik, Baju Koko Kids 0 - 9 tahun, Baju Koko Kids 0 - 9 tahun, Black Cotton Puplin Semi Wol Red White URI-12, Casio Pro, Consina Expert Series Lunara Biru Gelap, Consina Expert Series Lunara Biru Gelapp, cincin kawin buat ayangmu]
       |                false
       [ACER Swift 7 (SF713-51) (Core i7-7Y75) - Gold, APPLE MacBook Pro - Space Gray - Intel Core i5 2.3GHz, Baju Koko Kharismatik, Baju Koko Kids 0 - 9 tahun, Baju Koko Kids 0 - 9 tahun, Black Cotton Puplin Semi Wol Red White URI-12, Casio Pro, cincin kawin buat ayangmu, Consina Expert Series Lunara Biru Gelap, Consina Expert Series Lunara Biru Gelapp]

	at TC-PA-005.run(TC-PA-005:45)
	at com.kms.katalon.core.main.ScriptEngine.run(ScriptEngine.java:194)
	at com.kms.katalon.core.main.ScriptEngine.runScriptAsRawText(ScriptEngine.java:119)
	at com.kms.katalon.core.main.TestCaseExecutor.runScript(TestCaseExecutor.java:448)
	at com.kms.katalon.core.main.TestCaseExecutor.doExecute(TestCaseExecutor.java:439)
	at com.kms.katalon.core.main.TestCaseExecutor.processExecutionPhase(TestCaseExecutor.java:418)
	at com.kms.katalon.core.main.TestCaseExecutor.accessMainPhase(TestCaseExecutor.java:410)
	at com.kms.katalon.core.main.TestCaseExecutor.execute(TestCaseExecutor.java:285)
	at com.kms.katalon.core.main.TestCaseMain.runTestCase(TestCaseMain.java:144)
	at com.kms.katalon.core.keyword.builtin.CallTestCaseKeyword$_callTestCase_closure1.doCall(CallTestCaseKeyword.groovy:59)
	at com.kms.katalon.core.keyword.builtin.CallTestCaseKeyword$_callTestCase_closure1.call(CallTestCaseKeyword.groovy)
	at com.kms.katalon.core.keyword.internal.KeywordMain.runKeyword(KeywordMain.groovy:75)
	at com.kms.katalon.core.keyword.builtin.CallTestCaseKeyword.callTestCase(CallTestCaseKeyword.groovy:81)
	at com.kms.katalon.core.keyword.builtin.CallTestCaseKeyword.execute(CallTestCaseKeyword.groovy:44)
	at com.kms.katalon.core.keyword.internal.KeywordExecutor.executeKeywordForPlatform(KeywordExecutor.groovy:74)
	at com.kms.katalon.core.keyword.BuiltinKeywords.callTestCase(BuiltinKeywords.groovy:310)
	at TC-PA-006.run(TC-PA-006:21)
	at com.kms.katalon.core.main.ScriptEngine.run(ScriptEngine.java:194)
	at com.kms.katalon.core.main.ScriptEngine.runScriptAsRawText(ScriptEngine.java:119)
	at com.kms.katalon.core.main.TestCaseExecutor.runScript(TestCaseExecutor.java:448)
	at com.kms.katalon.core.main.TestCaseExecutor.doExecute(TestCaseExecutor.java:439)
	at com.kms.katalon.core.main.TestCaseExecutor.processExecutionPhase(TestCaseExecutor.java:418)
	at com.kms.katalon.core.main.TestCaseExecutor.accessMainPhase(TestCaseExecutor.java:410)
	at com.kms.katalon.core.main.TestCaseExecutor.execute(TestCaseExecutor.java:285)
	at com.kms.katalon.core.common.CommonExecutor.accessTestCaseMainPhase(CommonExecutor.java:65)
	at com.kms.katalon.core.main.TestSuiteExecutor.accessTestSuiteMainPhase(TestSuiteExecutor.java:148)
	at com.kms.katalon.core.main.TestSuiteExecutor.execute(TestSuiteExecutor.java:106)
	at com.kms.katalon.core.main.TestCaseMain.startTestSuite(TestCaseMain.java:187)
	at com.kms.katalon.core.main.TestCaseMain$startTestSuite$0.call(Unknown Source)
	at TempTestSuite1696418169597.run(TempTestSuite1696418169597.groovy:36)


2023-10-04 18:18:31 - [TEST_STEP][PASSED] - callTestCase(findTestCase("Product Admin/TC-PA-001"), [:], STOP_ON_FAILURE): Call Test Case 'Test Cases/Product Admin/TC-PA-001' successfully

2023-10-04 18:18:31 - [TEST_CASE][PASSED] - Test Cases/Product Admin/TC-PA-001: Test Cases/Product Admin/TC-PA-001

2023-10-04 18:18:31 - [TEST_STEP][PASSED] - callTestCase(findTestCase("Login Admin/TC-Login Admin-001"), [:], STOP_ON_FAILURE): Call Test Case 'Test Cases/Login Admin/TC-Login Admin-001' successfully

2023-10-04 18:18:31 - [TEST_CASE][PASSED] - Test Cases/Login Admin/TC-Login Admin-001: Test Cases/Login Admin/TC-Login Admin-001

2023-10-04 18:18:31 - [TEST_STEP][PASSED] - openBrowser(adminTajalapak): Browser is opened with url: 'https://10.9.2.63/ecommerce/administrator'

2023-10-04 18:18:31 - [MESSAGE][WARNING] - A browser is already opened. Closing browser and opening a new one

2023-10-04 18:18:32 - [MESSAGE][INFO] - Starting 'Edge Chromium' driver

2023-10-04 18:18:32 - [MESSAGE][INFO] - User set preference: ['acceptInsecureCerts', 'true']

2023-10-04 18:18:33 - [MESSAGE][INFO] - Action delay is set to 0 milliseconds

2023-10-04 18:18:36 - [MESSAGE][PASSED] - Browser is opened with url: 'https://10.9.2.63/ecommerce/administrator'

2023-10-04 18:18:36 - [TEST_STEP][PASSED] - maximizeWindow(): Current window maximized

2023-10-04 18:18:36 - [MESSAGE][PASSED] - Current window maximized

2023-10-04 18:18:36 - [TEST_STEP][PASSED] - verifyElementPresent(findTestObject("Login Admin/Verifikasi Halaman Administrator"), 0): Object 'Object Repository/Login Admin/Verifikasi Halaman Administrator' is present

2023-10-04 18:18:36 - [MESSAGE][WARNING] - Timeout '0' is invalid. Using default page load timeout: '30'

2023-10-04 18:18:36 - [MESSAGE][PASSED] - Object 'Object Repository/Login Admin/Verifikasi Halaman Administrator' is present

2023-10-04 18:18:36 - [TEST_STEP][PASSED] - setText(findTestObject("Login Admin/Input Username Admin"), "admin"): Text 'admin' is set on object 'Object Repository/Login Admin/Input Username Admin'

2023-10-04 18:18:37 - [MESSAGE][PASSED] - Text 'admin' is set on object 'Object Repository/Login Admin/Input Username Admin'

2023-10-04 18:18:37 - [TEST_STEP][PASSED] - setEncryptedText(findTestObject("Login Admin/Input Password Admin"), "374mkdZ/lqyNS21oH+MJZQ=="): Text ****** has been set on object 'Object Repository/Login Admin/Input Password Admin'

2023-10-04 18:18:38 - [MESSAGE][PASSED] - Text ****** has been set on object 'Object Repository/Login Admin/Input Password Admin'

2023-10-04 18:18:38 - [TEST_STEP][PASSED] - delay(10): Delayed 10 second(s)

2023-10-04 18:18:48 - [MESSAGE][PASSED] - Delayed 10 second(s)

2023-10-04 18:18:48 - [TEST_STEP][PASSED] - click(findTestObject("Login Admin/Botton Sign In")): Object: 'Object Repository/Login Admin/Botton Sign In' is clicked on

2023-10-04 18:18:49 - [MESSAGE][PASSED] - Object: 'Object Repository/Login Admin/Botton Sign In' is clicked on

2023-10-04 18:18:49 - [TEST_STEP][PASSED] - verifyElementPresent(findTestObject("Login Admin/Verifikasi Halaman Login Admin"), 0): Object 'Object Repository/Login Admin/Verifikasi Halaman Login Admin' is present

2023-10-04 18:18:49 - [MESSAGE][WARNING] - Timeout '0' is invalid. Using default page load timeout: '30'

2023-10-04 18:18:50 - [MESSAGE][PASSED] - Object 'Object Repository/Login Admin/Verifikasi Halaman Login Admin' is present

2023-10-04 18:18:50 - [MESSAGE][PASSED] - Call Test Case 'Test Cases/Login Admin/TC-Login Admin-001' successfully

2023-10-04 18:18:50 - [TEST_STEP][PASSED] - click(findTestObject("Product Admin/Master Market")): Object: 'Object Repository/Product Admin/Master Market' is clicked on

2023-10-04 18:18:50 - [MESSAGE][PASSED] - Object: 'Object Repository/Product Admin/Master Market' is clicked on

2023-10-04 18:18:50 - [TEST_STEP][PASSED] - click(findTestObject("Product Admin/Produk Admin")): Object: 'Object Repository/Product Admin/Produk Admin' is clicked on

2023-10-04 18:18:52 - [MESSAGE][PASSED] - Object: 'Object Repository/Product Admin/Produk Admin' is clicked on

2023-10-04 18:18:52 - [TEST_STEP][PASSED] - verifyElementPresent(findTestObject("Product Admin/Veridikasi Halaman Semua Produk"), 0): Object 'Object Repository/Product Admin/Veridikasi Halaman Semua Produk' is present

2023-10-04 18:18:52 - [MESSAGE][WARNING] - Timeout '0' is invalid. Using default page load timeout: '30'

2023-10-04 18:18:52 - [MESSAGE][PASSED] - Object 'Object Repository/Product Admin/Veridikasi Halaman Semua Produk' is present

2023-10-04 18:18:52 - [MESSAGE][PASSED] - Call Test Case 'Test Cases/Product Admin/TC-PA-001' successfully

2023-10-04 18:18:52 - [TEST_STEP][PASSED] - click(findTestObject("Product Admin/Button Sort Nama Produk")): Object: 'Object Repository/Product Admin/Button Sort Nama Produk' is clicked on

2023-10-04 18:18:53 - [MESSAGE][PASSED] - Object: 'Object Repository/Product Admin/Button Sort Nama Produk' is clicked on

2023-10-04 18:18:53 - [TEST_STEP][PASSED] - dataList = findWebElements(findTestObject("Object Repository/Product Admin/Data Nama Produk"), 10): null

2023-10-04 18:18:53 - [TEST_STEP][PASSED] - arrProdukNameOri = []: null

2023-10-04 18:18:53 - [TEST_STEP][PASSED] - arrProdukNameSort = []: null

2023-10-04 18:18:53 - [TEST_STEP][PASSED] - for ([i = 0, i < dataList.size(), (i++)]): null

2023-10-04 18:18:53 - [TEST_STEP][PASSED] - text = text: null

2023-10-04 18:18:53 - [TEST_STEP][PASSED] - arrProdukNameOri[i] = text: null

2023-10-04 18:18:53 - [TEST_STEP][PASSED] - arrProdukNameSort[i] = text: null

2023-10-04 18:18:53 - [TEST_STEP][PASSED] - text = text: null

2023-10-04 18:18:53 - [TEST_STEP][PASSED] - arrProdukNameOri[i] = text: null

2023-10-04 18:18:53 - [TEST_STEP][PASSED] - arrProdukNameSort[i] = text: null

2023-10-04 18:18:53 - [TEST_STEP][PASSED] - text = text: null

2023-10-04 18:18:53 - [TEST_STEP][PASSED] - arrProdukNameOri[i] = text: null

2023-10-04 18:18:53 - [TEST_STEP][PASSED] - arrProdukNameSort[i] = text: null

2023-10-04 18:18:53 - [TEST_STEP][PASSED] - text = text: null

2023-10-04 18:18:53 - [TEST_STEP][PASSED] - arrProdukNameOri[i] = text: null

2023-10-04 18:18:53 - [TEST_STEP][PASSED] - arrProdukNameSort[i] = text: null

2023-10-04 18:18:53 - [TEST_STEP][PASSED] - text = text: null

2023-10-04 18:18:53 - [TEST_STEP][PASSED] - arrProdukNameOri[i] = text: null

2023-10-04 18:18:53 - [TEST_STEP][PASSED] - arrProdukNameSort[i] = text: null

2023-10-04 18:18:53 - [TEST_STEP][PASSED] - text = text: null

2023-10-04 18:18:53 - [TEST_STEP][PASSED] - arrProdukNameOri[i] = text: null

2023-10-04 18:18:53 - [TEST_STEP][PASSED] - arrProdukNameSort[i] = text: null

2023-10-04 18:18:53 - [TEST_STEP][PASSED] - text = text: null

2023-10-04 18:18:53 - [TEST_STEP][PASSED] - arrProdukNameOri[i] = text: null

2023-10-04 18:18:53 - [TEST_STEP][PASSED] - arrProdukNameSort[i] = text: null

2023-10-04 18:18:53 - [TEST_STEP][PASSED] - text = text: null

2023-10-04 18:18:53 - [TEST_STEP][PASSED] - arrProdukNameOri[i] = text: null

2023-10-04 18:18:53 - [TEST_STEP][PASSED] - arrProdukNameSort[i] = text: null

2023-10-04 18:18:53 - [TEST_STEP][PASSED] - text = text: null

2023-10-04 18:18:53 - [TEST_STEP][PASSED] - arrProdukNameOri[i] = text: null

2023-10-04 18:18:53 - [TEST_STEP][PASSED] - arrProdukNameSort[i] = text: null

2023-10-04 18:18:53 - [TEST_STEP][PASSED] - text = text: null

2023-10-04 18:18:53 - [TEST_STEP][PASSED] - arrProdukNameOri[i] = text: null

2023-10-04 18:18:53 - [TEST_STEP][PASSED] - arrProdukNameSort[i] = text: null

2023-10-04 18:18:53 - [TEST_STEP][PASSED] - Arrays.sort(arrProdukNameSort): null

2023-10-04 18:18:53 - [TEST_STEP][PASSED] - println(arrProdukNameOri): null

2023-10-04 18:18:53 - [TEST_STEP][PASSED] - println(arrProdukNameSort): null

2023-10-04 18:18:53 - [TEST_STEP][FAILED] - assert arrProdukNameOri == arrProdukNameSort: Test Cases/Product Admin/TC-PA-005 FAILED.
Reason:
Assertion failed: 

assert arrProdukNameOri == arrProdukNameSort
       |                |  |
       |                |  [ACER Swift 7 (SF713-51) (Core i7-7Y75) - Gold, APPLE MacBook Pro - Space Gray - Intel Core i5 2.3GHz, Baju Koko Kharismatik, Baju Koko Kids 0 - 9 tahun, Baju Koko Kids 0 - 9 tahun, Black Cotton Puplin Semi Wol Red White URI-12, Casio Pro, Consina Expert Series Lunara Biru Gelap, Consina Expert Series Lunara Biru Gelapp, cincin kawin buat ayangmu]
       |                false
       [ACER Swift 7 (SF713-51) (Core i7-7Y75) - Gold, APPLE MacBook Pro - Space Gray - Intel Core i5 2.3GHz, Baju Koko Kharismatik, Baju Koko Kids 0 - 9 tahun, Baju Koko Kids 0 - 9 tahun, Black Cotton Puplin Semi Wol Red White URI-12, Casio Pro, cincin kawin buat ayangmu, Consina Expert Series Lunara Biru Gelap, Consina Expert Series Lunara Biru Gelapp]

	at TC-PA-005.run(TC-PA-005:45)
	at com.kms.katalon.core.main.ScriptEngine.run(ScriptEngine.java:194)
	at com.kms.katalon.core.main.ScriptEngine.runScriptAsRawText(ScriptEngine.java:119)
	at com.kms.katalon.core.main.TestCaseExecutor.runScript(TestCaseExecutor.java:448)
	at com.kms.katalon.core.main.TestCaseExecutor.doExecute(TestCaseExecutor.java:439)
	at com.kms.katalon.core.main.TestCaseExecutor.processExecutionPhase(TestCaseExecutor.java:418)
	at com.kms.katalon.core.main.TestCaseExecutor.accessMainPhase(TestCaseExecutor.java:410)
	at com.kms.katalon.core.main.TestCaseExecutor.execute(TestCaseExecutor.java:285)
	at com.kms.katalon.core.main.TestCaseMain.runTestCase(TestCaseMain.java:144)
	at com.kms.katalon.core.keyword.builtin.CallTestCaseKeyword$_callTestCase_closure1.doCall(CallTestCaseKeyword.groovy:59)
	at com.kms.katalon.core.keyword.builtin.CallTestCaseKeyword$_callTestCase_closure1.call(CallTestCaseKeyword.groovy)
	at com.kms.katalon.core.keyword.internal.KeywordMain.runKeyword(KeywordMain.groovy:75)
	at com.kms.katalon.core.keyword.builtin.CallTestCaseKeyword.callTestCase(CallTestCaseKeyword.groovy:81)
	at com.kms.katalon.core.keyword.builtin.CallTestCaseKeyword.execute(CallTestCaseKeyword.groovy:44)
	at com.kms.katalon.core.keyword.internal.KeywordExecutor.executeKeywordForPlatform(KeywordExecutor.groovy:74)
	at com.kms.katalon.core.keyword.BuiltinKeywords.callTestCase(BuiltinKeywords.groovy:310)
	at TC-PA-006.run(TC-PA-006:21)
	at com.kms.katalon.core.main.ScriptEngine.run(ScriptEngine.java:194)
	at com.kms.katalon.core.main.ScriptEngine.runScriptAsRawText(ScriptEngine.java:119)
	at com.kms.katalon.core.main.TestCaseExecutor.runScript(TestCaseExecutor.java:448)
	at com.kms.katalon.core.main.TestCaseExecutor.doExecute(TestCaseExecutor.java:439)
	at com.kms.katalon.core.main.TestCaseExecutor.processExecutionPhase(TestCaseExecutor.java:418)
	at com.kms.katalon.core.main.TestCaseExecutor.accessMainPhase(TestCaseExecutor.java:410)
	at com.kms.katalon.core.main.TestCaseExecutor.execute(TestCaseExecutor.java:285)
	at com.kms.katalon.core.common.CommonExecutor.accessTestCaseMainPhase(CommonExecutor.java:65)
	at com.kms.katalon.core.main.TestSuiteExecutor.accessTestSuiteMainPhase(TestSuiteExecutor.java:148)
	at com.kms.katalon.core.main.TestSuiteExecutor.execute(TestSuiteExecutor.java:106)
	at com.kms.katalon.core.main.TestCaseMain.startTestSuite(TestCaseMain.java:187)
	at com.kms.katalon.core.main.TestCaseMain$startTestSuite$0.call(Unknown Source)
	at TempTestSuite1696418169597.run(TempTestSuite1696418169597.groovy:36)


2023-10-04 18:18:53 - [MESSAGE][FAILED] - Test Cases/Product Admin/TC-PA-005 FAILED.
Reason:
Assertion failed: 

assert arrProdukNameOri == arrProdukNameSort
       |                |  |
       |                |  [ACER Swift 7 (SF713-51) (Core i7-7Y75) - Gold, APPLE MacBook Pro - Space Gray - Intel Core i5 2.3GHz, Baju Koko Kharismatik, Baju Koko Kids 0 - 9 tahun, Baju Koko Kids 0 - 9 tahun, Black Cotton Puplin Semi Wol Red White URI-12, Casio Pro, Consina Expert Series Lunara Biru Gelap, Consina Expert Series Lunara Biru Gelapp, cincin kawin buat ayangmu]
       |                false
       [ACER Swift 7 (SF713-51) (Core i7-7Y75) - Gold, APPLE MacBook Pro - Space Gray - Intel Core i5 2.3GHz, Baju Koko Kharismatik, Baju Koko Kids 0 - 9 tahun, Baju Koko Kids 0 - 9 tahun, Black Cotton Puplin Semi Wol Red White URI-12, Casio Pro, cincin kawin buat ayangmu, Consina Expert Series Lunara Biru Gelap, Consina Expert Series Lunara Biru Gelapp]

	at TC-PA-005.run(TC-PA-005:45)
	at com.kms.katalon.core.main.ScriptEngine.run(ScriptEngine.java:194)
	at com.kms.katalon.core.main.ScriptEngine.runScriptAsRawText(ScriptEngine.java:119)
	at com.kms.katalon.core.main.TestCaseExecutor.runScript(TestCaseExecutor.java:448)
	at com.kms.katalon.core.main.TestCaseExecutor.doExecute(TestCaseExecutor.java:439)
	at com.kms.katalon.core.main.TestCaseExecutor.processExecutionPhase(TestCaseExecutor.java:418)
	at com.kms.katalon.core.main.TestCaseExecutor.accessMainPhase(TestCaseExecutor.java:410)
	at com.kms.katalon.core.main.TestCaseExecutor.execute(TestCaseExecutor.java:285)
	at com.kms.katalon.core.main.TestCaseMain.runTestCase(TestCaseMain.java:144)
	at com.kms.katalon.core.keyword.builtin.CallTestCaseKeyword$_callTestCase_closure1.doCall(CallTestCaseKeyword.groovy:59)
	at com.kms.katalon.core.keyword.builtin.CallTestCaseKeyword$_callTestCase_closure1.call(CallTestCaseKeyword.groovy)
	at com.kms.katalon.core.keyword.internal.KeywordMain.runKeyword(KeywordMain.groovy:75)
	at com.kms.katalon.core.keyword.builtin.CallTestCaseKeyword.callTestCase(CallTestCaseKeyword.groovy:81)
	at com.kms.katalon.core.keyword.builtin.CallTestCaseKeyword.execute(CallTestCaseKeyword.groovy:44)
	at com.kms.katalon.core.keyword.internal.KeywordExecutor.executeKeywordForPlatform(KeywordExecutor.groovy:74)
	at com.kms.katalon.core.keyword.BuiltinKeywords.callTestCase(BuiltinKeywords.groovy:310)
	at TC-PA-006.run(TC-PA-006:21)
	at com.kms.katalon.core.main.ScriptEngine.run(ScriptEngine.java:194)
	at com.kms.katalon.core.main.ScriptEngine.runScriptAsRawText(ScriptEngine.java:119)
	at com.kms.katalon.core.main.TestCaseExecutor.runScript(TestCaseExecutor.java:448)
	at com.kms.katalon.core.main.TestCaseExecutor.doExecute(TestCaseExecutor.java:439)
	at com.kms.katalon.core.main.TestCaseExecutor.processExecutionPhase(TestCaseExecutor.java:418)
	at com.kms.katalon.core.main.TestCaseExecutor.accessMainPhase(TestCaseExecutor.java:410)
	at com.kms.katalon.core.main.TestCaseExecutor.execute(TestCaseExecutor.java:285)
	at com.kms.katalon.core.common.CommonExecutor.accessTestCaseMainPhase(CommonExecutor.java:65)
	at com.kms.katalon.core.main.TestSuiteExecutor.accessTestSuiteMainPhase(TestSuiteExecutor.java:148)
	at com.kms.katalon.core.main.TestSuiteExecutor.execute(TestSuiteExecutor.java:106)
	at com.kms.katalon.core.main.TestCaseMain.startTestSuite(TestCaseMain.java:187)
	at com.kms.katalon.core.main.TestCaseMain$startTestSuite$0.call(Unknown Source)
	at TempTestSuite1696418169597.run(TempTestSuite1696418169597.groovy:36)


2023-10-04 18:18:53 - [MESSAGE][FAILED] - Unable to call Test Case 'Test Cases/Product Admin/TC-PA-005' (Root cause: com.kms.katalon.core.exception.StepFailedException: Call Test Case 'Test Cases/Product Admin/TC-PA-005' failed
	at com.kms.katalon.core.keyword.builtin.CallTestCaseKeyword$_callTestCase_closure1.doCall(CallTestCaseKeyword.groovy:63)
	at com.kms.katalon.core.keyword.builtin.CallTestCaseKeyword$_callTestCase_closure1.call(CallTestCaseKeyword.groovy)
	at com.kms.katalon.core.keyword.internal.KeywordMain.runKeyword(KeywordMain.groovy:75)
	at com.kms.katalon.core.keyword.builtin.CallTestCaseKeyword.callTestCase(CallTestCaseKeyword.groovy:81)
	at com.kms.katalon.core.keyword.builtin.CallTestCaseKeyword.execute(CallTestCaseKeyword.groovy:44)
	at com.kms.katalon.core.keyword.internal.KeywordExecutor.executeKeywordForPlatform(KeywordExecutor.groovy:74)
	at com.kms.katalon.core.keyword.BuiltinKeywords.callTestCase(BuiltinKeywords.groovy:310)
	at TC-PA-006.run(TC-PA-006:21)
[...]

2023-10-04 18:38:49 - [MESSAGE][WARNING] - Timeout '0' is invalid. Using default page load timeout: '30'

2023-10-04 18:38:50 - [MESSAGE][PASSED] - Object 'Object Repository/Product Admin/Veridikasi Halaman Semua Produk' is present]]></system-out>
         <system-err><![CDATA[]]></system-err>
      </testcase>
      <testcase name="Test Cases/Product Admin/TC-PAN-012" time="24.878" classname="Test Cases/Product Admin/TC-PAN-012" status="PASSED">
         <system-out><![CDATA[2023-10-04 18:38:50 - [TEST_CASE][PASSED] - Test Cases/Product Admin/TC-PAN-012: Test Cases/Product Admin/TC-PAN-012

2023-10-04 18:38:50 - [TEST_STEP][PASSED] - callTestCase(findTestCase("Product Admin/TC-PA-001"), [:], STOP_ON_FAILURE): Call Test Case 'Test Cases/Product Admin/TC-PA-001' successfully

2023-10-04 18:38:50 - [TEST_CASE][PASSED] - Test Cases/Product Admin/TC-PA-001: Test Cases/Product Admin/TC-PA-001

2023-10-04 18:38:50 - [TEST_STEP][PASSED] - callTestCase(findTestCase("Login Admin/TC-Login Admin-001"), [:], STOP_ON_FAILURE): Call Test Case 'Test Cases/Login Admin/TC-Login Admin-001' successfully

2023-10-04 18:38:50 - [TEST_CASE][PASSED] - Test Cases/Login Admin/TC-Login Admin-001: Test Cases/Login Admin/TC-Login Admin-001

2023-10-04 18:38:50 - [TEST_STEP][PASSED] - openBrowser(adminTajalapak): Browser is opened with url: 'https://10.9.2.63/ecommerce/administrator'

2023-10-04 18:38:50 - [MESSAGE][WARNING] - A browser is already opened. Closing browser and opening a new one

2023-10-04 18:38:51 - [MESSAGE][INFO] - Starting 'Edge Chromium' driver

2023-10-04 18:38:51 - [MESSAGE][INFO] - User set preference: ['acceptInsecureCerts', 'true']

2023-10-04 18:38:52 - [MESSAGE][INFO] - Action delay is set to 0 milliseconds

2023-10-04 18:38:54 - [MESSAGE][PASSED] - Browser is opened with url: 'https://10.9.2.63/ecommerce/administrator'

2023-10-04 18:38:54 - [TEST_STEP][PASSED] - maximizeWindow(): Current window maximized

2023-10-04 18:38:54 - [MESSAGE][PASSED] - Current window maximized

2023-10-04 18:38:54 - [TEST_STEP][PASSED] - verifyElementPresent(findTestObject("Login Admin/Verifikasi Halaman Administrator"), 0): Object 'Object Repository/Login Admin/Verifikasi Halaman Administrator' is present

2023-10-04 18:38:54 - [MESSAGE][WARNING] - Timeout '0' is invalid. Using default page load timeout: '30'

2023-10-04 18:38:54 - [MESSAGE][PASSED] - Object 'Object Repository/Login Admin/Verifikasi Halaman Administrator' is present

2023-10-04 18:38:54 - [TEST_STEP][PASSED] - setText(findTestObject("Login Admin/Input Username Admin"), "admin"): Text 'admin' is set on object 'Object Repository/Login Admin/Input Username Admin'

2023-10-04 18:38:55 - [MESSAGE][PASSED] - Text 'admin' is set on object 'Object Repository/Login Admin/Input Username Admin'

2023-10-04 18:38:55 - [TEST_STEP][PASSED] - setEncryptedText(findTestObject("Login Admin/Input Password Admin"), "374mkdZ/lqyNS21oH+MJZQ=="): Text ****** has been set on object 'Object Repository/Login Admin/Input Password Admin'

2023-10-04 18:38:56 - [MESSAGE][PASSED] - Text ****** has been set on object 'Object Repository/Login Admin/Input Password Admin'

2023-10-04 18:38:56 - [TEST_STEP][PASSED] - delay(10): Delayed 10 second(s)

2023-10-04 18:39:06 - [MESSAGE][PASSED] - Delayed 10 second(s)

2023-10-04 18:39:06 - [TEST_STEP][PASSED] - click(findTestObject("Login Admin/Botton Sign In")): Object: 'Object Repository/Login Admin/Botton Sign In' is clicked on

2023-10-04 18:39:07 - [MESSAGE][PASSED] - Object: 'Object Repository/Login Admin/Botton Sign In' is clicked on

2023-10-04 18:39:07 - [TEST_STEP][PASSED] - verifyElementPresent(findTestObject("Login Admin/Verifikasi Halaman Login Admin"), 0): Object 'Object Repository/Login Admin/Verifikasi Halaman Login Admin' is present

2023-10-04 18:39:08 - [MESSAGE][WARNING] - Timeout '0' is invalid. Using default page load timeout: '30'

2023-10-04 18:39:08 - [MESSAGE][PASSED] - Object 'Object Repository/Login Admin/Verifikasi Halaman Login Admin' is present

2023-10-04 18:39:08 - [MESSAGE][PASSED] - Call Test Case 'Test Cases/Login Admin/TC-Login Admin-001' successfully

2023-10-04 18:39:08 - [TEST_STEP][PASSED] - click(findTestObject("Product Admin/Master Market")): Object: 'Object Repository/Product Admin/Master Market' is clicked on

2023-10-04 18:39:08 - [MESSAGE][PASSED] - Object: 'Object Repository/Product Admin/Master Market' is clicked on

2023-10-04 18:39:08 - [TEST_STEP][PASSED] - click(findTestObject("Product Admin/Produk Admin")): Object: 'Object Repository/Product Admin/Produk Admin' is clicked on

2023-10-04 18:39:10 - [MESSAGE][PASSED] - Object: 'Object Repository/Product Admin/Produk Admin' is clicked on

2023-10-04 18:39:10 - [TEST_STEP][PASSED] - verifyElementPresent(findTestObject("Product Admin/Veridikasi Halaman Semua Produk"), 0): Object 'Object Repository/Product Admin/Veridikasi Halaman Semua Produk' is present

2023-10-04 18:39:10 - [MESSAGE][WARNING] - Timeout '0' is invalid. Using default page load timeout: '30'

2023-10-04 18:39:10 - [MESSAGE][PASSED] - Object 'Object Repository/Product Admin/Veridikasi Halaman Semua Produk' is present

2023-10-04 18:39:10 - [MESSAGE][PASSED] - Call Test Case 'Test Cases/Product Admin/TC-PA-001' successfully

2023-10-04 18:39:10 - [TEST_STEP][PASSED] - click(findTestObject("Product Admin/Button Edit Product Fleksibel")): Object: 'Object Repository/Product Admin/Button Edit Product Fleksibel' is clicked on

2023-10-04 18:39:11 - [MESSAGE][PASSED] - Object: 'Object Repository/Product Admin/Button Edit Product Fleksibel' is clicked on

2023-10-04 18:39:11 - [TEST_STEP][PASSED] - verifyElementPresent(findTestObject("Product Admin/TambahProduk/Verifikasi Halaman Product Baru"), 0): Object 'Object Repository/Product Admin/TambahProduk/Verifikasi Halaman Product Baru' is present

2023-10-04 18:39:12 - [MESSAGE][WARNING] - Timeout '0' is invalid. Using default page load timeout: '30'

2023-10-04 18:39:12 - [MESSAGE][PASSED] - Object 'Object Repository/Product Admin/TambahProduk/Verifikasi Halaman Product Baru' is present

2023-10-04 18:39:12 - [TEST_STEP][PASSED] - setText(findTestObject("Product Admin/TambahProduk/Input Nama Produk"), "Drone DJI Air 3 Dengan Spesifikasi Dual Kamera 48 Mega Pixel dan Mampu merekam dengan Resolusi 4K/60 FPS dan serta mampu menahan angin sampai 42 KM/Jam"): Text 'Drone DJI Air 3 Dengan Spesifikasi Dual Kamera 48 Mega Pixel dan Mampu merekam dengan Resolusi 4K/60 FPS dan serta mampu menahan angin sampai 42 KM/Jam' is set on object 'Object Repository/Product Admin/TambahProduk/Input Nama Produk'

2023-10-04 18:39:13 - [MESSAGE][PASSED] - Text 'Drone DJI Air 3 Dengan Spesifikasi Dual Kamera 48 Mega Pixel dan Mampu merekam dengan Resolusi 4K/60 FPS dan serta mampu menahan angin sampai 42 KM/Jam' is set on object 'Object Repository/Product Admin/TambahProduk/Input Nama Produk'

2023-10-04 18:39:13 - [TEST_STEP][PASSED] - click(findTestObject("Product Admin/TambahProduk/Button Update Data")): Object: 'Object Repository/Product Admin/TambahProduk/Button Update Data' is clicked on

2023-10-04 18:39:14 - [MESSAGE][PASSED] - Object: 'Object Repository/Product Admin/TambahProduk/Button Update Data' is clicked on

2023-10-04 18:39:14 - [TEST_STEP][PASSED] - verifyElementPresent(findTestObject("Product Admin/Veridikasi Halaman Semua Produk"), 0): Object 'Object Repository/Product Admin/Veridikasi Halaman Semua Produk' is present

2023-10-04 18:39:14 - [MESSAGE][WARNING] - Timeout '0' is invalid. Using default page load timeout: '30'

2023-10-04 18:39:15 - [MESSAGE][PASSED] - Object 'Object Repository/Product Admin/Veridikasi Halaman Semua Produk' is present]]></system-out>
         <system-err><![CDATA[]]></system-err>
      </testcase>
      <testcase name="Test Cases/Product Admin/TC-PAN-013" time="25.332" classname="Test Cases/Product Admin/TC-PAN-013" status="PASSED">
         <system-out><![CDATA[2023-10-04 18:39:15 - [TEST_CASE][PASSED] - Test Cases/Product Admin/TC-PAN-013: Test Cases/Product Admin/TC-PAN-013

2023-10-04 18:39:15 - [TEST_STEP][PASSED] - callTestCase(findTestCase("Product Admin/TC-PA-001"), [:], STOP_ON_FAILURE): Call Test Case 'Test Cases/Product Admin/TC-PA-001' successfully

2023-10-04 18:39:15 - [TEST_CASE][PASSED] - Test Cases/Product Admin/TC-PA-001: Test Cases/Product Admin/TC-PA-001

2023-10-04 18:39:15 - [TEST_STEP][PASSED] - callTestCase(findTestCase("Login Admin/TC-Login Admin-001"), [:], STOP_ON_FAILURE): Call Test Case 'Test Cases/Login Admin/TC-Login Admin-001' successfully

2023-10-04 18:39:15 - [TEST_CASE][PASSED] - Test Cases/Login Admin/TC-Login Admin-001: Test Cases/Login Admin/TC-Login Admin-001

2023-10-04 18:39:15 - [TEST_STEP][PASSED] - openBrowser(adminTajalapak): Browser is opened with url: 'https://10.9.2.63/ecommerce/administrator'

2023-10-04 18:39:15 - [MESSAGE][WARNING] - A browser is already opened. Closing browser and opening a new one

2023-10-04 18:39:16 - [MESSAGE][INFO] - Starting 'Edge Chromium' driver

2023-10-04 18:39:16 - [MESSAGE][INFO] - User set preference: ['acceptInsecureCerts', 'true']

2023-10-04 18:39:16 - [MESSAGE][INFO] - Action delay is set to 0 milliseconds

2023-10-04 18:39:19 - [MESSAGE][PASSED] - Browser is opened with url: 'https://10.9.2.63/ecommerce/administrator'

2023-10-04 18:39:19 - [TEST_STEP][PASSED] - maximizeWindow(): Current window maximized

2023-10-04 18:39:19 - [MESSAGE][PASSED] - Current window maximized

2023-10-04 18:39:19 - [TEST_STEP][PASSED] - verifyElementPresent(findTestObject("Login Admin/Verifikasi Halaman Administrator"), 0): Object 'Object Repository/Login Admin/Verifikasi Halaman Administrator' is present

2023-10-04 18:39:19 - [MESSAGE][WARNING] - Timeout '0' is invalid. Using default page load timeout: '30'

2023-10-04 18:39:20 - [MESSAGE][PASSED] - Object 'Object Repository/Login Admin/Verifikasi Halaman Administrator' is present

2023-10-04 18:39:20 - [TEST_STEP][PASSED] - setText(findTestObject("Login Admin/Input Username Admin"), "admin"): Text 'admin' is set on object 'Object Repository/Login Admin/Input Username Admin'

2023-10-04 18:39:20 - [MESSAGE][PASSED] - Text 'admin' is set on object 'Object Repository/Login Admin/Input Username Admin'

2023-10-04 18:39:20 - [TEST_STEP][PASSED] - setEncryptedText(findTestObject("Login Admin/Input Password Admin"), "374mkdZ/lqyNS21oH+MJZQ=="): Text ****** has been set on object 'Object Repository/Login Admin/Input Password Admin'

2023-10-04 18:39:21 - [MESSAGE][PASSED] - Text ****** has been set on object 'Object Repository/Login Admin/Input Password Admin'

2023-10-04 18:39:21 - [TEST_STEP][PASSED] - delay(10): Delayed 10 second(s)

2023-10-04 18:39:31 - [MESSAGE][PASSED] - Delayed 10 second(s)

2023-10-04 18:39:31 - [TEST_STEP][PASSED] - click(findTestObject("Login Admin/Botton Sign In")): Object: 'Object Repository/Login Admin/Botton Sign In' is clicked on

2023-10-04 18:39:32 - [MESSAGE][PASSED] - Object: 'Object Repository/Login Admin/Botton Sign In' is clicked on

2023-10-04 18:39:32 - [TEST_STEP][PASSED] - verifyElementPresent(findTestObject("Login Admin/Verifikasi Halaman Login Admin"), 0): Object 'Object Repository/Login Admin/Verifikasi Halaman Login Admin' is present

2023-10-04 18:39:32 - [MESSAGE][WARNING] - Timeout '0' is invalid. Using default page load timeout: '30'

2023-10-04 18:39:33 - [MESSAGE][PASSED] - Object 'Object Repository/Login Admin/Verifikasi Halaman Login Admin' is present

2023-10-04 18:39:33 - [MESSAGE][PASSED] - Call Test Case 'Test Cases/Login Admin/TC-Login Admin-001' successfully

2023-10-04 18:39:33 - [TEST_STEP][PASSED] - click(findTestObject("Product Admin/Master Market")): Object: 'Object Repository/Product Admin/Master Market' is clicked on

2023-10-04 18:39:33 - [MESSAGE][PASSED] - Object: 'Object Repository/Product Admin/Master Market' is clicked on

2023-10-04 18:39:33 - [TEST_STEP][PASSED] - click(findTestObject("Product Admin/Produk Admin")): Object: 'Object Repository/Product Admin/Produk Admin' is clicked on

2023-10-04 18:39:34 - [MESSAGE][PASSED] - Object: 'Object Repository/Product Admin/Produk Admin' is clicked on

2023-10-04 18:39:34 - [TEST_STEP][PASSED] - verifyElementPresent(findTestObject("Product Admin/Veridikasi Halaman Semua Produk"), 0): Object 'Object Repository/Product Admin/Veridikasi Halaman Semua Produk' is present

2023-10-04 18:39:34 - [MESSAGE][WARNING] - Timeout '0' is invalid. Using default page load timeout: '30'

2023-10-04 18:39:35 - [MESSAGE][PASSED] - Object 'Object Repository/Product Admin/Veridikasi Halaman Semua Produk' is present

2023-10-04 18:39:35 - [MESSAGE][PASSED] - Call Test Case 'Test Cases/Product Admin/TC-PA-001' successfully

2023-10-04 18:39:35 - [TEST_STEP][PASSED] - click(findTestObject("Product Admin/Button Edit Product Fleksibel")): Object: 'Object Repository/Product Admin/Button Edit Product Fleksibel' is clicked on

2023-10-04 18:39:36 - [MESSAGE][PASSED] - Object: 'Object Repository/Product Admin/Button Edit Product Fleksibel' is clicked on

2023-10-04 18:39:36 - [TEST_STEP][PASSED] - verifyElementPresent(findTestObject("Product Admin/TambahProduk/Verifikasi Halaman Product Baru"), 0): Object 'Object Repository/Product Admin/TambahProduk/Verifikasi Halaman Product Baru' is present

2023-10-04 18:39:36 - [MESSAGE][WARNING] - Timeout '0' is invalid. Using default page load timeout: '30'

2023-10-04 18:39:36 - [MESSAGE][PASSED] - Object 'Object Repository/Product Admin/TambahProduk/Verifikasi Halaman Product Baru' is present

2023-10-04 18:39:36 - [TEST_STEP][PASSED] - setText(findTestObject("Product Admin/TambahProduk/Input Harga Modal"), "1000000000"): Text '1000000000' is set on object 'Object Repository/Product Admin/TambahProduk/Input Harga Modal'

2023-10-04 18:39:37 - [MESSAGE][PASSED] - Text '1000000000' is set on object 'Object Repository/Product Admin/TambahProduk/Input Harga Modal'

2023-10-04 18:39:37 - [TEST_STEP][PASSED] - setText(findTestObject("Product Admin/TambahProduk/Input Harga Reseller"), "1100000000"): Text '1100000000' is set on object 'Object Repository/Product Admin/TambahProduk/Input Harga Reseller'

2023-10-04 18:39:38 - [MESSAGE][PASSED] - Text '1100000000' is set on object 'Object Repository/Product Admin/TambahProduk/Input Harga Reseller'

2023-10-04 18:39:38 - [TEST_STEP][PASSED] - setText(findTestObject("Product Admin/TambahProduk/Input Harga Konsumen"), "1200000000"): Text '1200000000' is set on object 'Object Repository/Product Admin/TambahProduk/Input Harga Konsumen'

2023-10-04 18:39:38 - [MESSAGE][PASSED] - Text '1200000000' is set on object 'Object Repository/Product Admin/TambahProduk/Input Harga Konsumen'

2023-10-04 18:39:38 - [TEST_STEP][PASSED] - click(findTestObject("Product Admin/TambahProduk/Button Update Data")): Object: 'Object Repository/Product Admin/TambahProduk/Button Update Data' is clicked on

2023-10-04 18:39:40 - [MESSAGE][PASSED] - Object: 'Object Repository/Product Admin/TambahProduk/Button Update Data' is clicked on

2023-10-04 18:39:40 - [TEST_STEP][PASSED] - verifyElementPresent(findTestObject("Product Admin/Veridikasi Halaman Semua Produk"), 0): Object 'Object Repository/Product Admin/Veridikasi Halaman Semua Produk' is present

2023-10-04 18:39:40 - [MESSAGE][WARNING] - Timeout '0' is invalid. Using default page load timeout: '30'

2023-10-04 18:39:40 - [MESSAGE][PASSED] - Object 'Object Repository/Product Admin/Veridikasi Halaman Semua Produk' is present]]></system-out>
         <system-err><![CDATA[]]></system-err>
      </testcase>
      <system-out><![CDATA[2023-10-04 18:16:34 - [TEST_SUITE][FAILED] - Product Admin: Test Cases/Product Admin/TC-PA-005 FAILED.
Reason:
Assertion failed: 

assert arrProdukNameOri == arrProdukNameSort
       |                |  |
       |                |  [ACER Swift 7 (SF713-51) (Core i7-7Y75) - Gold, APPLE MacBook Pro - Space Gray - Intel Core i5 2.3GHz, Baju Koko Kharismatik, Baju Koko Kids 0 - 9 tahun, Baju Koko Kids 0 - 9 tahun, Black Cotton Puplin Semi Wol Red White URI-12, Casio Pro, Consina Expert Series Lunara Biru Gelap, Consina Expert Series Lunara Biru Gelapp, cincin kawin buat ayangmu]
       |                false
       [ACER Swift 7 (SF713-51) (Core i7-7Y75) - Gold, APPLE MacBook Pro - Space Gray - Intel Core i5 2.3GHz, Baju Koko Kharismatik, Baju Koko Kids 0 - 9 tahun, Baju Koko Kids 0 - 9 tahun, Black Cotton Puplin Semi Wol Red White URI-12, Casio Pro, cincin kawin buat ayangmu, Consina Expert Series Lunara Biru Gelap, Consina Expert Series Lunara Biru Gelapp]

	at TC-PA-005.run(TC-PA-005:45)
	at com.kms.katalon.core.main.ScriptEngine.run(ScriptEngine.java:194)
	at com.kms.katalon.core.main.ScriptEngine.runScriptAsRawText(ScriptEngine.java:119)
	at com.kms.katalon.core.main.TestCaseExecutor.runScript(TestCaseExecutor.java:448)
	at com.kms.katalon.core.main.TestCaseExecutor.doExecute(TestCaseExecutor.java:439)
	at com.kms.katalon.core.main.TestCaseExecutor.processExecutionPhase(TestCaseExecutor.java:418)
	at com.kms.katalon.core.main.TestCaseExecutor.accessMainPhase(TestCaseExecutor.java:410)
	at com.kms.katalon.core.main.TestCaseExecutor.execute(TestCaseExecutor.java:285)
	at com.kms.katalon.core.common.CommonExecutor.accessTestCaseMainPhase(CommonExecutor.java:65)
	at com.kms.katalon.core.main.TestSuiteExecutor.accessTestSuiteMainPhase(TestSuiteExecutor.java:148)
	at com.kms.katalon.core.main.TestSuiteExecutor.execute(TestSuiteExecutor.java:106)
	at com.kms.katalon.core.main.TestCaseMain.startTestSuite(TestCaseMain.java:187)
	at com.kms.katalon.core.main.TestCaseMain$startTestSuite$0.call(Unknown Source)
	at TempTestSuite1696418169597.run(TempTestSuite1696418169597.groovy:36)]]></system-out>
      <system-err><![CDATA[2023-10-04 18:16:34 - [TEST_SUITE][FAILED] - Product Admin: Test Cases/Product Admin/TC-PA-005 FAILED.
Reason:
Assertion failed: 

assert arrProdukNameOri == arrProdukNameSort
       |                |  |
       |                |  [ACER Swift 7 (SF713-51) (Core i7-7Y75) - Gold, APPLE MacBook Pro - Space Gray - Intel Core i5 2.3GHz, Baju Koko Kharismatik, Baju Koko Kids 0 - 9 tahun, Baju Koko Kids 0 - 9 tahun, Black Cotton Puplin Semi Wol Red White URI-12, Casio Pro, Consina Expert Series Lunara Biru Gelap, Consina Expert Series Lunara Biru Gelapp, cincin kawin buat ayangmu]
       |                false
       [ACER Swift 7 (SF713-51) (Core i7-7Y75) - Gold, APPLE MacBook Pro - Space Gray - Intel Core i5 2.3GHz, Baju Koko Kharismatik, Baju Koko Kids 0 - 9 tahun, Baju Koko Kids 0 - 9 tahun, Black Cotton Puplin Semi Wol Red White URI-12, Casio Pro, cincin kawin buat ayangmu, Consina Expert Series Lunara Biru Gelap, Consina Expert Series Lunara Biru Gelapp]

	at TC-PA-005.run(TC-PA-005:45)
	at com.kms.katalon.core.main.ScriptEngine.run(ScriptEngine.java:194)
	at com.kms.katalon.core.main.ScriptEngine.runScriptAsRawText(ScriptEngine.java:119)
	at com.kms.katalon.core.main.TestCaseExecutor.runScript(TestCaseExecutor.java:448)
	at com.kms.katalon.core.main.TestCaseExecutor.doExecute(TestCaseExecutor.java:439)
	at com.kms.katalon.core.main.TestCaseExecutor.processExecutionPhase(TestCaseExecutor.java:418)
	at com.kms.katalon.core.main.TestCaseExecutor.accessMainPhase(TestCaseExecutor.java:410)
	at com.kms.katalon.core.main.TestCaseExecutor.execute(TestCaseExecutor.java:285)
	at com.kms.katalon.core.common.CommonExecutor.accessTestCaseMainPhase(CommonExecutor.java:65)
	at com.kms.katalon.core.main.TestSuiteExecutor.accessTestSuiteMainPhase(TestSuiteExecutor.java:148)
	at com.kms.katalon.core.main.TestSuiteExecutor.execute(TestSuiteExecutor.java:106)
	at com.kms.katalon.core.main.TestCaseMain.startTestSuite(TestCaseMain.java:187)
	at com.kms.katalon.core.main.TestCaseMain$startTestSuite$0.call(Unknown Source)
	at TempTestSuite1696418169597.run(TempTestSuite1696418169597.groovy:36)]]></system-err>
   </testsuite>
</testsuites>
