<?xml version="1.0" encoding="UTF-8"?>
<testsuites name="Product Admin" time="1568.341" tests="52" failures="15" errors="0">
   <testsuite name="Product Admin" tests="52" failures="15" errors="0" time="1568.341" skipped="0" timestamp="2023-10-06 09:54:00" hostname="Admin - Riswandha" id="Test Suites/Product Admin">
      <properties>
[...]
</properties>
      <testcase name="Test Cases/Product Admin/TC-PA-001" time="23.56" classname="Test Cases/Product Admin/TC-PA-001" status="PASSED">
         <system-out><![CDATA[2023-10-06 09:54:01 - [TEST_CASE][PASSED] - Test Cases/Product Admin/TC-PA-001: Test Cases/Product Admin/TC-PA-001

2023-10-06 09:54:01 - [TEST_STEP][PASSED] - callTestCase(findTestCase("Login Admin/TC-Login Admin-001"), [:], STOP_ON_FAILURE): Call Test Case 'Test Cases/Login Admin/TC-Login Admin-001' successfully

2023-10-06 09:54:01 - [TEST_CASE][PASSED] - Test Cases/Login Admin/TC-Login Admin-001: Test Cases/Login Admin/TC-Login Admin-001

2023-10-06 09:54:02 - [TEST_STEP][PASSED] - openBrowser(adminTajalapak): Browser is opened with url: 'https://10.9.2.63/ecommerce/administrator'

2023-10-06 09:54:02 - [MESSAGE][INFO] - Starting 'Edge Chromium' driver

2023-10-06 09:54:02 - [MESSAGE][INFO] - User set preference: ['acceptInsecureCerts', 'true']

2023-10-06 09:54:05 - [MESSAGE][INFO] - Action delay is set to 0 milliseconds

2023-10-06 09:54:08 - [MESSAGE][PASSED] - Browser is opened with url: 'https://10.9.2.63/ecommerce/administrator'

2023-10-06 09:54:08 - [TEST_STEP][PASSED] - maximizeWindow(): Current window maximized

2023-10-06 09:54:08 - [MESSAGE][PASSED] - Current window maximized

2023-10-06 09:54:08 - [TEST_STEP][PASSED] - verifyElementPresent(findTestObject("Login Admin/Verifikasi Halaman Administrator"), 0): Object 'Object Repository/Login Admin/Verifikasi Halaman Administrator' is present

2023-10-06 09:54:08 - [MESSAGE][WARNING] - Timeout '0' is invalid. Using default page load timeout: '30'

2023-10-06 09:54:08 - [MESSAGE][PASSED] - Object 'Object Repository/Login Admin/Verifikasi Halaman Administrator' is present

2023-10-06 09:54:08 - [TEST_STEP][PASSED] - setText(findTestObject("Login Admin/Input Username Admin"), "admin"): Text 'admin' is set on object 'Object Repository/Login Admin/Input Username Admin'

2023-10-06 09:54:09 - [MESSAGE][PASSED] - Text 'admin' is set on object 'Object Repository/Login Admin/Input Username Admin'

2023-10-06 09:54:09 - [TEST_STEP][PASSED] - setEncryptedText(findTestObject("Login Admin/Input Password Admin"), "374mkdZ/lqyNS21oH+MJZQ=="): Text ****** has been set on object 'Object Repository/Login Admin/Input Password Admin'

2023-10-06 09:54:10 - [MESSAGE][PASSED] - Text ****** has been set on object 'Object Repository/Login Admin/Input Password Admin'

2023-10-06 09:54:10 - [TEST_STEP][PASSED] - delay(10): Delayed 10 second(s)

2023-10-06 09:54:20 - [MESSAGE][PASSED] - Delayed 10 second(s)

2023-10-06 09:54:20 - [TEST_STEP][PASSED] - click(findTestObject("Login Admin/Botton Sign In")): Object: 'Object Repository/Login Admin/Botton Sign In' is clicked on

2023-10-06 09:54:21 - [MESSAGE][PASSED] - Object: 'Object Repository/Login Admin/Botton Sign In' is clicked on

2023-10-06 09:54:21 - [TEST_STEP][PASSED] - verifyElementPresent(findTestObject("Login Admin/Verifikasi Halaman Login Admin"), 0): Object 'Object Repository/Login Admin/Verifikasi Halaman Login Admin' is present

2023-10-06 09:54:21 - [MESSAGE][WARNING] - Timeout '0' is invalid. Using default page load timeout: '30'

2023-10-06 09:54:22 - [MESSAGE][PASSED] - Object 'Object Repository/Login Admin/Verifikasi Halaman Login Admin' is present

2023-10-06 09:54:22 - [MESSAGE][PASSED] - Call Test Case 'Test Cases/Login Admin/TC-Login Admin-001' successfully

2023-10-06 09:54:22 - [TEST_STEP][PASSED] - click(findTestObject("Product Admin/Master Market")): Object: 'Object Repository/Product Admin/Master Market' is clicked on

2023-10-06 09:54:22 - [MESSAGE][PASSED] - Object: 'Object Repository/Product Admin/Master Market' is clicked on

2023-10-06 09:54:22 - [TEST_STEP][PASSED] - click(findTestObject("Product Admin/Produk Admin")): Object: 'Object Repository/Product Admin/Produk Admin' is clicked on

2023-10-06 09:54:24 - [MESSAGE][PASSED] - Object: 'Object Repository/Product Admin/Produk Admin' is clicked on

2023-10-06 09:54:24 - [TEST_STEP][PASSED] - verifyElementPresent(findTestObject("Product Admin/Veridikasi Halaman Semua Produk"), 0): Object 'Object Repository/Product Admin/Veridikasi Halaman Semua Produk' is present

2023-10-06 09:54:24 - [MESSAGE][WARNING] - Timeout '0' is invalid. Using default page load timeout: '30'

2023-10-06 09:54:24 - [MESSAGE][PASSED] - Object 'Object Repository/Product Admin/Veridikasi Halaman Semua Produk' is present]]></system-out>
         <system-err><![CDATA[]]></system-err>
      </testcase>
      <testcase name="Test Cases/Product Admin/TC-PA-002" time="23.318" classname="Test Cases/Product Admin/TC-PA-002" status="PASSED">
         <system-out><![CDATA[2023-10-06 09:54:24 - [TEST_CASE][PASSED] - Test Cases/Product Admin/TC-PA-002: Test Cases/Product Admin/TC-PA-002

2023-10-06 09:54:24 - [TEST_STEP][PASSED] - callTestCase(findTestCase("Product Admin/TC-PA-001"), [:], STOP_ON_FAILURE): Call Test Case 'Test Cases/Product Admin/TC-PA-001' successfully

2023-10-06 09:54:24 - [TEST_CASE][PASSED] - Test Cases/Product Admin/TC-PA-001: Test Cases/Product Admin/TC-PA-001

2023-10-06 09:54:24 - [TEST_STEP][PASSED] - callTestCase(findTestCase("Login Admin/TC-Login Admin-001"), [:], STOP_ON_FAILURE): Call Test Case 'Test Cases/Login Admin/TC-Login Admin-001' successfully

2023-10-06 09:54:25 - [TEST_CASE][PASSED] - Test Cases/Login Admin/TC-Login Admin-001: Test Cases/Login Admin/TC-Login Admin-001

2023-10-06 09:54:25 - [TEST_STEP][PASSED] - openBrowser(adminTajalapak): Browser is opened with url: 'https://10.9.2.63/ecommerce/administrator'

2023-10-06 09:54:25 - [MESSAGE][WARNING] - A browser is already opened. Closing browser and opening a new one

2023-10-06 09:54:25 - [MESSAGE][INFO] - Starting 'Edge Chromium' driver

2023-10-06 09:54:25 - [MESSAGE][INFO] - User set preference: ['acceptInsecureCerts', 'true']

2023-10-06 09:54:27 - [MESSAGE][INFO] - Action delay is set to 0 milliseconds

2023-10-06 09:54:30 - [MESSAGE][PASSED] - Browser is opened with url: 'https://10.9.2.63/ecommerce/administrator'

2023-10-06 09:54:30 - [TEST_STEP][PASSED] - maximizeWindow(): Current window maximized

2023-10-06 09:54:30 - [MESSAGE][PASSED] - Current window maximized

2023-10-06 09:54:30 - [TEST_STEP][PASSED] - verifyElementPresent(findTestObject("Login Admin/Verifikasi Halaman Administrator"), 0): Object 'Object Repository/Login Admin/Verifikasi Halaman Administrator' is present

2023-10-06 09:54:30 - [MESSAGE][WARNING] - Timeout '0' is invalid. Using default page load timeout: '30'

2023-10-06 09:54:31 - [MESSAGE][PASSED] - Object 'Object Repository/Login Admin/Verifikasi Halaman Administrator' is present

2023-10-06 09:54:31 - [TEST_STEP][PASSED] - setText(findTestObject("Login Admin/Input Username Admin"), "admin"): Text 'admin' is set on object 'Object Repository/Login Admin/Input Username Admin'

2023-10-06 09:54:31 - [MESSAGE][PASSED] - Text 'admin' is set on object 'Object Repository/Login Admin/Input Username Admin'

2023-10-06 09:54:31 - [TEST_STEP][PASSED] - setEncryptedText(findTestObject("Login Admin/Input Password Admin"), "374mkdZ/lqyNS21oH+MJZQ=="): Text ****** has been set on object 'Object Repository/Login Admin/Input Password Admin'

2023-10-06 09:54:32 - [MESSAGE][PASSED] - Text ****** has been set on object 'Object Repository/Login Admin/Input Password Admin'

2023-10-06 09:54:32 - [TEST_STEP][PASSED] - delay(10): Delayed 10 second(s)

2023-10-06 09:54:42 - [MESSAGE][PASSED] - Delayed 10 second(s)

2023-10-06 09:54:42 - [TEST_STEP][PASSED] - click(findTestObject("Login Admin/Botton Sign In")): Object: 'Object Repository/Login Admin/Botton Sign In' is clicked on

2023-10-06 09:54:43 - [MESSAGE][PASSED] - Object: 'Object Repository/Login Admin/Botton Sign In' is clicked on

2023-10-06 09:54:43 - [TEST_STEP][PASSED] - verifyElementPresent(findTestObject("Login Admin/Verifikasi Halaman Login Admin"), 0): Object 'Object Repository/Login Admin/Verifikasi Halaman Login Admin' is present

2023-10-06 09:54:44 - [MESSAGE][WARNING] - Timeout '0' is invalid. Using default page load timeout: '30'

2023-10-06 09:54:44 - [MESSAGE][PASSED] - Object 'Object Repository/Login Admin/Verifikasi Halaman Login Admin' is present

2023-10-06 09:54:44 - [MESSAGE][PASSED] - Call Test Case 'Test Cases/Login Admin/TC-Login Admin-001' successfully

2023-10-06 09:54:44 - [TEST_STEP][PASSED] - click(findTestObject("Product Admin/Master Market")): Object: 'Object Repository/Product Admin/Master Market' is clicked on

2023-10-06 09:54:44 - [MESSAGE][PASSED] - Object: 'Object Repository/Product Admin/Master Market' is clicked on

2023-10-06 09:54:44 - [TEST_STEP][PASSED] - click(findTestObject("Product Admin/Produk Admin")): Object: 'Object Repository/Product Admin/Produk Admin' is clicked on

2023-10-06 09:54:46 - [MESSAGE][PASSED] - Object: 'Object Repository/Product Admin/Produk Admin' is clicked on

2023-10-06 09:54:46 - [TEST_STEP][PASSED] - verifyElementPresent(findTestObject("Product Admin/Veridikasi Halaman Semua Produk"), 0): Object 'Object Repository/Product Admin/Veridikasi Halaman Semua Produk' is present

2023-10-06 09:54:46 - [MESSAGE][WARNING] - Timeout '0' is invalid. Using default page load timeout: '30'

2023-10-06 09:54:46 - [MESSAGE][PASSED] - Object 'Object Repository/Product Admin/Veridikasi Halaman Semua Produk' is present

2023-10-06 09:54:46 - [MESSAGE][PASSED] - Call Test Case 'Test Cases/Product Admin/TC-PA-001' successfully

2023-10-06 09:54:46 - [TEST_STEP][PASSED] - selectOptionByValue(findTestObject("Product Admin/Show Product"), show, false): All options with value '25' are selected in object 'Object Repository/Product Admin/Show Product' 

2023-10-06 09:54:47 - [MESSAGE][PASSED] - All options with value '25' are selected in object 'Object Repository/Product Admin/Show Product' 

2023-10-06 09:54:47 - [TEST_STEP][PASSED] - dataList = findWebElements(findTestObject("Object Repository/Product Admin/Data No Product"), 10): null

2023-10-06 09:54:47 - [TEST_STEP][PASSED] - assert Integer.parseInt(show) == dataList.size(): null]]></system-out>
         <system-err><![CDATA[]]></system-err>
      </testcase>
      <testcase name="Test Cases/Product Admin/TC-PA-003" time="22.904" classname="Test Cases/Product Admin/TC-PA-003" status="PASSED">
         <system-out><![CDATA[2023-10-06 09:54:47 - [TEST_CASE][PASSED] - Test Cases/Product Admin/TC-PA-003: Test Cases/Product Admin/TC-PA-003

2023-10-06 09:54:48 - [TEST_STEP][PASSED] - callTestCase(findTestCase("Product Admin/TC-PA-001"), [:], STOP_ON_FAILURE): Call Test Case 'Test Cases/Product Admin/TC-PA-001' successfully

2023-10-06 09:54:48 - [TEST_CASE][PASSED] - Test Cases/Product Admin/TC-PA-001: Test Cases/Product Admin/TC-PA-001

2023-10-06 09:54:48 - [TEST_STEP][PASSED] - callTestCase(findTestCase("Login Admin/TC-Login Admin-001"), [:], STOP_ON_FAILURE): Call Test Case 'Test Cases/Login Admin/TC-Login Admin-001' successfully

2023-10-06 09:54:48 - [TEST_CASE][PASSED] - Test Cases/Login Admin/TC-Login Admin-001: Test Cases/Login Admin/TC-Login Admin-001

2023-10-06 09:54:48 - [TEST_STEP][PASSED] - openBrowser(adminTajalapak): Browser is opened with url: 'https://10.9.2.63/ecommerce/administrator'

2023-10-06 09:54:48 - [MESSAGE][WARNING] - A browser is already opened. Closing browser and opening a new one

2023-10-06 09:54:49 - [MESSAGE][INFO] - Starting 'Edge Chromium' driver

2023-10-06 09:54:49 - [MESSAGE][INFO] - User set preference: ['acceptInsecureCerts', 'true']

2023-10-06 09:54:51 - [MESSAGE][INFO] - Action delay is set to 0 milliseconds

2023-10-06 09:54:53 - [MESSAGE][PASSED] - Browser is opened with url: 'https://10.9.2.63/ecommerce/administrator'

2023-10-06 09:54:53 - [TEST_STEP][PASSED] - maximizeWindow(): Current window maximized

2023-10-06 09:54:53 - [MESSAGE][PASSED] - Current window maximized

2023-10-06 09:54:53 - [TEST_STEP][PASSED] - verifyElementPresent(findTestObject("Login Admin/Verifikasi Halaman Administrator"), 0): Object 'Object Repository/Login Admin/Verifikasi Halaman Administrator' is present

2023-10-06 09:54:53 - [MESSAGE][WARNING] - Timeout '0' is invalid. Using default page load timeout: '30'

2023-10-06 09:54:54 - [MESSAGE][PASSED] - Object 'Object Repository/Login Admin/Verifikasi Halaman Administrator' is present

2023-10-06 09:54:54 - [TEST_STEP][PASSED] - setText(findTestObject("Login Admin/Input Username Admin"), "admin"): Text 'admin' is set on object 'Object Repository/Login Admin/Input Username Admin'

2023-10-06 09:54:54 - [MESSAGE][PASSED] - Text 'admin' is set on object 'Object Repository/Login Admin/Input Username Admin'

2023-10-06 09:54:54 - [TEST_STEP][PASSED] - setEncryptedText(findTestObject("Login Admin/Input Password Admin"), "374mkdZ/lqyNS21oH+MJZQ=="): Text ****** has been set on object 'Object Repository/Login Admin/Input Password Admin'

2023-10-06 09:54:55 - [MESSAGE][PASSED] - Text ****** has been set on object 'Object Repository/Login Admin/Input Password Admin'

2023-10-06 09:54:55 - [TEST_STEP][PASSED] - delay(10): Delayed 10 second(s)

2023-10-06 09:55:05 - [MESSAGE][PASSED] - Delayed 10 second(s)

2023-10-06 09:55:05 - [TEST_STEP][PASSED] - click(findTestObject("Login Admin/Botton Sign In")): Object: 'Object Repository/Login Admin/Botton Sign In' is clicked on

2023-10-06 09:55:07 - [MESSAGE][PASSED] - Object: 'Object Repository/Login Admin/Botton Sign In' is clicked on

2023-10-06 09:55:07 - [TEST_STEP][PASSED] - verifyElementPresent(findTestObject("Login Admin/Verifikasi Halaman Login Admin"), 0): Object 'Object Repository/Login Admin/Verifikasi Halaman Login Admin' is present

2023-10-06 09:55:07 - [MESSAGE][WARNING] - Timeout '0' is invalid. Using default page load timeout: '30'

2023-10-06 09:55:07 - [MESSAGE][PASSED] - Object 'Object Repository/Login Admin/Verifikasi Halaman Login Admin' is present

2023-10-06 09:55:07 - [MESSAGE][PASSED] - Call Test Case 'Test Cases/Login Admin/TC-Login Admin-001' successfully

2023-10-06 09:55:07 - [TEST_STEP][PASSED] - click(findTestObject("Product Admin/Master Market")): Object: 'Object Repository/Product Admin/Master Market' is clicked on

2023-10-06 09:55:08 - [MESSAGE][PASSED] - Object: 'Object Repository/Product Admin/Master Market' is clicked on

2023-10-06 09:55:08 - [TEST_STEP][PASSED] - click(findTestObject("Product Admin/Produk Admin")): Object: 'Object Repository/Product Admin/Produk Admin' is clicked on

2023-10-06 09:55:09 - [MESSAGE][PASSED] - Object: 'Object Repository/Product Admin/Produk Admin' is clicked on

2023-10-06 09:55:09 - [TEST_STEP][PASSED] - verifyElementPresent(findTestObject("Product Admin/Veridikasi Halaman Semua Produk"), 0): Object 'Object Repository/Product Admin/Veridikasi Halaman Semua Produk' is present

2023-10-06 09:55:09 - [MESSAGE][WARNING] - Timeout '0' is invalid. Using default page load timeout: '30'

2023-10-06 09:55:09 - [MESSAGE][PASSED] - Object 'Object Repository/Product Admin/Veridikasi Halaman Semua Produk' is present

2023-10-06 09:55:09 - [MESSAGE][PASSED] - Call Test Case 'Test Cases/Product Admin/TC-PA-001' successfully

2023-10-06 09:55:09 - [TEST_STEP][PASSED] - click(findTestObject("Product Admin/Button Sort No")): Object: 'Object Repository/Product Admin/Button Sort No' is clicked on

2023-10-06 09:55:10 - [MESSAGE][PASSED] - Object: 'Object Repository/Product Admin/Button Sort No' is clicked on

2023-10-06 09:55:10 - [TEST_STEP][PASSED] - dataList = findWebElements(findTestObject("Object Repository/Product Admin/Data No Product"), 10): null

2023-10-06 09:55:10 - [TEST_STEP][PASSED] - arrProdukNoOri = []: null

2023-10-06 09:55:10 - [TEST_STEP][PASSED] - arrProdukNoSort = []: null

2023-10-06 09:55:10 - [TEST_STEP][PASSED] - for ([i = 0, i < dataList.size(), (i++)]): null

2023-10-06 09:55:10 - [TEST_STEP][PASSED] - text = text: null

2023-10-06 09:55:10 - [TEST_STEP][PASSED] - arrProdukNoOri[i] = text: null

2023-10-06 09:55:10 - [TEST_STEP][PASSED] - arrProdukNoSort[i] = text: null

2023-10-06 09:55:10 - [TEST_STEP][PASSED] - text = text: null

2023-10-06 09:55:10 - [TEST_STEP][PASSED] - arrProdukNoOri[i] = text: null

2023-10-06 09:55:10 - [TEST_STEP][PASSED] - arrProdukNoSort[i] = text: null

2023-10-06 09:55:10 - [TEST_STEP][PASSED] - text = text: null

2023-10-06 09:55:10 - [TEST_STEP][PASSED] - arrProdukNoOri[i] = text: null

2023-10-06 09:55:10 - [TEST_STEP][PASSED] - arrProdukNoSort[i] = text: null

2023-10-06 09:55:10 - [TEST_STEP][PASSED] - text = text: null

2023-10-06 09:55:10 - [TEST_STEP][PASSED] - arrProdukNoOri[i] = text: null

2023-10-06 09:55:10 - [TEST_STEP][PASSED] - arrProdukNoSort[i] = text: null

2023-10-06 09:55:10 - [TEST_STEP][PASSED] - text = text: null

2023-10-06 09:55:10 - [TEST_STEP][PASSED] - arrProdukNoOri[i] = text: null

2023-10-06 09:55:10 - [TEST_STEP][PASSED] - arrProdukNoSort[i] = text: null

2023-10-06 09:55:10 - [TEST_STEP][PASSED] - text = text: null

2023-10-06 09:55:10 - [TEST_STEP][PASSED] - arrProdukNoOri[i] = text: null

2023-10-06 09:55:10 - [TEST_STEP][PASSED] - arrProdukNoSort[i] = text: null

2023-10-06 09:55:10 - [TEST_STEP][PASSED] - text = text: null

2023-10-06 09:55:10 - [TEST_STEP][PASSED] - arrProdukNoOri[i] = text: null

2023-10-06 09:55:10 - [TEST_STEP][PASSED] - arrProdukNoSort[i] = text: null

2023-10-06 09:55:10 - [TEST_STEP][PASSED] - text = text: null

2023-10-06 09:55:10 - [TEST_STEP][PASSED] - arrProdukNoOri[i] = text: null

2023-10-06 09:55:10 - [TEST_STEP][PASSED] - arrProdukNoSort[i] = text: null

2023-10-06 09:55:10 - [TEST_STEP][PASSED] - text = text: null

2023-10-06 09:55:10 - [TEST_STEP][PASSED] - arrProdukNoOri[i] = text: null

2023-10-06 09:55:10 - [TEST_STEP][PASSED] - arrProdukNoSort[i] = text: null

2023-10-06 09:55:10 - [TEST_STEP][PASSED] - text = text: null

2023-10-06 09:55:10 - [TEST_STEP][PASSED] - arrProdukNoOri[i] = text: null

2023-10-06 09:55:10 - [TEST_STEP][PASSED] - arrProdukNoSort[i] = text: null

2023-10-06 09:55:10 - [TEST_STEP][PASSED] - Arrays.sort(arrProdukNoSort, Collections.reverseOrder()): null

2023-10-06 09:55:10 - [TEST_STEP][PASSED] - assert arrProdukNoOri == arrProdukNoSort: null]]></system-out>
         <system-err><![CDATA[]]></system-err>
      </testcase>
      <testcase name="Test Cases/Product Admin/TC-PA-004" time="24.029" classname="Test Cases/Product Admin/TC-PA-004" status="PASSED">
         <system-out><![CDATA[2023-10-06 09:55:10 - [TEST_CASE][PASSED] - Test Cases/Product Admin/TC-PA-004: Test Cases/Product Admin/TC-PA-004

2023-10-06 09:55:11 - [TEST_STEP][PASSED] - callTestCase(findTestCase("Product Admin/TC-PA-003"), [:], STOP_ON_FAILURE): Call Test Case 'Test Cases/Product Admin/TC-PA-003' successfully

2023-10-06 09:55:11 - [TEST_CASE][PASSED] - Test Cases/Product Admin/TC-PA-003: Test Cases/Product Admin/TC-PA-003

2023-10-06 09:55:11 - [TEST_STEP][PASSED] - callTestCase(findTestCase("Product Admin/TC-PA-001"), [:], STOP_ON_FAILURE): Call Test Case 'Test Cases/Product Admin/TC-PA-001' successfully

2023-10-06 09:55:11 - [TEST_CASE][PASSED] - Test Cases/Product Admin/TC-PA-001: Test Cases/Product Admin/TC-PA-001

2023-10-06 09:55:11 - [TEST_STEP][PASSED] - callTestCase(findTestCase("Login Admin/TC-Login Admin-001"), [:], STOP_ON_FAILURE): Call Test Case 'Test Cases/Login Admin/TC-Login Admin-001' successfully

2023-10-06 09:55:11 - [TEST_CASE][PASSED] - Test Cases/Login Admin/TC-Login Admin-001: Test Cases/Login Admin/TC-Login Admin-001

2023-10-06 09:55:11 - [TEST_STEP][PASSED] - openBrowser(adminTajalapak): Browser is opened with url: 'https://10.9.2.63/ecommerce/administrator'

2023-10-06 09:55:11 - [MESSAGE][WARNING] - A browser is already opened. Closing browser and opening a new one

2023-10-06 09:55:12 - [MESSAGE][INFO] - Starting 'Edge Chromium' driver

2023-10-06 09:55:12 - [MESSAGE][INFO] - User set preference: ['acceptInsecureCerts', 'true']

2023-10-06 09:55:14 - [MESSAGE][INFO] - Action delay is set to 0 milliseconds

2023-10-06 09:55:17 - [MESSAGE][PASSED] - Browser is opened with url: 'https://10.9.2.63/ecommerce/administrator'

2023-10-06 09:55:17 - [TEST_STEP][PASSED] - maximizeWindow(): Current window maximized

2023-10-06 09:55:17 - [MESSAGE][PASSED] - Current window maximized

2023-10-06 09:55:17 - [TEST_STEP][PASSED] - verifyElementPresent(findTestObject("Login Admin/Verifikasi Halaman Administrator"), 0): Object 'Object Repository/Login Admin/Verifikasi Halaman Administrator' is present

2023-10-06 09:55:17 - [MESSAGE][WARNING] - Timeout '0' is invalid. Using default page load timeout: '30'

2023-10-06 09:55:17 - [MESSAGE][PASSED] - Object 'Object Repository/Login Admin/Verifikasi Halaman Administrator' is present

2023-10-06 09:55:17 - [TEST_STEP][PASSED] - setText(findTestObject("Login Admin/Input Username Admin"), "admin"): Text 'admin' is set on object 'Object Repository/Login Admin/Input Username Admin'

2023-10-06 09:55:18 - [MESSAGE][PASSED] - Text 'admin' is set on object 'Object Repository/Login Admin/Input Username Admin'

2023-10-06 09:55:18 - [TEST_STEP][PASSED] - setEncryptedText(findTestObject("Login Admin/Input Password Admin"), "374mkdZ/lqyNS21oH+MJZQ=="): Text ****** has been set on object 'Object Repository/Login Admin/Input Password Admin'

2023-10-06 09:55:18 - [MESSAGE][PASSED] - Text ****** has been set on object 'Object Repository/Login Admin/Input Password Admin'

2023-10-06 09:55:18 - [TEST_STEP][PASSED] - delay(10): Delayed 10 second(s)

2023-10-06 09:55:28 - [MESSAGE][PASSED] - Delayed 10 second(s)

2023-10-06 09:55:28 - [TEST_STEP][PASSED] - click(findTestObject("Login Admin/Botton Sign In")): Object: 'Object Repository/Login Admin/Botton Sign In' is clicked on

2023-10-06 09:55:30 - [MESSAGE][PASSED] - Object: 'Object Repository/Login Admin/Botton Sign In' is clicked on

2023-10-06 09:55:30 - [TEST_STEP][PASSED] - verifyElementPresent(findTestObject("Login Admin/Verifikasi Halaman Login Admin"), 0): Object 'Object Repository/Login Admin/Verifikasi Halaman Login Admin' is present

2023-10-06 09:55:30 - [MESSAGE][WARNING] - Timeout '0' is invalid. Using default page load timeout: '30'

2023-10-06 09:55:30 - [MESSAGE][PASSED] - Object 'Object Repository/Login Admin/Verifikasi Halaman Login Admin' is present

2023-10-06 09:55:30 - [MESSAGE][PASSED] - Call Test Case 'Test Cases/Login Admin/TC-Login Admin-001' successfully

2023-10-06 09:55:30 - [TEST_STEP][PASSED] - click(findTestObject("Product Admin/Master Market")): Object: 'Object Repository/Product Admin/Master Market' is clicked on

2023-10-06 09:55:31 - [MESSAGE][PASSED] - Object: 'Object Repository/Product Admin/Master Market' is clicked on

2023-10-06 09:55:31 - [TEST_STEP][PASSED] - click(findTestObject("Product Admin/Produk Admin")): Object: 'Object Repository/Product Admin/Produk Admin' is clicked on

2023-10-06 09:55:32 - [MESSAGE][PASSED] - Object: 'Object Repository/Product Admin/Produk Admin' is clicked on

2023-10-06 09:55:32 - [TEST_STEP][PASSED] - verifyElementPresent(findTestObject("Product Admin/Veridikasi Halaman Semua Produk"), 0): Object 'Object Repository/Product Admin/Veridikasi Halaman Semua Produk' is present

2023-10-06 09:55:32 - [MESSAGE][WARNING] - Timeout '0' is invalid. Using default page load timeout: '30'

2023-10-06 09:55:32 - [MESSAGE][PASSED] - Object 'Object Repository/Product Admin/Veridikasi Halaman Semua Produk' is present

2023-10-06 09:55:32 - [MESSAGE][PASSED] - Call Test Case 'Test Cases/Product Admin/TC-PA-001' successfully

2023-10-06 09:55:32 - [TEST_STEP][PASSED] - click(findTestObject("Product Admin/Button Sort No")): Object: 'Object Repository/Product Admin/Button Sort No' is clicked on

2023-10-06 09:55:33 - [MESSAGE][PASSED] - Object: 'Object Repository/Product Admin/Button Sort No' is clicked on

2023-10-06 09:55:33 - [TEST_STEP][PASSED] - dataList = findWebElements(findTestObject("Object Repository/Product Admin/Data No Product"), 10): null

2023-10-06 09:55:33 - [TEST_STEP][PASSED] - arrProdukNoOri = []: null

2023-10-06 09:55:33 - [TEST_STEP][PASSED] - arrProdukNoSort = []: null

2023-10-06 09:55:33 - [TEST_STEP][PASSED] - for ([i = 0, i < dataList.size(), (i++)]): null

2023-10-06 09:55:33 - [TEST_STEP][PASSED] - text = text: null

2023-10-06 09:55:33 - [TEST_STEP][PASSED] - arrProdukNoOri[i] = text: null

2023-10-06 09:55:33 - [TEST_STEP][PASSED] - arrProdukNoSort[i] = text: null

2023-10-06 09:55:33 - [TEST_STEP][PASSED] - text = text: null

2023-10-06 09:55:33 - [TEST_STEP][PASSED] - arrProdukNoOri[i] = text: null

2023-10-06 09:55:33 - [TEST_STEP][PASSED] - arrProdukNoSort[i] = text: null

2023-10-06 09:55:33 - [TEST_STEP][PASSED] - text = text: null

2023-10-06 09:55:33 - [TEST_STEP][PASSED] - arrProdukNoOri[i] = text: null

2023-10-06 09:55:33 - [TEST_STEP][PASSED] - arrProdukNoSort[i] = text: null

2023-10-06 09:55:33 - [TEST_STEP][PASSED] - text = text: null

2023-10-06 09:55:33 - [TEST_STEP][PASSED] - arrProdukNoOri[i] = text: null

2023-10-06 09:55:33 - [TEST_STEP][PASSED] - arrProdukNoSort[i] = text: null

2023-10-06 09:55:33 - [TEST_STEP][PASSED] - text = text: null

2023-10-06 09:55:33 - [TEST_STEP][PASSED] - arrProdukNoOri[i] = text: null

2023-10-06 09:55:33 - [TEST_STEP][PASSED] - arrProdukNoSort[i] = text: null

2023-10-06 09:55:33 - [TEST_STEP][PASSED] - text = text: null

2023-10-06 09:55:33 - [TEST_STEP][PASSED] - arrProdukNoOri[i] = text: null

2023-10-06 09:55:33 - [TEST_STEP][PASSED] - arrProdukNoSort[i] = text: null

2023-10-06 09:55:33 - [TEST_STEP][PASSED] - text = text: null

2023-10-06 09:55:33 - [TEST_STEP][PASSED] - arrProdukNoOri[i] = text: null

2023-10-06 09:55:33 - [TEST_STEP][PASSED] - arrProdukNoSort[i] = text: null

2023-10-06 09:55:33 - [TEST_STEP][PASSED] - text = text: null

2023-10-06 09:55:33 - [TEST_STEP][PASSED] - arrProdukNoOri[i] = text: null

2023-10-06 09:55:33 - [TEST_STEP][PASSED] - arrProdukNoSort[i] = text: null

2023-10-06 09:55:33 - [TEST_STEP][PASSED] - text = text: null

2023-10-06 09:55:33 - [TEST_STEP][PASSED] - arrProdukNoOri[i] = text: null

2023-10-06 09:55:33 - [TEST_STEP][PASSED] - arrProdukNoSort[i] = text: null

2023-10-06 09:55:33 - [TEST_STEP][PASSED] - text = text: null

2023-10-06 09:55:33 - [TEST_STEP][PASSED] - arrProdukNoOri[i] = text: null

2023-10-06 09:55:33 - [TEST_STEP][PASSED] - arrProdukNoSort[i] = text: null

2023-10-06 09:55:33 - [TEST_STEP][PASSED] - Arrays.sort(arrProdukNoSort, Collections.reverseOrder()): null

2023-10-06 09:55:33 - [TEST_STEP][PASSED] - assert arrProdukNoOri == arrProdukNoSort: null

2023-10-06 09:55:33 - [MESSAGE][PASSED] - Call Test Case 'Test Cases/Product Admin/TC-PA-003' successfully

2023-10-06 09:55:33 - [TEST_STEP][PASSED] - click(findTestObject("Product Admin/Button Sort No")): Object: 'Object Repository/Product Admin/Button Sort No' is clicked on

2023-10-06 09:55:34 - [MESSAGE][PASSED] - Object: 'Object Repository/Product Admin/Button Sort No' is clicked on

2023-10-06 09:55:34 - [TEST_STEP][PASSED] - dataList = findWebElements(findTestObject("Object Repository/Product Admin/Data No Product"), 10): null

2023-10-06 09:55:34 - [TEST_STEP][PASSED] - arrProdukNoOri = []: null

2023-10-06 09:55:34 - [TEST_STEP][PASSED] - arrProdukNoSort = []: null

2023-10-06 09:55:34 - [TEST_STEP][PASSED] - for ([i = 0, i < dataList.size(), (i++)]): null

2023-10-06 09:55:34 - [TEST_STEP][PASSED] - text = text: null

2023-10-06 09:55:34 - [TEST_STEP][PASSED] - arrProdukNoOri[i] = Integer.parseInt(text): null

2023-10-06 09:55:34 - [TEST_STEP][PASSED] - arrProdukNoSort[i] = Integer.parseInt(text): null

2023-10-06 09:55:34 - [TEST_STEP][PASSED] - text = text: null

2023-10-06 09:55:34 - [TEST_STEP][PASSED] - arrProdukNoOri[i] = Integer.parseInt(text): null

2023-10-06 09:55:34 - [TEST_STEP][PASSED] - arrProdukNoSort[i] = Integer.parseInt(text): null

2023-10-06 09:55:34 - [TEST_STEP][PASSED] - text = text: null

2023-10-06 09:55:34 - [TEST_STEP][PASSED] - arrProdukNoOri[i] = Integer.parseInt(text): null

2023-10-06 09:55:34 - [TEST_STEP][PASSED] - arrProdukNoSort[i] = Integer.parseInt(text): null

2023-10-06 09:55:34 - [TEST_STEP][PASSED] - text = text: null

2023-10-06 09:55:34 - [TEST_STEP][PASSED] - arrProdukNoOri[i] = Integer.parseInt(text): null

2023-10-06 09:55:34 - [TEST_STEP][PASSED] - arrProdukNoSort[i] = Integer.parseInt(text): null

2023-10-06 09:55:34 - [TEST_STEP][PASSED] - text = text: null

2023-10-06 09:55:34 - [TEST_STEP][PASSED] - arrProdukNoOri[i] = Integer.parseInt(text): null

2023-10-06 09:55:34 - [TEST_STEP][PASSED] - arrProdukNoSort[i] = Integer.parseInt(text): null

2023-10-06 09:55:34 - [TEST_STEP][PASSED] - text = text: null

2023-10-06 09:55:34 - [TEST_STEP][PASSED] - arrProdukNoOri[i] = Integer.parseInt(text): null

2023-10-06 09:55:34 - [TEST_STEP][PASSED] - arrProdukNoSort[i] = Integer.parseInt(text): null

2023-10-06 09:55:34 - [TEST_STEP][PASSED] - text = text: null

2023-10-06 09:55:34 - [TEST_STEP][PASSED] - arrProdukNoOri[i] = Integer.parseInt(text): null

2023-10-06 09:55:34 - [TEST_STEP][PASSED] - arrProdukNoSort[i] = Integer.parseInt(text): null

2023-10-06 09:55:34 - [TEST_STEP][PASSED] - text = text: null

2023-10-06 09:55:34 - [TEST_STEP][PASSED] - arrProdukNoOri[i] = Integer.parseInt(text): null

2023-10-06 09:55:34 - [TEST_STEP][PASSED] - arrProdukNoSort[i] = Integer.parseInt(text): null

2023-10-06 09:55:34 - [TEST_STEP][PASSED] - text = text: null

2023-10-06 09:55:34 - [TEST_STEP][PASSED] - arrProdukNoOri[i] = Integer.parseInt(text): null

2023-10-06 09:55:34 - [TEST_STEP][PASSED] - arrProdukNoSort[i] = Integer.parseInt(text): null

2023-10-06 09:55:34 - [TEST_STEP][PASSED] - text = text: null

2023-10-06 09:55:34 - [TEST_STEP][PASSED] - arrProdukNoOri[i] = Integer.parseInt(text): null

2023-10-06 09:55:34 - [TEST_STEP][PASSED] - arrProdukNoSort[i] = Integer.parseInt(text): null

2023-10-06 09:55:34 - [TEST_STEP][PASSED] - Arrays.sort(arrProdukNoSort): null

2023-10-06 09:55:34 - [TEST_STEP][PASSED] - assert arrProdukNoOri == arrProdukNoSort: null]]></system-out>
         <system-err><![CDATA[]]></system-err>
      </testcase>
      <testcase name="Test Cases/Product Admin/TC-PA-005" time="22.743" classname="Test Cases/Product Admin/TC-PA-005" status="PASSED">
         <system-out><![CDATA[2023-10-06 09:55:34 - [TEST_CASE][PASSED] - Test Cases/Product Admin/TC-PA-005: Test Cases/Product Admin/TC-PA-005

2023-10-06 09:55:35 - [TEST_STEP][PASSED] - callTestCase(findTestCase("Product Admin/TC-PA-001"), [:], STOP_ON_FAILURE): Call Test Case 'Test Cases/Product Admin/TC-PA-001' successfully

2023-10-06 09:55:35 - [TEST_CASE][PASSED] - Test Cases/Product Admin/TC-PA-001: Test Cases/Product Admin/TC-PA-001

2023-10-06 09:55:35 - [TEST_STEP][PASSED] - callTestCase(findTestCase("Login Admin/TC-Login Admin-001"), [:], STOP_ON_FAILURE): Call Test Case 'Test Cases/Login Admin/TC-Login Admin-001' successfully

2023-10-06 09:55:35 - [TEST_CASE][PASSED] - Test Cases/Login Admin/TC-Login Admin-001: Test Cases/Login Admin/TC-Login Admin-001

2023-10-06 09:55:35 - [TEST_STEP][PASSED] - openBrowser(adminTajalapak): Browser is opened with url: 'https://10.9.2.63/ecommerce/administrator'

2023-10-06 09:55:35 - [MESSAGE][WARNING] - A browser is already opened. Closing browser and opening a new one

2023-10-06 09:55:35 - [MESSAGE][INFO] - Starting 'Edge Chromium' driver

2023-10-06 09:55:35 - [MESSAGE][INFO] - User set preference: ['acceptInsecureCerts', 'true']

2023-10-06 09:55:38 - [MESSAGE][INFO] - Action delay is set to 0 milliseconds

2023-10-06 09:55:40 - [MESSAGE][PASSED] - Browser is opened with url: 'https://10.9.2.63/ecommerce/administrator'

2023-10-06 09:55:40 - [TEST_STEP][PASSED] - maximizeWindow(): Current window maximized

2023-10-06 09:55:40 - [MESSAGE][PASSED] - Current window maximized

2023-10-06 09:55:40 - [TEST_STEP][PASSED] - verifyElementPresent(findTestObject("Login Admin/Verifikasi Halaman Administrator"), 0): Object 'Object Repository/Login Admin/Verifikasi Halaman Administrator' is present

2023-10-06 09:55:40 - [MESSAGE][WARNING] - Timeout '0' is invalid. Using default page load timeout: '30'

2023-10-06 09:55:41 - [MESSAGE][PASSED] - Object 'Object Repository/Login Admin/Verifikasi Halaman Administrator' is present

2023-10-06 09:55:41 - [TEST_STEP][PASSED] - setText(findTestObject("Login Admin/Input Username Admin"), "admin"): Text 'admin' is set on object 'Object Repository/Login Admin/Input Username Admin'

2023-10-06 09:55:41 - [MESSAGE][PASSED] - Text 'admin' is set on object 'Object Repository/Login Admin/Input Username Admin'

2023-10-06 09:55:41 - [TEST_STEP][PASSED] - setEncryptedText(findTestObject("Login Admin/Input Password Admin"), "374mkdZ/lqyNS21oH+MJZQ=="): Text ****** has been set on object 'Object Repository/Login Admin/Input Password Admin'

2023-10-06 09:55:42 - [MESSAGE][PASSED] - Text ****** has been set on object 'Object Repository/Login Admin/Input Password Admin'

2023-10-06 09:55:42 - [TEST_STEP][PASSED] - delay(10): Delayed 10 second(s)

2023-10-06 09:55:52 - [MESSAGE][PASSED] - Delayed 10 second(s)

2023-10-06 09:55:52 - [TEST_STEP][PASSED] - click(findTestObject("Login Admin/Botton Sign In")): Object: 'Object Repository/Login Admin/Botton Sign In' is clicked on

2023-10-06 09:55:54 - [MESSAGE][PASSED] - Object: 'Object Repository/Login Admin/Botton Sign In' is clicked on

2023-10-06 09:55:54 - [TEST_STEP][PASSED] - verifyElementPresent(findTestObject("Login Admin/Verifikasi Halaman Login Admin"), 0): Object 'Object Repository/Login Admin/Verifikasi Halaman Login Admin' is present

2023-10-06 09:55:54 - [MESSAGE][WARNING] - Timeout '0' is invalid. Using default page load timeout: '30'

2023-10-06 09:55:54 - [MESSAGE][PASSED] - Object 'Object Repository/Login Admin/Verifikasi Halaman Login Admin' is present

2023-10-06 09:55:54 - [MESSAGE][PASSED] - Call Test Case 'Test Cases/Login Admin/TC-Login Admin-001' successfully

2023-10-06 09:55:54 - [TEST_STEP][PASSED] - click(findTestObject("Product Admin/Master Market")): Object: 'Object Repository/Product Admin/Master Market' is clicked on

2023-10-06 09:55:55 - [MESSAGE][PASSED] - Object: 'Object Repository/Product Admin/Master Market' is clicked on

2023-10-06 09:55:55 - [TEST_STEP][PASSED] - click(findTestObject("Product Admin/Produk Admin")): Object: 'Object Repository/Product Admin/Produk Admin' is clicked on

2023-10-06 09:55:56 - [MESSAGE][PASSED] - Object: 'Object Repository/Product Admin/Produk Admin' is clicked on

2023-10-06 09:55:56 - [TEST_STEP][PASSED] - verifyElementPresent(findTestObject("Product Admin/Veridikasi Halaman Semua Produk"), 0): Object 'Object Repository/Product Admin/Veridikasi Halaman Semua Produk' is present

2023-10-06 09:55:56 - [MESSAGE][WARNING] - Timeout '0' is invalid. Using default page load timeout: '30'

2023-10-06 09:55:56 - [MESSAGE][PASSED] - Object 'Object Repository/Product Admin/Veridikasi Halaman Semua Produk' is present

2023-10-06 09:55:56 - [MESSAGE][PASSED] - Call Test Case 'Test Cases/Product Admin/TC-PA-001' successfully

2023-10-06 09:55:56 - [TEST_STEP][PASSED] - click(findTestObject("Product Admin/Button Sort Nama Produk")): Object: 'Object Repository/Product Admin/Button Sort Nama Produk' is clicked on

2023-10-06 09:55:57 - [MESSAGE][PASSED] - Object: 'Object Repository/Product Admin/Button Sort Nama Produk' is clicked on

2023-10-06 09:55:57 - [TEST_STEP][PASSED] - dataList = findWebElements(findTestObject("Object Repository/Product Admin/Data Nama Produk"), 10): null

2023-10-06 09:55:57 - [TEST_STEP][PASSED] - arrProdukNameOri = []: null

2023-10-06 09:55:57 - [TEST_STEP][PASSED] - arrProdukNameSort = []: null

2023-10-06 09:55:57 - [TEST_STEP][PASSED] - for ([i = 0, i < dataList.size(), (i++)]): null

2023-10-06 09:55:57 - [TEST_STEP][PASSED] - text = text: null

2023-10-06 09:55:57 - [TEST_STEP][PASSED] - arrProdukNameOri[i] = text: null

2023-10-06 09:55:57 - [TEST_STEP][PASSED] - arrProdukNameSort[i] = text: null

2023-10-06 09:55:57 - [TEST_STEP][PASSED] - text = text: null

2023-10-06 09:55:57 - [TEST_STEP][PASSED] - arrProdukNameOri[i] = text: null

2023-10-06 09:55:57 - [TEST_STEP][PASSED] - arrProdukNameSort[i] = text: null

2023-10-06 09:55:57 - [TEST_STEP][PASSED] - text = text: null

2023-10-06 09:55:57 - [TEST_STEP][PASSED] - arrProdukNameOri[i] = text: null

2023-10-06 09:55:57 - [TEST_STEP][PASSED] - arrProdukNameSort[i] = text: null

2023-10-06 09:55:57 - [TEST_STEP][PASSED] - text = text: null

2023-10-06 09:55:57 - [TEST_STEP][PASSED] - arrProdukNameOri[i] = text: null

2023-10-06 09:55:57 - [TEST_STEP][PASSED] - arrProdukNameSort[i] = text: null

2023-10-06 09:55:57 - [TEST_STEP][PASSED] - text = text: null

2023-10-06 09:55:57 - [TEST_STEP][PASSED] - arrProdukNameOri[i] = text: null

2023-10-06 09:55:57 - [TEST_STEP][PASSED] - arrProdukNameSort[i] = text: null

2023-10-06 09:55:57 - [TEST_STEP][PASSED] - text = text: null

2023-10-06 09:55:57 - [TEST_STEP][PASSED] - arrProdukNameOri[i] = text: null

2023-10-06 09:55:57 - [TEST_STEP][PASSED] - arrProdukNameSort[i] = text: null

2023-10-06 09:55:57 - [TEST_STEP][PASSED] - text = text: null

2023-10-06 09:55:57 - [TEST_STEP][PASSED] - arrProdukNameOri[i] = text: null

2023-10-06 09:55:57 - [TEST_STEP][PASSED] - arrProdukNameSort[i] = text: null

2023-10-06 09:55:57 - [TEST_STEP][PASSED] - text = text: null

2023-10-06 09:55:57 - [TEST_STEP][PASSED] - arrProdukNameOri[i] = text: null

2023-10-06 09:55:57 - [TEST_STEP][PASSED] - arrProdukNameSort[i] = text: null

2023-10-06 09:55:57 - [TEST_STEP][PASSED] - text = text: null

2023-10-06 09:55:57 - [TEST_STEP][PASSED] - arrProdukNameOri[i] = text: null

2023-10-06 09:55:57 - [TEST_STEP][PASSED] - arrProdukNameSort[i] = text: null

2023-10-06 09:55:57 - [TEST_STEP][PASSED] - text = text: null

2023-10-06 09:55:57 - [TEST_STEP][PASSED] - arrProdukNameOri[i] = text: null

2023-10-06 09:55:57 - [TEST_STEP][PASSED] - arrProdukNameSort[i] = text: null

2023-10-06 09:55:57 - [TEST_STEP][PASSED] - Arrays.sort(arrProdukNameSort): null

2023-10-06 09:55:57 - [TEST_STEP][PASSED] - println(arrProdukNameOri): null

2023-10-06 09:55:57 - [TEST_STEP][PASSED] - println(arrProdukNameSort): null

2023-10-06 09:55:57 - [TEST_STEP][PASSED] - assert arrProdukNameOri == arrProdukNameSort: null]]></system-out>
         <system-err><![CDATA[]]></system-err>
      </testcase>
      <testcase name="Test Cases/Product Admin/TC-PA-006" time="23.55" classname="Test Cases/Product Admin/TC-PA-006" status="FAILED">
         <failure type="FAILED" message="Test Cases/Product Admin/TC-PA-006 FAILED.
Reason:
Assertion failed: 

assert arrProdukNameOri == arrProdukNameSort
       |                |  |
       |                |  [weww, uji produk 03, Ultrabook Hackintosh Acer - I5 Haswell - 8 Gb - SSD, Uji Produk 0022, Terbaru Baju Koko Kids, Terbaru Baju Koko Kids, Super Segiempat Rebya - RYB6.7 Pink Clover, Sepatu kets, Segitiga Instan Madeira - MDB5.3 Sunset, Segitiga Instan Madeira - MDB5.2 Ocean]
       |                false
       [weww, Ultrabook Hackintosh Acer - I5 Haswell - 8 Gb - SSD, uji produk 03, Uji Produk 0022, Terbaru Baju Koko Kids, Terbaru Baju Koko Kids, Super Segiempat Rebya - RYB6.7 Pink Clover, Sepatu kets, Segitiga Instan Madeira - MDB5.3 Sunset, Segitiga Instan Madeira - MDB5.2 Ocean]

	at TC-PA-006.run(TC-PA-006:45)
	at com.kms.katalon.core.main.ScriptEngine.run(ScriptEngine.java:194)
	at com.kms.katalon.core.main.ScriptEngine.runScriptAsRawText(ScriptEngine.java:119)
	at com.kms.katalon.core.main.TestCaseExecutor.runScript(TestCaseExecutor.java:448)
	at com.kms.katalon.core.main.TestCaseExecutor.doExecute(TestCaseExecutor.java:439)
	at com.kms.katalon.core.main.TestCaseExecutor.processExecutionPhase(TestCaseExecutor.java:418)
	at com.kms.katalon.core.main.TestCaseExecutor.accessMainPhase(TestCaseExecutor.java:410)
	at com.kms.katalon.core.main.TestCaseExecutor.execute(TestCaseExecutor.java:285)
	at com.kms.katalon.core.common.CommonExecutor.accessTestCaseMainPhase(CommonExecutor.java:65)
	at com.kms.katalon.core.main.TestSuiteExecutor.accessTestSuiteMainPhase(TestSuiteExecutor.java:148)
	at com.kms.katalon.core.main.TestSuiteExecutor.execute(TestSuiteExecutor.java:106)
	at com.kms.katalon.core.main.TestCaseMain.startTestSuite(TestCaseMain.java:187)
	at com.kms.katalon.core.main.TestCaseMain$startTestSuite$0.call(Unknown Source)
	at TempTestSuite1696560832015.run(TempTestSuite1696560832015.groovy:36)
"/>
         <system-out><![CDATA[2023-10-06 09:55:57 - [TEST_CASE][FAILED] - Test Cases/Product Admin/TC-PA-006: Test Cases/Product Admin/TC-PA-006 FAILED.
Reason:
Assertion failed: 

assert arrProdukNameOri == arrProdukNameSort
       |                |  |
       |                |  [weww, uji produk 03, Ultrabook Hackintosh Acer - I5 Haswell - 8 Gb - SSD, Uji Produk 0022, Terbaru Baju Koko Kids, Terbaru Baju Koko Kids, Super Segiempat Rebya - RYB6.7 Pink Clover, Sepatu kets, Segitiga Instan Madeira - MDB5.3 Sunset, Segitiga Instan Madeira - MDB5.2 Ocean]
       |                false
       [weww, Ultrabook Hackintosh Acer - I5 Haswell - 8 Gb - SSD, uji produk 03, Uji Produk 0022, Terbaru Baju Koko Kids, Terbaru Baju Koko Kids, Super Segiempat Rebya - RYB6.7 Pink Clover, Sepatu kets, Segitiga Instan Madeira - MDB5.3 Sunset, Segitiga Instan Madeira - MDB5.2 Ocean]

	at TC-PA-006.run(TC-PA-006:45)
	at com.kms.katalon.core.main.ScriptEngine.run(ScriptEngine.java:194)
	at com.kms.katalon.core.main.ScriptEngine.runScriptAsRawText(ScriptEngine.java:119)
	at com.kms.katalon.core.main.TestCaseExecutor.runScript(TestCaseExecutor.java:448)
	at com.kms.katalon.core.main.TestCaseExecutor.doExecute(TestCaseExecutor.java:439)
	at com.kms.katalon.core.main.TestCaseExecutor.processExecutionPhase(TestCaseExecutor.java:418)
	at com.kms.katalon.core.main.TestCaseExecutor.accessMainPhase(TestCaseExecutor.java:410)
	at com.kms.katalon.core.main.TestCaseExecutor.execute(TestCaseExecutor.java:285)
	at com.kms.katalon.core.common.CommonExecutor.accessTestCaseMainPhase(CommonExecutor.java:65)
	at com.kms.katalon.core.main.TestSuiteExecutor.accessTestSuiteMainPhase(TestSuiteExecutor.java:148)
	at com.kms.katalon.core.main.TestSuiteExecutor.execute(TestSuiteExecutor.java:106)
	at com.kms.katalon.core.main.TestCaseMain.startTestSuite(TestCaseMain.java:187)
	at com.kms.katalon.core.main.TestCaseMain$startTestSuite$0.call(Unknown Source)
	at TempTestSuite1696560832015.run(TempTestSuite1696560832015.groovy:36)


2023-10-06 09:55:57 - [TEST_STEP][PASSED] - callTestCase(findTestCase("Product Admin/TC-PA-005"), [:], STOP_ON_FAILURE): Call Test Case 'Test Cases/Product Admin/TC-PA-005' successfully

2023-10-06 09:55:57 - [TEST_CASE][PASSED] - Test Cases/Product Admin/TC-PA-005: Test Cases/Product Admin/TC-PA-005

2023-10-06 09:55:57 - [TEST_STEP][PASSED] - callTestCase(findTestCase("Product Admin/TC-PA-001"), [:], STOP_ON_FAILURE): Call Test Case 'Test Cases/Product Admin/TC-PA-001' successfully

2023-10-06 09:55:57 - [TEST_CASE][PASSED] - Test Cases/Product Admin/TC-PA-001: Test Cases/Product Admin/TC-PA-001

2023-10-06 09:55:57 - [TEST_STEP][PASSED] - callTestCase(findTestCase("Login Admin/TC-Login Admin-001"), [:], STOP_ON_FAILURE): Call Test Case 'Test Cases/Login Admin/TC-Login Admin-001' successfully

2023-10-06 09:55:58 - [TEST_CASE][PASSED] - Test Cases/Login Admin/TC-Login Admin-001: Test Cases/Login Admin/TC-Login Admin-001

2023-10-06 09:55:58 - [TEST_STEP][PASSED] - openBrowser(adminTajalapak): Browser is opened with url: 'https://10.9.2.63/ecommerce/administrator'

2023-10-06 09:55:58 - [MESSAGE][WARNING] - A browser is already opened. Closing browser and opening a new one

2023-10-06 09:55:58 - [MESSAGE][INFO] - Starting 'Edge Chromium' driver

2023-10-06 09:55:58 - [MESSAGE][INFO] - User set preference: ['acceptInsecureCerts', 'true']

2023-10-06 09:56:01 - [MESSAGE][INFO] - Action delay is set to 0 milliseconds

2023-10-06 09:56:03 - [MESSAGE][PASSED] - Browser is opened with url: 'https://10.9.2.63/ecommerce/administrator'

2023-10-06 09:56:03 - [TEST_STEP][PASSED] - maximizeWindow(): Current window maximized

2023-10-06 09:56:03 - [MESSAGE][PASSED] - Current window maximized

2023-10-06 09:56:03 - [TEST_STEP][PASSED] - verifyElementPresent(findTestObject("Login Admin/Verifikasi Halaman Administrator"), 0): Object 'Object Repository/Login Admin/Verifikasi Halaman Administrator' is present

2023-10-06 09:56:03 - [MESSAGE][WARNING] - Timeout '0' is invalid. Using default page load timeout: '30'

2023-10-06 09:56:03 - [MESSAGE][PASSED] - Object 'Object Repository/Login Admin/Verifikasi Halaman Administrator' is present

2023-10-06 09:56:03 - [TEST_STEP][PASSED] - setText(findTestObject("Login Admin/Input Username Admin"), "admin"): Text 'admin' is set on object 'Object Repository/Login Admin/Input Username Admin'

2023-10-06 09:56:04 - [MESSAGE][PASSED] - Text 'admin' is set on object 'Object Repository/Login Admin/Input Username Admin'

2023-10-06 09:56:04 - [TEST_STEP][PASSED] - setEncryptedText(findTestObject("Login Admin/Input Password Admin"), "374mkdZ/lqyNS21oH+MJZQ=="): Text ****** has been set on object 'Object Repository/Login Admin/Input Password Admin'

2023-10-06 09:56:05 - [MESSAGE][PASSED] - Text ****** has been set on object 'Object Repository/Login Admin/Input Password Admin'

2023-10-06 09:56:05 - [TEST_STEP][PASSED] - delay(10): Delayed 10 second(s)

2023-10-06 09:56:15 - [MESSAGE][PASSED] - Delayed 10 second(s)

2023-10-06 09:56:15 - [TEST_STEP][PASSED] - click(findTestObject("Login Admin/Botton Sign In")): Object: 'Object Repository/Login Admin/Botton Sign In' is clicked on

2023-10-06 09:56:16 - [MESSAGE][PASSED] - Object: 'Object Repository/Login Admin/Botton Sign In' is clicked on

2023-10-06 09:56:16 - [TEST_STEP][PASSED] - verifyElementPresent(findTestObject("Login Admin/Verifikasi Halaman Login Admin"), 0): Object 'Object Repository/Login Admin/Verifikasi Halaman Login Admin' is present

2023-10-06 09:56:16 - [MESSAGE][WARNING] - Timeout '0' is invalid. Using default page load timeout: '30'

2023-10-06 09:56:17 - [MESSAGE][PASSED] - Object 'Object Repository/Login Admin/Verifikasi Halaman Login Admin' is present

2023-10-06 09:56:17 - [MESSAGE][PASSED] - Call Test Case 'Test Cases/Login Admin/TC-Login Admin-001' successfully

2023-10-06 09:56:17 - [TEST_STEP][PASSED] - click(findTestObject("Product Admin/Master Market")): Object: 'Object Repository/Product Admin/Master Market' is clicked on

2023-10-06 09:56:17 - [MESSAGE][PASSED] - Object: 'Object Repository/Product Admin/Master Market' is clicked on

2023-10-06 09:56:17 - [TEST_STEP][PASSED] - click(findTestObject("Product Admin/Produk Admin")): Object: 'Object Repository/Product Admin/Produk Admin' is clicked on

2023-10-06 09:56:18 - [MESSAGE][PASSED] - Object: 'Object Repository/Product Admin/Produk Admin' is clicked on

2023-10-06 09:56:18 - [TEST_STEP][PASSED] - verifyElementPresent(findTestObject("Product Admin/Veridikasi Halaman Semua Produk"), 0): Object 'Object Repository/Product Admin/Veridikasi Halaman Semua Produk' is present

2023-10-06 09:56:18 - [MESSAGE][WARNING] - Timeout '0' is invalid. Using default page load timeout: '30'

2023-10-06 09:56:19 - [MESSAGE][PASSED] - Object 'Object Repository/Product Admin/Veridikasi Halaman Semua Produk' is present

2023-10-06 09:56:19 - [MESSAGE][PASSED] - Call Test Case 'Test Cases/Product Admin/TC-PA-001' successfully

2023-10-06 09:56:19 - [TEST_STEP][PASSED] - click(findTestObject("Product Admin/Button Sort Nama Produk")): Object: 'Object Repository/Product Admin/Button Sort Nama Produk' is clicked on

2023-10-06 09:56:19 - [MESSAGE][PASSED] - Object: 'Object Repository/Product Admin/Button Sort Nama Produk' is clicked on

2023-10-06 09:56:19 - [TEST_STEP][PASSED] - dataList = findWebElements(findTestObject("Object Repository/Product Admin/Data Nama Produk"), 10): null

2023-10-06 09:56:20 - [TEST_STEP][PASSED] - arrProdukNameOri = []: null

2023-10-06 09:56:20 - [TEST_STEP][PASSED] - arrProdukNameSort = []: null

2023-10-06 09:56:20 - [TEST_STEP][PASSED] - for ([i = 0, i < dataList.size(), (i++)]): null

2023-10-06 09:56:20 - [TEST_STEP][PASSED] - text = text: null

2023-10-06 09:56:20 - [TEST_STEP][PASSED] - arrProdukNameOri[i] = text: null

2023-10-06 09:56:20 - [TEST_STEP][PASSED] - arrProdukNameSort[i] = text: null

2023-10-06 09:56:20 - [TEST_STEP][PASSED] - text = text: null

2023-10-06 09:56:20 - [TEST_STEP][PASSED] - arrProdukNameOri[i] = text: null

2023-10-06 09:56:20 - [TEST_STEP][PASSED] - arrProdukNameSort[i] = text: null

2023-10-06 09:56:20 - [TEST_STEP][PASSED] - text = text: null

2023-10-06 09:56:20 - [TEST_STEP][PASSED] - arrProdukNameOri[i] = text: null

2023-10-06 09:56:20 - [TEST_STEP][PASSED] - arrProdukNameSort[i] = text: null

2023-10-06 09:56:20 - [TEST_STEP][PASSED] - text = text: null

2023-10-06 09:56:20 - [TEST_STEP][PASSED] - arrProdukNameOri[i] = text: null

2023-10-06 09:56:20 - [TEST_STEP][PASSED] - arrProdukNameSort[i] = text: null

2023-10-06 09:56:20 - [TEST_STEP][PASSED] - text = text: null

2023-10-06 09:56:20 - [TEST_STEP][PASSED] - arrProdukNameOri[i] = text: null

2023-10-06 09:56:20 - [TEST_STEP][PASSED] - arrProdukNameSort[i] = text: null

2023-10-06 09:56:20 - [TEST_STEP][PASSED] - text = text: null

2023-10-06 09:56:20 - [TEST_STEP][PASSED] - arrProdukNameOri[i] = text: null

2023-10-06 09:56:20 - [TEST_STEP][PASSED] - arrProdukNameSort[i] = text: null

2023-10-06 09:56:20 - [TEST_STEP][PASSED] - text = text: null

2023-10-06 09:56:20 - [TEST_STEP][PASSED] - arrProdukNameOri[i] = text: null

2023-10-06 09:56:20 - [TEST_STEP][PASSED] - arrProdukNameSort[i] = text: null

2023-10-06 09:56:20 - [TEST_STEP][PASSED] - text = text: null

2023-10-06 09:56:20 - [TEST_STEP][PASSED] - arrProdukNameOri[i] = text: null

2023-10-06 09:56:20 - [TEST_STEP][PASSED] - arrProdukNameSort[i] = text: null

2023-10-06 09:56:20 - [TEST_STEP][PASSED] - text = text: null

2023-10-06 09:56:20 - [TEST_STEP][PASSED] - arrProdukNameOri[i] = text: null

2023-10-06 09:56:20 - [TEST_STEP][PASSED] - arrProdukNameSort[i] = text: null

2023-10-06 09:56:20 - [TEST_STEP][PASSED] - text = text: null

2023-10-06 09:56:20 - [TEST_STEP][PASSED] - arrProdukNameOri[i] = text: null

2023-10-06 09:56:20 - [TEST_STEP][PASSED] - arrProdukNameSort[i] = text: null

2023-10-06 09:56:20 - [TEST_STEP][PASSED] - Arrays.sort(arrProdukNameSort): null

2023-10-06 09:56:20 - [TEST_STEP][PASSED] - println(arrProdukNameOri): null

2023-10-06 09:56:20 - [TEST_STEP][PASSED] - println(arrProdukNameSort): null

2023-10-06 09:56:20 - [TEST_STEP][PASSED] - assert arrProdukNameOri == arrProdukNameSort: null

2023-10-06 09:56:20 - [MESSAGE][PASSED] - Call Test Case 'Test Cases/Product Admin/TC-PA-005' successfully

2023-10-06 09:56:20 - [TEST_STEP][PASSED] - click(findTestObject("Product Admin/Button Sort Nama Produk")): Object: 'Object Repository/Product Admin/Button Sort Nama Produk' is clicked on

2023-10-06 09:56:20 - [MESSAGE][PASSED] - Object: 'Object Repository/Product Admin/Button Sort Nama Produk' is clicked on

2023-10-06 09:56:20 - [TEST_STEP][PASSED] - dataList = findWebElements(findTestObject("Object Repository/Product Admin/Data Nama Produk"), 10): null

2023-10-06 09:56:21 - [TEST_STEP][PASSED] - arrProdukNameOri = []: null

2023-10-06 09:56:21 - [TEST_STEP][PASSED] - arrProdukNameSort = []: null

2023-10-06 09:56:21 - [TEST_STEP][PASSED] - for ([i = 0, i < dataList.size(), (i++)]): null

2023-10-06 09:56:21 - [TEST_STEP][PASSED] - text = text: null

2023-10-06 09:56:21 - [TEST_STEP][PASSED] - arrProdukNameOri[i] = text: null

2023-10-06 09:56:21 - [TEST_STEP][PASSED] - arrProdukNameSort[i] = text: null

2023-10-06 09:56:21 - [TEST_STEP][PASSED] - text = text: null

2023-10-06 09:56:21 - [TEST_STEP][PASSED] - arrProdukNameOri[i] = text: null

2023-10-06 09:56:21 - [TEST_STEP][PASSED] - arrProdukNameSort[i] = text: null

2023-10-06 09:56:21 - [TEST_STEP][PASSED] - text = text: null

2023-10-06 09:56:21 - [TEST_STEP][PASSED] - arrProdukNameOri[i] = text: null

2023-10-06 09:56:21 - [TEST_STEP][PASSED] - arrProdukNameSort[i] = text: null

2023-10-06 09:56:21 - [TEST_STEP][PASSED] - text = text: null

2023-10-06 09:56:21 - [TEST_STEP][PASSED] - arrProdukNameOri[i] = text: null

2023-10-06 09:56:21 - [TEST_STEP][PASSED] - arrProdukNameSort[i] = text: null

2023-10-06 09:56:21 - [TEST_STEP][PASSED] - text = text: null

2023-10-06 09:56:21 - [TEST_STEP][PASSED] - arrProdukNameOri[i] = text: null

2023-10-06 09:56:21 - [TEST_STEP][PASSED] - arrProdukNameSort[i] = text: null

2023-10-06 09:56:21 - [TEST_STEP][PASSED] - text = text: null

2023-10-06 09:56:21 - [TEST_STEP][PASSED] - arrProdukNameOri[i] = text: null

2023-10-06 09:56:21 - [TEST_STEP][PASSED] - arrProdukNameSort[i] = text: null

2023-10-06 09:56:21 - [TEST_STEP][PASSED] - text = text: null

2023-10-06 09:56:21 - [TEST_STEP][PASSED] - arrProdukNameOri[i] = text: null

2023-10-06 09:56:21 - [TEST_STEP][PASSED] - arrProdukNameSort[i] = text: null

2023-10-06 09:56:21 - [TEST_STEP][PASSED] - text = text: null

2023-10-06 09:56:21 - [TEST_STEP][PASSED] - arrProdukNameOri[i] = text: null

2023-10-06 09:56:21 - [TEST_STEP][PASSED] - arrProdukNameSort[i] = text: null

2023-10-06 09:56:21 - [TEST_STEP][PASSED] - text = text: null

2023-10-06 09:56:21 - [TEST_STEP][PASSED] - arrProdukNameOri[i] = text: null

2023-10-06 09:56:21 - [TEST_STEP][PASSED] - arrProdukNameSort[i] = text: null

2023-10-06 09:56:21 - [TEST_STEP][PASSED] - text = text: null

2023-10-06 09:56:21 - [TEST_STEP][PASSED] - arrProdukNameOri[i] = text: null

2023-10-06 09:56:21 - [TEST_STEP][PASSED] - arrProdukNameSort[i] = text: null

2023-10-06 09:56:21 - [TEST_STEP][PASSED] - Arrays.sort(arrProdukNameSort, Collections.reverseOrder()): null

2023-10-06 09:56:21 - [TEST_STEP][PASSED] - println(arrProdukNameOri): null

2023-10-06 09:56:21 - [TEST_STEP][PASSED] - println(arrProdukNameSort): null

2023-10-06 09:56:21 - [TEST_STEP][FAILED] - assert arrProdukNameOri == arrProdukNameSort: Test Cases/Product Admin/TC-PA-006 FAILED.
Reason:
Assertion failed: 

assert arrProdukNameOri == arrProdukNameSort
       |                |  |
       |                |  [weww, uji produk 03, Ultrabook Hackintosh Acer - I5 Haswell - 8 Gb - SSD, Uji Produk 0022, Terbaru Baju Koko Kids, Terbaru Baju Koko Kids, Super Segiempat Rebya - RYB6.7 Pink Clover, Sepatu kets, Segitiga Instan Madeira - MDB5.3 Sunset, Segitiga Instan Madeira - MDB5.2 Ocean]
       |                false
       [weww, Ultrabook Hackintosh Acer - I5 Haswell - 8 Gb - SSD, uji produk 03, Uji Produk 0022, Terbaru Baju Koko Kids, Terbaru Baju Koko Kids, Super Segiempat Rebya - RYB6.7 Pink Clover, Sepatu kets, Segitiga Instan Madeira - MDB5.3 Sunset, Segitiga Instan Madeira - MDB5.2 Ocean]

	at TC-PA-006.run(TC-PA-006:45)
	at com.kms.katalon.core.main.ScriptEngine.run(ScriptEngine.java:194)
	at com.kms.katalon.core.main.ScriptEngine.runScriptAsRawText(ScriptEngine.java:119)
	at com.kms.katalon.core.main.TestCaseExecutor.runScript(TestCaseExecutor.java:448)
	at com.kms.katalon.core.main.TestCaseExecutor.doExecute(TestCaseExecutor.java:439)
	at com.kms.katalon.core.main.TestCaseExecutor.processExecutionPhase(TestCaseExecutor.java:418)
	at com.kms.katalon.core.main.TestCaseExecutor.accessMainPhase(TestCaseExecutor.java:410)
	at com.kms.katalon.core.main.TestCaseExecutor.execute(TestCaseExecutor.java:285)
	at com.kms.katalon.core.common.CommonExecutor.accessTestCaseMainPhase(CommonExecutor.java:65)
	at com.kms.katalon.core.main.TestSuiteExecutor.accessTestSuiteMainPhase(TestSuiteExecutor.java:148)
	at com.kms.katalon.core.main.TestSuiteExecutor.execute(TestSuiteExecutor.java:106)
	at com.kms.katalon.core.main.TestCaseMain.startTestSuite(TestCaseMain.java:187)
	at com.kms.katalon.core.main.TestCaseMain$startTestSuite$0.call(Unknown Source)
	at TempTestSuite1696560832015.run(TempTestSuite1696560832015.groovy:36)


2023-10-06 09:56:21 - [MESSAGE][FAILED] - Test Cases/Product Admin/TC-PA-006 FAILED.
Reason:
Assertion failed: 

assert arrProdukNameOri == arrProdukNameSort
       |                |  |
       |                |  [weww, uji produk 03, Ultrabook Hackintosh Acer - I5 Haswell - 8 Gb - SSD, Uji Produk 0022, Terbaru Baju Koko Kids, Terbaru Baju Koko Kids, Super Segiempat Rebya - RYB6.7 Pink Clover, Sepatu kets, Segitiga Instan Madeira - MDB5.3 Sunset, Segitiga Instan Madeira - MDB5.2 Ocean]
       |                false
       [weww, Ultrabook Hackintosh Acer - I5 Haswell - 8 Gb - SSD, uji produk 03, Uji Produk 0022, Terbaru Baju Koko Kids, Terbaru Baju Koko Kids, Super Segiempat Rebya - RYB6.7 Pink Clover, Sepatu kets, Segitiga Instan Madeira - MDB5.3 Sunset, Segitiga Instan Madeira - MDB5.2 Ocean]

	at TC-PA-006.run(TC-PA-006:45)
	at com.kms.katalon.core.main.ScriptEngine.run(ScriptEngine.java:194)
	at com.kms.katalon.core.main.ScriptEngine.runScriptAsRawText(ScriptEngine.java:119)
	at com.kms.katalon.core.main.TestCaseExecutor.runScript(TestCaseExecutor.java:448)
	at com.kms.katalon.core.main.TestCaseExecutor.doExecute(TestCaseExecutor.java:439)
	at com.kms.katalon.core.main.TestCaseExecutor.processExecutionPhase(TestCaseExecutor.java:418)
	at com.kms.katalon.core.main.TestCaseExecutor.accessMainPhase(TestCaseExecutor.java:410)
	at com.kms.katalon.core.main.TestCaseExecutor.execute(TestCaseExecutor.java:285)
	at com.kms.katalon.core.common.CommonExecutor.accessTestCaseMainPhase(CommonExecutor.java:65)
	at com.kms.katalon.core.main.TestSuiteExecutor.accessTestSuiteMainPhase(TestSuiteExecutor.java:148)
	at com.kms.katalon.core.main.TestSuiteExecutor.execute(TestSuiteExecutor.java:106)
	at com.kms.katalon.core.main.TestCaseMain.startTestSuite(TestCaseMain.java:187)
	at com.kms.katalon.core.main.TestCaseMain$startTestSuite$0.call(Unknown Source)
	at TempTestSuite1696560832015.run(TempTestSuite1696560832015.groovy:36)]]></system-out>
         <system-err><![CDATA[2023-10-06 09:55:57 - [TEST_CASE][FAILED] - Test Cases/Product Admin/TC-PA-006: Test Cases/Product Admin/TC-PA-006 FAILED.
Reason:
Assertion failed: 

assert arrProdukNameOri == arrProdukNameSort
       |                |  |
       |                |  [weww, uji produk 03, Ultrabook Hackintosh Acer - I5 Haswell - 8 Gb - SSD, Uji Produk 0022, Terbaru Baju Koko Kids, Terbaru Baju Koko Kids, Super Segiempat Rebya - RYB6.7 Pink Clover, Sepatu kets, Segitiga Instan Madeira - MDB5.3 Sunset, Segitiga Instan Madeira - MDB5.2 Ocean]
       |                false
       [weww, Ultrabook Hackintosh Acer - I5 Haswell - 8 Gb - SSD, uji produk 03, Uji Produk 0022, Terbaru Baju Koko Kids, Terbaru Baju Koko Kids, Super Segiempat Rebya - RYB6.7 Pink Clover, Sepatu kets, Segitiga Instan Madeira - MDB5.3 Sunset, Segitiga Instan Madeira - MDB5.2 Ocean]

	at TC-PA-006.run(TC-PA-006:45)
	at com.kms.katalon.core.main.ScriptEngine.run(ScriptEngine.java:194)
	at com.kms.katalon.core.main.ScriptEngine.runScriptAsRawText(ScriptEngine.java:119)
	at com.kms.katalon.core.main.TestCaseExecutor.runScript(TestCaseExecutor.java:448)
	at com.kms.katalon.core.main.TestCaseExecutor.doExecute(TestCaseExecutor.java:439)
	at com.kms.katalon.core.main.TestCaseExecutor.processExecutionPhase(TestCaseExecutor.java:418)
	at com.kms.katalon.core.main.TestCaseExecutor.accessMainPhase(TestCaseExecutor.java:410)
	at com.kms.katalon.core.main.TestCaseExecutor.execute(TestCaseExecutor.java:285)
	at com.kms.katalon.core.common.CommonExecutor.accessTestCaseMainPhase(CommonExecutor.java:65)
	at com.kms.katalon.core.main.TestSuiteExecutor.accessTestSuiteMainPhase(TestSuiteExecutor.java:148)
	at com.kms.katalon.core.main.TestSuiteExecutor.execute(TestSuiteExecutor.java:106)
	at com.kms.katalon.core.main.TestCaseMain.startTestSuite(TestCaseMain.java:187)
	at com.kms.katalon.core.main.TestCaseMain$startTestSuite$0.call(Unknown Source)
	at TempTestSuite1696560832015.run(TempTestSuite1696560832015.groovy:36)]]></system-err>
      </testcase>
      <testcase name="Test Cases/Product Admin/TC-PA-007" time="22.863" classname="Test Cases/Product Admin/TC-PA-007" status="PASSED">
         <system-out><![CDATA[2023-10-06 09:56:21 - [TEST_CASE][PASSED] - Test Cases/Product Admin/TC-PA-007: Test Cases/Product Admin/TC-PA-007

2023-10-06 09:56:21 - [TEST_STEP][PASSED] - callTestCase(findTestCase("Product Admin/TC-PA-001"), [:], STOP_ON_FAILURE): Call Test Case 'Test Cases/Product Admin/TC-PA-001' successfully

2023-10-06 09:56:21 - [TEST_CASE][PASSED] - Test Cases/Product Admin/TC-PA-001: Test Cases/Product Admin/TC-PA-001

2023-10-06 09:56:21 - [TEST_STEP][PASSED] - callTestCase(findTestCase("Login Admin/TC-Login Admin-001"), [:], STOP_ON_FAILURE): Call Test Case 'Test Cases/Login Admin/TC-Login Admin-001' successfully

2023-10-06 09:56:21 - [TEST_CASE][PASSED] - Test Cases/Login Admin/TC-Login Admin-001: Test Cases/Login Admin/TC-Login Admin-001

2023-10-06 09:56:21 - [TEST_STEP][PASSED] - openBrowser(adminTajalapak): Browser is opened with url: 'https://10.9.2.63/ecommerce/administrator'

2023-10-06 09:56:21 - [MESSAGE][WARNING] - A browser is already opened. Closing browser and opening a new one

2023-10-06 09:56:22 - [MESSAGE][INFO] - Starting 'Edge Chromium' driver

2023-10-06 09:56:22 - [MESSAGE][INFO] - User set preference: ['acceptInsecureCerts', 'true']

2023-10-06 09:56:24 - [MESSAGE][INFO] - Action delay is set to 0 milliseconds

2023-10-06 09:56:27 - [MESSAGE][PASSED] - Browser is opened with url: 'https://10.9.2.63/ecommerce/administrator'

2023-10-06 09:56:27 - [TEST_STEP][PASSED] - maximizeWindow(): Current window maximized

2023-10-06 09:56:27 - [MESSAGE][PASSED] - Current window maximized

2023-10-06 09:56:27 - [TEST_STEP][PASSED] - verifyElementPresent(findTestObject("Login Admin/Verifikasi Halaman Administrator"), 0): Object 'Object Repository/Login Admin/Verifikasi Halaman Administrator' is present

2023-10-06 09:56:27 - [MESSAGE][WARNING] - Timeout '0' is invalid. Using default page load timeout: '30'

2023-10-06 09:56:27 - [MESSAGE][PASSED] - Object 'Object Repository/Login Admin/Verifikasi Halaman Administrator' is present

2023-10-06 09:56:27 - [TEST_STEP][PASSED] - setText(findTestObject("Login Admin/Input Username Admin"), "admin"): Text 'admin' is set on object 'Object Repository/Login Admin/Input Username Admin'

2023-10-06 09:56:28 - [MESSAGE][PASSED] - Text 'admin' is set on object 'Object Repository/Login Admin/Input Username Admin'

2023-10-06 09:56:28 - [TEST_STEP][PASSED] - setEncryptedText(findTestObject("Login Admin/Input Password Admin"), "374mkdZ/lqyNS21oH+MJZQ=="): Text ****** has been set on object 'Object Repository/Login Admin/Input Password Admin'

2023-10-06 09:56:28 - [MESSAGE][PASSED] - Text ****** has been set on object 'Object Repository/Login Admin/Input Password Admin'

2023-10-06 09:56:28 - [TEST_STEP][PASSED] - delay(10): Delayed 10 second(s)

2023-10-06 09:56:38 - [MESSAGE][PASSED] - Delayed 10 second(s)

2023-10-06 09:56:38 - [TEST_STEP][PASSED] - click(findTestObject("Login Admin/Botton Sign In")): Object: 'Object Repository/Login Admin/Botton Sign In' is clicked on

2023-10-06 09:56:40 - [MESSAGE][PASSED] - Object: 'Object Repository/Login Admin/Botton Sign In' is clicked on

2023-10-06 09:56:40 - [TEST_STEP][PASSED] - verifyElementPresent(findTestObject("Login Admin/Verifikasi Halaman Login Admin"), 0): Object 'Object Repository/Login Admin/Verifikasi Halaman Login Admin' is present

2023-10-06 09:56:40 - [MESSAGE][WARNING] - Timeout '0' is invalid. Using default page load timeout: '30'

2023-10-06 09:56:41 - [MESSAGE][PASSED] - Object 'Object Repository/Login Admin/Verifikasi Halaman Login Admin' is present

2023-10-06 09:56:41 - [MESSAGE][PASSED] - Call Test Case 'Test Cases/Login Admin/TC-Login Admin-001' successfully

2023-10-06 09:56:41 - [TEST_STEP][PASSED] - click(findTestObject("Product Admin/Master Market")): Object: 'Object Repository/Product Admin/Master Market' is clicked on

2023-10-06 09:56:41 - [MESSAGE][PASSED] - Object: 'Object Repository/Product Admin/Master Market' is clicked on

2023-10-06 09:56:41 - [TEST_STEP][PASSED] - click(findTestObject("Product Admin/Produk Admin")): Object: 'Object Repository/Product Admin/Produk Admin' is clicked on

2023-10-06 09:56:42 - [MESSAGE][PASSED] - Object: 'Object Repository/Product Admin/Produk Admin' is clicked on

2023-10-06 09:56:42 - [TEST_STEP][PASSED] - verifyElementPresent(findTestObject("Product Admin/Veridikasi Halaman Semua Produk"), 0): Object 'Object Repository/Product Admin/Veridikasi Halaman Semua Produk' is present

2023-10-06 09:56:42 - [MESSAGE][WARNING] - Timeout '0' is invalid. Using default page load timeout: '30'

2023-10-06 09:56:43 - [MESSAGE][PASSED] - Object 'Object Repository/Product Admin/Veridikasi Halaman Semua Produk' is present

2023-10-06 09:56:43 - [MESSAGE][PASSED] - Call Test Case 'Test Cases/Product Admin/TC-PA-001' successfully

2023-10-06 09:56:43 - [TEST_STEP][PASSED] - click(findTestObject("Product Admin/Button Sort Modal")): Object: 'Object Repository/Product Admin/Button Sort Modal' is clicked on

2023-10-06 09:56:43 - [MESSAGE][PASSED] - Object: 'Object Repository/Product Admin/Button Sort Modal' is clicked on

2023-10-06 09:56:43 - [TEST_STEP][PASSED] - dataList = findWebElements(findTestObject("Object Repository/Product Admin/Data Harga Modal"), 10): null

2023-10-06 09:56:43 - [TEST_STEP][PASSED] - arrProdukNameOri = []: null

2023-10-06 09:56:43 - [TEST_STEP][PASSED] - arrProdukNameSort = []: null

2023-10-06 09:56:43 - [TEST_STEP][PASSED] - for ([i = 0, i < dataList.size(), (i++)]): null

2023-10-06 09:56:43 - [TEST_STEP][PASSED] - text = text: null

2023-10-06 09:56:43 - [TEST_STEP][PASSED] - arrProdukNameOri[i] = Integer.parseInt(text.replace(",", "")): null

2023-10-06 09:56:43 - [TEST_STEP][PASSED] - arrProdukNameSort[i] = Integer.parseInt(text.replace(",", "")): null

2023-10-06 09:56:43 - [TEST_STEP][PASSED] - text = text: null

2023-10-06 09:56:43 - [TEST_STEP][PASSED] - arrProdukNameOri[i] = Integer.parseInt(text.replace(",", "")): null

2023-10-06 09:56:43 - [TEST_STEP][PASSED] - arrProdukNameSort[i] = Integer.parseInt(text.replace(",", "")): null

2023-10-06 09:56:43 - [TEST_STEP][PASSED] - text = text: null

2023-10-06 09:56:43 - [TEST_STEP][PASSED] - arrProdukNameOri[i] = Integer.parseInt(text.replace(",", "")): null

2023-10-06 09:56:43 - [TEST_STEP][PASSED] - arrProdukNameSort[i] = Integer.parseInt(text.replace(",", "")): null

2023-10-06 09:56:43 - [TEST_STEP][PASSED] - text = text: null

2023-10-06 09:56:43 - [TEST_STEP][PASSED] - arrProdukNameOri[i] = Integer.parseInt(text.replace(",", "")): null

2023-10-06 09:56:43 - [TEST_STEP][PASSED] - arrProdukNameSort[i] = Integer.parseInt(text.replace(",", "")): null

2023-10-06 09:56:43 - [TEST_STEP][PASSED] - text = text: null

2023-10-06 09:56:43 - [TEST_STEP][PASSED] - arrProdukNameOri[i] = Integer.parseInt(text.replace(",", "")): null

2023-10-06 09:56:43 - [TEST_STEP][PASSED] - arrProdukNameSort[i] = Integer.parseInt(text.replace(",", "")): null

2023-10-06 09:56:43 - [TEST_STEP][PASSED] - text = text: null

2023-10-06 09:56:43 - [TEST_STEP][PASSED] - arrProdukNameOri[i] = Integer.parseInt(text.replace(",", "")): null

2023-10-06 09:56:43 - [TEST_STEP][PASSED] - arrProdukNameSort[i] = Integer.parseInt(text.replace(",", "")): null

2023-10-06 09:56:43 - [TEST_STEP][PASSED] - text = text: null

2023-10-06 09:56:43 - [TEST_STEP][PASSED] - arrProdukNameOri[i] = Integer.parseInt(text.replace(",", "")): null

2023-10-06 09:56:43 - [TEST_STEP][PASSED] - arrProdukNameSort[i] = Integer.parseInt(text.replace(",", "")): null

2023-10-06 09:56:43 - [TEST_STEP][PASSED] - text = text: null

2023-10-06 09:56:44 - [TEST_STEP][PASSED] - arrProdukNameOri[i] = Integer.parseInt(text.replace(",", "")): null

2023-10-06 09:56:44 - [TEST_STEP][PASSED] - arrProdukNameSort[i] = Integer.parseInt(text.replace(",", "")): null

2023-10-06 09:56:44 - [TEST_STEP][PASSED] - text = text: null

2023-10-06 09:56:44 - [TEST_STEP][PASSED] - arrProdukNameOri[i] = Integer.parseInt(text.replace(",", "")): null

2023-10-06 09:56:44 - [TEST_STEP][PASSED] - arrProdukNameSort[i] = Integer.parseInt(text.replace(",", "")): null

2023-10-06 09:56:44 - [TEST_STEP][PASSED] - text = text: null

2023-10-06 09:56:44 - [TEST_STEP][PASSED] - arrProdukNameOri[i] = Integer.parseInt(text.replace(",", "")): null

2023-10-06 09:56:44 - [TEST_STEP][PASSED] - arrProdukNameSort[i] = Integer.parseInt(text.replace(",", "")): null

2023-10-06 09:56:44 - [TEST_STEP][PASSED] - Arrays.sort(arrProdukNameSort): null

2023-10-06 09:56:44 - [TEST_STEP][PASSED] - println(arrProdukNameOri): null

2023-10-06 09:56:44 - [TEST_STEP][PASSED] - println(arrProdukNameSort): null

2023-10-06 09:56:44 - [TEST_STEP][PASSED] - assert arrProdukNameOri == arrProdukNameSort: null]]></system-out>
         <system-err><![CDATA[]]></system-err>
      </testcase>
      <testcase name="Test Cases/Product Admin/TC-PA-008" time="23.977" classname="Test Cases/Product Admin/TC-PA-008" status="PASSED">
         <system-out><![CDATA[2023-10-06 09:56:44 - [TEST_CASE][PASSED] - Test Cases/Product Admin/TC-PA-008: Test Cases/Product Admin/TC-PA-008

2023-10-06 09:56:44 - [TEST_STEP][PASSED] - callTestCase(findTestCase("Product Admin/TC-PA-007"), [:], STOP_ON_FAILURE): Call Test Case 'Test Cases/Product Admin/TC-PA-007' successfully

2023-10-06 09:56:44 - [TEST_CASE][PASSED] - Test Cases/Product Admin/TC-PA-007: Test Cases/Product Admin/TC-PA-007

2023-10-06 09:56:44 - [TEST_STEP][PASSED] - callTestCase(findTestCase("Product Admin/TC-PA-001"), [:], STOP_ON_FAILURE): Call Test Case 'Test Cases/Product Admin/TC-PA-001' successfully

2023-10-06 09:56:44 - [TEST_CASE][PASSED] - Test Cases/Product Admin/TC-PA-001: Test Cases/Product Admin/TC-PA-001

2023-10-06 09:56:44 - [TEST_STEP][PASSED] - callTestCase(findTestCase("Login Admin/TC-Login Admin-001"), [:], STOP_ON_FAILURE): Call Test Case 'Test Cases/Login Admin/TC-Login Admin-001' successfully

2023-10-06 09:56:44 - [TEST_CASE][PASSED] - Test Cases/Login Admin/TC-Login Admin-001: Test Cases/Login Admin/TC-Login Admin-001

2023-10-06 09:56:44 - [TEST_STEP][PASSED] - openBrowser(adminTajalapak): Browser is opened with url: 'https://10.9.2.63/ecommerce/administrator'

2023-10-06 09:56:44 - [MESSAGE][WARNING] - A browser is already opened. Closing browser and opening a new one

2023-10-06 09:56:45 - [MESSAGE][INFO] - Starting 'Edge Chromium' driver

2023-10-06 09:56:45 - [MESSAGE][INFO] - User set preference: ['acceptInsecureCerts', 'true']

2023-10-06 09:56:47 - [MESSAGE][INFO] - Action delay is set to 0 milliseconds

2023-10-06 09:56:49 - [MESSAGE][PASSED] - Browser is opened with url: 'https://10.9.2.63/ecommerce/administrator'

2023-10-06 09:56:49 - [TEST_STEP][PASSED] - maximizeWindow(): Current window maximized

2023-10-06 09:56:49 - [MESSAGE][PASSED] - Current window maximized

2023-10-06 09:56:49 - [TEST_STEP][PASSED] - verifyElementPresent(findTestObject("Login Admin/Verifikasi Halaman Administrator"), 0): Object 'Object Repository/Login Admin/Verifikasi Halaman Administrator' is present

2023-10-06 09:56:49 - [MESSAGE][WARNING] - Timeout '0' is invalid. Using default page load timeout: '30'

2023-10-06 09:56:50 - [MESSAGE][PASSED] - Object 'Object Repository/Login Admin/Verifikasi Halaman Administrator' is present

2023-10-06 09:56:50 - [TEST_STEP][PASSED] - setText(findTestObject("Login Admin/Input Username Admin"), "admin"): Text 'admin' is set on object 'Object Repository/Login Admin/Input Username Admin'

2023-10-06 09:56:51 - [MESSAGE][PASSED] - Text 'admin' is set on object 'Object Repository/Login Admin/Input Username Admin'

2023-10-06 09:56:51 - [TEST_STEP][PASSED] - setEncryptedText(findTestObject("Login Admin/Input Password Admin"), "374mkdZ/lqyNS21oH+MJZQ=="): Text ****** has been set on object 'Object Repository/Login Admin/Input Password Admin'

2023-10-06 09:56:51 - [MESSAGE][PASSED] - Text ****** has been set on object 'Object Repository/Login Admin/Input Password Admin'

2023-10-06 09:56:51 - [TEST_STEP][PASSED] - delay(10): Delayed 10 second(s)

2023-10-06 09:57:01 - [MESSAGE][PASSED] - Delayed 10 second(s)

2023-10-06 09:57:01 - [TEST_STEP][PASSED] - click(findTestObject("Login Admin/Botton Sign In")): Object: 'Object Repository/Login Admin/Botton Sign In' is clicked on

2023-10-06 09:57:03 - [MESSAGE][PASSED] - Object: 'Object Repository/Login Admin/Botton Sign In' is clicked on

2023-10-06 09:57:03 - [TEST_STEP][PASSED] - verifyElementPresent(findTestObject("Login Admin/Verifikasi Halaman Login Admin"), 0): Object 'Object Repository/Login Admin/Verifikasi Halaman Login Admin' is present

2023-10-06 09:57:03 - [MESSAGE][WARNING] - Timeout '0' is invalid. Using default page load timeout: '30'

2023-10-06 09:57:03 - [MESSAGE][PASSED] - Object 'Object Repository/Login Admin/Verifikasi Halaman Login Admin' is present

2023-10-06 09:57:03 - [MESSAGE][PASSED] - Call Test Case 'Test Cases/Login Admin/TC-Login Admin-001' successfully

2023-10-06 09:57:03 - [TEST_STEP][PASSED] - click(findTestObject("Product Admin/Master Market")): Object: 'Object Repository/Product Admin/Master Market' is clicked on

2023-10-06 09:57:04 - [MESSAGE][PASSED] - Object: 'Object Repository/Product Admin/Master Market' is clicked on

2023-10-06 09:57:04 - [TEST_STEP][PASSED] - click(findTestObject("Product Admin/Produk Admin")): Object: 'Object Repository/Product Admin/Produk Admin' is clicked on

2023-10-06 09:57:05 - [MESSAGE][PASSED] - Object: 'Object Repository/Product Admin/Produk Admin' is clicked on

2023-10-06 09:57:05 - [TEST_STEP][PASSED] - verifyElementPresent(findTestObject("Product Admin/Veridikasi Halaman Semua Produk"), 0): Object 'Object Repository/Product Admin/Veridikasi Halaman Semua Produk' is present

2023-10-06 09:57:05 - [MESSAGE][WARNING] - Timeout '0' is invalid. Using default page load timeout: '30'

2023-10-06 09:57:06 - [MESSAGE][PASSED] - Object 'Object Repository/Product Admin/Veridikasi Halaman Semua Produk' is present

2023-10-06 09:57:06 - [MESSAGE][PASSED] - Call Test Case 'Test Cases/Product Admin/TC-PA-001' successfully

2023-10-06 09:57:06 - [TEST_STEP][PASSED] - click(findTestObject("Product Admin/Button Sort Modal")): Object: 'Object Repository/Product Admin/Button Sort Modal' is clicked on

2023-10-06 09:57:06 - [MESSAGE][PASSED] - Object: 'Object Repository/Product Admin/Button Sort Modal' is clicked on

2023-10-06 09:57:06 - [TEST_STEP][PASSED] - dataList = findWebElements(findTestObject("Object Repository/Product Admin/Data Harga Modal"), 10): null

2023-10-06 09:57:06 - [TEST_STEP][PASSED] - arrProdukNameOri = []: null

2023-10-06 09:57:06 - [TEST_STEP][PASSED] - arrProdukNameSort = []: null

2023-10-06 09:57:06 - [TEST_STEP][PASSED] - for ([i = 0, i < dataList.size(), (i++)]): null

2023-10-06 09:57:06 - [TEST_STEP][PASSED] - text = text: null

2023-10-06 09:57:06 - [TEST_STEP][PASSED] - arrProdukNameOri[i] = Integer.parseInt(text.replace(",", "")): null

2023-10-06 09:57:06 - [TEST_STEP][PASSED] - arrProdukNameSort[i] = Integer.parseInt(text.replace(",", "")): null

2023-10-06 09:57:06 - [TEST_STEP][PASSED] - text = text: null

2023-10-06 09:57:06 - [TEST_STEP][PASSED] - arrProdukNameOri[i] = Integer.parseInt(text.replace(",", "")): null

2023-10-06 09:57:06 - [TEST_STEP][PASSED] - arrProdukNameSort[i] = Integer.parseInt(text.replace(",", "")): null

2023-10-06 09:57:06 - [TEST_STEP][PASSED] - text = text: null

2023-10-06 09:57:06 - [TEST_STEP][PASSED] - arrProdukNameOri[i] = Integer.parseInt(text.replace(",", "")): null

2023-10-06 09:57:06 - [TEST_STEP][PASSED] - arrProdukNameSort[i] = Integer.parseInt(text.replace(",", "")): null

2023-10-06 09:57:06 - [TEST_STEP][PASSED] - text = text: null

2023-10-06 09:57:06 - [TEST_STEP][PASSED] - arrProdukNameOri[i] = Integer.parseInt(text.replace(",", "")): null

2023-10-06 09:57:06 - [TEST_STEP][PASSED] - arrProdukNameSort[i] = Integer.parseInt(text.replace(",", "")): null

2023-10-06 09:57:06 - [TEST_STEP][PASSED] - text = text: null

2023-10-06 09:57:06 - [TEST_STEP][PASSED] - arrProdukNameOri[i] = Integer.parseInt(text.replace(",", "")): null

2023-10-06 09:57:06 - [TEST_STEP][PASSED] - arrProdukNameSort[i] = Integer.parseInt(text.replace(",", "")): null

2023-10-06 09:57:06 - [TEST_STEP][PASSED] - text = text: null

2023-10-06 09:57:06 - [TEST_STEP][PASSED] - arrProdukNameOri[i] = Integer.parseInt(text.replace(",", "")): null

2023-10-06 09:57:06 - [TEST_STEP][PASSED] - arrProdukNameSort[i] = Integer.parseInt(text.replace(",", "")): null

2023-10-06 09:57:06 - [TEST_STEP][PASSED] - text = text: null

2023-10-06 09:57:06 - [TEST_STEP][PASSED] - arrProdukNameOri[i] = Integer.parseInt(text.replace(",", "")): null

2023-10-06 09:57:06 - [TEST_STEP][PASSED] - arrProdukNameSort[i] = Integer.parseInt(text.replace(",", "")): null

2023-10-06 09:57:06 - [TEST_STEP][PASSED] - text = text: null

2023-10-06 09:57:06 - [TEST_STEP][PASSED] - arrProdukNameOri[i] = Integer.parseInt(text.replace(",", "")): null

2023-10-06 09:57:06 - [TEST_STEP][PASSED] - arrProdukNameSort[i] = Integer.parseInt(text.replace(",", "")): null

2023-10-06 09:57:06 - [TEST_STEP][PASSED] - text = text: null

2023-10-06 09:57:06 - [TEST_STEP][PASSED] - arrProdukNameOri[i] = Integer.parseInt(text.replace(",", "")): null

2023-10-06 09:57:06 - [TEST_STEP][PASSED] - arrProdukNameSort[i] = Integer.parseInt(text.replace(",", "")): null

2023-10-06 09:57:06 - [TEST_STEP][PASSED] - text = text: null

2023-10-06 09:57:07 - [TEST_STEP][PASSED] - arrProdukNameOri[i] = Integer.parseInt(text.replace(",", "")): null

2023-10-06 09:57:07 - [TEST_STEP][PASSED] - arrProdukNameSort[i] = Integer.parseInt(text.replace(",", "")): null

2023-10-06 09:57:07 - [TEST_STEP][PASSED] - Arrays.sort(arrProdukNameSort): null

2023-10-06 09:57:07 - [TEST_STEP][PASSED] - println(arrProdukNameOri): null

2023-10-06 09:57:07 - [TEST_STEP][PASSED] - println(arrProdukNameSort): null

2023-10-06 09:57:07 - [TEST_STEP][PASSED] - assert arrProdukNameOri == arrProdukNameSort: null

2023-10-06 09:57:07 - [MESSAGE][PASSED] - Call Test Case 'Test Cases/Product Admin/TC-PA-007' successfully

2023-10-06 09:57:07 - [TEST_STEP][PASSED] - click(findTestObject("Product Admin/Button Sort Modal")): Object: 'Object Repository/Product Admin/Button Sort Modal' is clicked on

2023-10-06 09:57:07 - [MESSAGE][PASSED] - Object: 'Object Repository/Product Admin/Button Sort Modal' is clicked on

2023-10-06 09:57:07 - [TEST_STEP][PASSED] - dataList = findWebElements(findTestObject("Object Repository/Product Admin/Data Harga Modal"), 10): null

2023-10-06 09:57:07 - [TEST_STEP][PASSED] - arrProdukNameOri = []: null

2023-10-06 09:57:07 - [TEST_STEP][PASSED] - arrProdukNameSort = []: null

2023-10-06 09:57:07 - [TEST_STEP][PASSED] - for ([i = 0, i < dataList.size(), (i++)]): null

2023-10-06 09:57:07 - [TEST_STEP][PASSED] - text = text: null

2023-10-06 09:57:07 - [TEST_STEP][PASSED] - arrProdukNameOri[i] = Integer.parseInt(text.replace(",", "")): null

2023-10-06 09:57:07 - [TEST_STEP][PASSED] - arrProdukNameSort[i] = Integer.parseInt(text.replace(",", "")): null

2023-10-06 09:57:07 - [TEST_STEP][PASSED] - text = text: null

2023-10-06 09:57:07 - [TEST_STEP][PASSED] - arrProdukNameOri[i] = Integer.parseInt(text.replace(",", "")): null

2023-10-06 09:57:07 - [TEST_STEP][PASSED] - arrProdukNameSort[i] = Integer.parseInt(text.replace(",", "")): null

2023-10-06 09:57:07 - [TEST_STEP][PASSED] - text = text: null

2023-10-06 09:57:07 - [TEST_STEP][PASSED] - arrProdukNameOri[i] = Integer.parseInt(text.replace(",", "")): null

2023-10-06 09:57:07 - [TEST_STEP][PASSED] - arrProdukNameSort[i] = Integer.parseInt(text.replace(",", "")): null

2023-10-06 09:57:07 - [TEST_STEP][PASSED] - text = text: null

2023-10-06 09:57:07 - [TEST_STEP][PASSED] - arrProdukNameOri[i] = Integer.parseInt(text.replace(",", "")): null

[...]

2023-10-06 10:19:33 - [TEST_STEP][PASSED] - click(findTestObject("Product Admin/Button Edit Product Fleksibel")): Object: 'Object Repository/Product Admin/Button Edit Product Fleksibel' is clicked on

2023-10-06 10:19:34 - [MESSAGE][PASSED] - Object: 'Object Repository/Product Admin/Button Edit Product Fleksibel' is clicked on

2023-10-06 10:19:34 - [TEST_STEP][PASSED] - verifyElementPresent(findTestObject("Product Admin/TambahProduk/Verifikasi Halaman Product Baru"), 0): Object 'Object Repository/Product Admin/TambahProduk/Verifikasi Halaman Product Baru' is present

2023-10-06 10:19:34 - [MESSAGE][WARNING] - Timeout '0' is invalid. Using default page load timeout: '30'

2023-10-06 10:19:35 - [MESSAGE][PASSED] - Object 'Object Repository/Product Admin/TambahProduk/Verifikasi Halaman Product Baru' is present

2023-10-06 10:19:35 - [TEST_STEP][PASSED] - setText(findTestObject("Product Admin/TambahProduk/Input Harga Modal"), "1000000000"): Text '1000000000' is set on object 'Object Repository/Product Admin/TambahProduk/Input Harga Modal'

2023-10-06 10:19:35 - [MESSAGE][PASSED] - Text '1000000000' is set on object 'Object Repository/Product Admin/TambahProduk/Input Harga Modal'

2023-10-06 10:19:35 - [TEST_STEP][PASSED] - setText(findTestObject("Product Admin/TambahProduk/Input Harga Reseller"), "1100000000"): Text '1100000000' is set on object 'Object Repository/Product Admin/TambahProduk/Input Harga Reseller'

2023-10-06 10:19:36 - [MESSAGE][PASSED] - Text '1100000000' is set on object 'Object Repository/Product Admin/TambahProduk/Input Harga Reseller'

2023-10-06 10:19:36 - [TEST_STEP][PASSED] - setText(findTestObject("Product Admin/TambahProduk/Input Harga Konsumen"), "1200000000"): Text '1200000000' is set on object 'Object Repository/Product Admin/TambahProduk/Input Harga Konsumen'

2023-10-06 10:19:37 - [MESSAGE][PASSED] - Text '1200000000' is set on object 'Object Repository/Product Admin/TambahProduk/Input Harga Konsumen'

2023-10-06 10:19:37 - [TEST_STEP][PASSED] - click(findTestObject("Product Admin/TambahProduk/Button Update Data")): Object: 'Object Repository/Product Admin/TambahProduk/Button Update Data' is clicked on

2023-10-06 10:19:38 - [MESSAGE][PASSED] - Object: 'Object Repository/Product Admin/TambahProduk/Button Update Data' is clicked on

2023-10-06 10:19:38 - [TEST_STEP][FAILED] - verifyElementNotPresent(findTestObject("Product Admin/Veridikasi Halaman Semua Produk"), 0): Unable to verify object 'Object Repository/Product Admin/Veridikasi Halaman Semua Produk' is not present (Root cause: com.kms.katalon.core.exception.StepFailedException: Unable to verify object 'Object Repository/Product Admin/Veridikasi Halaman Semua Produk' is not present
	at com.kms.katalon.core.webui.keyword.internal.WebUIKeywordMain.stepFailed(WebUIKeywordMain.groovy:64)
	at com.kms.katalon.core.webui.keyword.internal.WebUIKeywordMain.runKeyword(WebUIKeywordMain.groovy:26)
	at com.kms.katalon.core.webui.keyword.internal.WebUIKeywordMain$runKeyword.call(Unknown Source)
	at com.kms.katalon.core.webui.keyword.builtin.VerifyElementNotPresentKeyword.verifyElementNotPresent(VerifyElementNotPresentKeyword.groovy:122)
	at com.kms.katalon.core.webui.keyword.builtin.VerifyElementNotPresentKeyword.execute(VerifyElementNotPresentKeyword.groovy:68)
	at com.kms.katalon.core.keyword.internal.KeywordExecutor.executeKeywordForPlatform(KeywordExecutor.groovy:74)
	at com.kms.katalon.core.webui.keyword.WebUiBuiltInKeywords.verifyElementNotPresent(WebUiBuiltInKeywords.groovy:1497)
	at com.kms.katalon.core.webui.keyword.WebUiBuiltInKeywords$verifyElementNotPresent$15.call(Unknown Source)
	at TC-PAN-013.run(TC-PAN-013:34)
	at com.kms.katalon.core.main.ScriptEngine.run(ScriptEngine.java:194)
	at com.kms.katalon.core.main.ScriptEngine.runScriptAsRawText(ScriptEngine.java:119)
	at com.kms.katalon.core.main.TestCaseExecutor.runScript(TestCaseExecutor.java:448)
	at com.kms.katalon.core.main.TestCaseExecutor.doExecute(TestCaseExecutor.java:439)
	at com.kms.katalon.core.main.TestCaseExecutor.processExecutionPhase(TestCaseExecutor.java:418)
	at com.kms.katalon.core.main.TestCaseExecutor.accessMainPhase(TestCaseExecutor.java:410)
	at com.kms.katalon.core.main.TestCaseExecutor.execute(TestCaseExecutor.java:285)
	at com.kms.katalon.core.common.CommonExecutor.accessTestCaseMainPhase(CommonExecutor.java:65)
	at com.kms.katalon.core.main.TestSuiteExecutor.accessTestSuiteMainPhase(TestSuiteExecutor.java:148)
	at com.kms.katalon.core.main.TestSuiteExecutor.execute(TestSuiteExecutor.java:106)
	at com.kms.katalon.core.main.TestCaseMain.startTestSuite(TestCaseMain.java:187)
	at com.kms.katalon.core.main.TestCaseMain$startTestSuite$0.call(Unknown Source)
	at TempTestSuite1696560832015.run(TempTestSuite1696560832015.groovy:36)
Caused by: com.kms.katalon.core.exception.StepFailedException: Web element with id: 'Object Repository/Product Admin/Veridikasi Halaman Semua Produk' located by 'By.xpath: (.//*[normalize-space(text()) and normalize-space(.)='Control panel'])[1]/following::h3[1]' is present after '30' second(s)
	at com.kms.katalon.core.webui.keyword.internal.WebUIKeywordMain.stepFailed(WebUIKeywordMain.groovy:64)
	at com.kms.katalon.core.webui.keyword.internal.WebUIKeywordMain$stepFailed$0.call(Unknown Source)
	at com.kms.katalon.core.webui.keyword.builtin.VerifyElementNotPresentKeyword$_verifyElementNotPresent_closure1.doCall(VerifyElementNotPresentKeyword.groovy:113)
	at com.kms.katalon.core.webui.keyword.builtin.VerifyElementNotPresentKeyword$_verifyElementNotPresent_closure1.doCall(VerifyElementNotPresentKeyword.groovy)
	at com.kms.katalon.core.webui.keyword.internal.WebUIKeywordMain.runKeyword(WebUIKeywordMain.groovy:20)
	... 20 more
)

2023-10-06 10:19:38 - [MESSAGE][WARNING] - Timeout '0' is invalid. Using default page load timeout: '30'

2023-10-06 10:20:08 - [MESSAGE][FAILED] - Web element with id: 'Object Repository/Product Admin/Veridikasi Halaman Semua Produk' located by 'By.xpath: (.//*[normalize-space(text()) and normalize-space(.)='Control panel'])[1]/following::h3[1]' is present after '30' second(s) (Root cause: com.kms.katalon.core.exception.StepFailedException: Web element with id: 'Object Repository/Product Admin/Veridikasi Halaman Semua Produk' located by 'By.xpath: (.//*[normalize-space(text()) and normalize-space(.)='Control panel'])[1]/following::h3[1]' is present after '30' second(s)
	at com.kms.katalon.core.webui.keyword.internal.WebUIKeywordMain.stepFailed(WebUIKeywordMain.groovy:64)
	at com.kms.katalon.core.webui.keyword.internal.WebUIKeywordMain$stepFailed$0.call(Unknown Source)
	at com.kms.katalon.core.webui.keyword.builtin.VerifyElementNotPresentKeyword$_verifyElementNotPresent_closure1.doCall(VerifyElementNotPresentKeyword.groovy:113)
	at com.kms.katalon.core.webui.keyword.builtin.VerifyElementNotPresentKeyword$_verifyElementNotPresent_closure1.doCall(VerifyElementNotPresentKeyword.groovy)
	at com.kms.katalon.core.webui.keyword.internal.WebUIKeywordMain.runKeyword(WebUIKeywordMain.groovy:20)
	at com.kms.katalon.core.webui.keyword.internal.WebUIKeywordMain$runKeyword.call(Unknown Source)
	at com.kms.katalon.core.webui.keyword.builtin.VerifyElementNotPresentKeyword.verifyElementNotPresent(VerifyElementNotPresentKeyword.groovy:122)
	at com.kms.katalon.core.webui.keyword.builtin.VerifyElementNotPresentKeyword.execute(VerifyElementNotPresentKeyword.groovy:68)
	at com.kms.katalon.core.keyword.internal.KeywordExecutor.executeKeywordForPlatform(KeywordExecutor.groovy:74)
	at com.kms.katalon.core.webui.keyword.WebUiBuiltInKeywords.verifyElementNotPresent(WebUiBuiltInKeywords.groovy:1497)
	at com.kms.katalon.core.webui.keyword.WebUiBuiltInKeywords$verifyElementNotPresent$15.call(Unknown Source)
	at TC-PAN-013.run(TC-PAN-013:34)
	at com.kms.katalon.core.main.ScriptEngine.run(ScriptEngine.java:194)
	at com.kms.katalon.core.main.ScriptEngine.runScriptAsRawText(ScriptEngine.java:119)
	at com.kms.katalon.core.main.TestCaseExecutor.runScript(TestCaseExecutor.java:448)
	at com.kms.katalon.core.main.TestCaseExecutor.doExecute(TestCaseExecutor.java:439)
	at com.kms.katalon.core.main.TestCaseExecutor.processExecutionPhase(TestCaseExecutor.java:418)
	at com.kms.katalon.core.main.TestCaseExecutor.accessMainPhase(TestCaseExecutor.java:410)
	at com.kms.katalon.core.main.TestCaseExecutor.execute(TestCaseExecutor.java:285)
	at com.kms.katalon.core.common.CommonExecutor.accessTestCaseMainPhase(CommonExecutor.java:65)
	at com.kms.katalon.core.main.TestSuiteExecutor.accessTestSuiteMainPhase(TestSuiteExecutor.java:148)
	at com.kms.katalon.core.main.TestSuiteExecutor.execute(TestSuiteExecutor.java:106)
	at com.kms.katalon.core.main.TestCaseMain.startTestSuite(TestCaseMain.java:187)
	at com.kms.katalon.core.main.TestCaseMain$startTestSuite$0.call(Unknown Source)
	at TempTestSuite1696560832015.run(TempTestSuite1696560832015.groovy:36)
)
[[ATTACHMENT|G:\\Project Xsis\\batch-324-qa\\Riswan\\Sprint 2 Product Tajalapak\\Reports\\20231006_095352\\Product Admin\\20231006_095352\\1696562408780.png]]

2023-10-06 10:20:09 - [MESSAGE][FAILED] - Unable to verify object 'Object Repository/Product Admin/Veridikasi Halaman Semua Produk' is not present (Root cause: com.kms.katalon.core.exception.StepFailedException: Unable to verify object 'Object Repository/Product Admin/Veridikasi Halaman Semua Produk' is not present
	at com.kms.katalon.core.webui.keyword.internal.WebUIKeywordMain.stepFailed(WebUIKeywordMain.groovy:64)
	at com.kms.katalon.core.webui.keyword.internal.WebUIKeywordMain.runKeyword(WebUIKeywordMain.groovy:26)
	at com.kms.katalon.core.webui.keyword.internal.WebUIKeywordMain$runKeyword.call(Unknown Source)
	at com.kms.katalon.core.webui.keyword.builtin.VerifyElementNotPresentKeyword.verifyElementNotPresent(VerifyElementNotPresentKeyword.groovy:122)
	at com.kms.katalon.core.webui.keyword.builtin.VerifyElementNotPresentKeyword.execute(VerifyElementNotPresentKeyword.groovy:68)
	at com.kms.katalon.core.keyword.internal.KeywordExecutor.executeKeywordForPlatform(KeywordExecutor.groovy:74)
	at com.kms.katalon.core.webui.keyword.WebUiBuiltInKeywords.verifyElementNotPresent(WebUiBuiltInKeywords.groovy:1497)
	at com.kms.katalon.core.webui.keyword.WebUiBuiltInKeywords$verifyElementNotPresent$15.call(Unknown Source)
	at TC-PAN-013.run(TC-PAN-013:34)
	at com.kms.katalon.core.main.ScriptEngine.run(ScriptEngine.java:194)
	at com.kms.katalon.core.main.ScriptEngine.runScriptAsRawText(ScriptEngine.java:119)
	at com.kms.katalon.core.main.TestCaseExecutor.runScript(TestCaseExecutor.java:448)
	at com.kms.katalon.core.main.TestCaseExecutor.doExecute(TestCaseExecutor.java:439)
	at com.kms.katalon.core.main.TestCaseExecutor.processExecutionPhase(TestCaseExecutor.java:418)
	at com.kms.katalon.core.main.TestCaseExecutor.accessMainPhase(TestCaseExecutor.java:410)
	at com.kms.katalon.core.main.TestCaseExecutor.execute(TestCaseExecutor.java:285)
	at com.kms.katalon.core.common.CommonExecutor.accessTestCaseMainPhase(CommonExecutor.java:65)
	at com.kms.katalon.core.main.TestSuiteExecutor.accessTestSuiteMainPhase(TestSuiteExecutor.java:148)
	at com.kms.katalon.core.main.TestSuiteExecutor.execute(TestSuiteExecutor.java:106)
	at com.kms.katalon.core.main.TestCaseMain.startTestSuite(TestCaseMain.java:187)
	at com.kms.katalon.core.main.TestCaseMain$startTestSuite$0.call(Unknown Source)
	at TempTestSuite1696560832015.run(TempTestSuite1696560832015.groovy:36)
Caused by: com.kms.katalon.core.exception.StepFailedException: Web element with id: 'Object Repository/Product Admin/Veridikasi Halaman Semua Produk' located by 'By.xpath: (.//*[normalize-space(text()) and normalize-space(.)='Control panel'])[1]/following::h3[1]' is present after '30' second(s)
	at com.kms.katalon.core.webui.keyword.internal.WebUIKeywordMain.stepFailed(WebUIKeywordMain.groovy:64)
	at com.kms.katalon.core.webui.keyword.internal.WebUIKeywordMain$stepFailed$0.call(Unknown Source)
	at com.kms.katalon.core.webui.keyword.builtin.VerifyElementNotPresentKeyword$_verifyElementNotPresent_closure1.doCall(VerifyElementNotPresentKeyword.groovy:113)
	at com.kms.katalon.core.webui.keyword.builtin.VerifyElementNotPresentKeyword$_verifyElementNotPresent_closure1.doCall(VerifyElementNotPresentKeyword.groovy)
	at com.kms.katalon.core.webui.keyword.internal.WebUIKeywordMain.runKeyword(WebUIKeywordMain.groovy:20)
	... 20 more
)
[[ATTACHMENT|G:\\Project Xsis\\batch-324-qa\\Riswan\\Sprint 2 Product Tajalapak\\Reports\\20231006_095352\\Product Admin\\20231006_095352\\1696562408911.png]]]]></system-out>
         <system-err><![CDATA[2023-10-06 10:19:12 - [TEST_CASE][FAILED] - Test Cases/Product Admin/TC-PAN-013: Test Cases/Product Admin/TC-PAN-013 FAILED.
Reason:
com.kms.katalon.core.exception.StepFailedException: Unable to verify object 'Object Repository/Product Admin/Veridikasi Halaman Semua Produk' is not present
	at com.kms.katalon.core.webui.keyword.internal.WebUIKeywordMain.stepFailed(WebUIKeywordMain.groovy:64)
	at com.kms.katalon.core.webui.keyword.internal.WebUIKeywordMain.runKeyword(WebUIKeywordMain.groovy:26)
	at com.kms.katalon.core.webui.keyword.internal.WebUIKeywordMain$runKeyword.call(Unknown Source)
	at com.kms.katalon.core.webui.keyword.builtin.VerifyElementNotPresentKeyword.verifyElementNotPresent(VerifyElementNotPresentKeyword.groovy:122)
	at com.kms.katalon.core.webui.keyword.builtin.VerifyElementNotPresentKeyword.execute(VerifyElementNotPresentKeyword.groovy:68)
	at com.kms.katalon.core.keyword.internal.KeywordExecutor.executeKeywordForPlatform(KeywordExecutor.groovy:74)
	at com.kms.katalon.core.webui.keyword.WebUiBuiltInKeywords.verifyElementNotPresent(WebUiBuiltInKeywords.groovy:1497)
	at com.kms.katalon.core.webui.keyword.WebUiBuiltInKeywords$verifyElementNotPresent$15.call(Unknown Source)
	at TC-PAN-013.run(TC-PAN-013:34)
	at com.kms.katalon.core.main.ScriptEngine.run(ScriptEngine.java:194)
	at com.kms.katalon.core.main.ScriptEngine.runScriptAsRawText(ScriptEngine.java:119)
	at com.kms.katalon.core.main.TestCaseExecutor.runScript(TestCaseExecutor.java:448)
	at com.kms.katalon.core.main.TestCaseExecutor.doExecute(TestCaseExecutor.java:439)
	at com.kms.katalon.core.main.TestCaseExecutor.processExecutionPhase(TestCaseExecutor.java:418)
	at com.kms.katalon.core.main.TestCaseExecutor.accessMainPhase(TestCaseExecutor.java:410)
	at com.kms.katalon.core.main.TestCaseExecutor.execute(TestCaseExecutor.java:285)
	at com.kms.katalon.core.common.CommonExecutor.accessTestCaseMainPhase(CommonExecutor.java:65)
	at com.kms.katalon.core.main.TestSuiteExecutor.accessTestSuiteMainPhase(TestSuiteExecutor.java:148)
	at com.kms.katalon.core.main.TestSuiteExecutor.execute(TestSuiteExecutor.java:106)
	at com.kms.katalon.core.main.TestCaseMain.startTestSuite(TestCaseMain.java:187)
	at com.kms.katalon.core.main.TestCaseMain$startTestSuite$0.call(Unknown Source)
	at TempTestSuite1696560832015.run(TempTestSuite1696560832015.groovy:36)
Caused by: com.kms.katalon.core.exception.StepFailedException: Web element with id: 'Object Repository/Product Admin/Veridikasi Halaman Semua Produk' located by 'By.xpath: (.//*[normalize-space(text()) and normalize-space(.)='Control panel'])[1]/following::h3[1]' is present after '30' second(s)
	at com.kms.katalon.core.webui.keyword.internal.WebUIKeywordMain.stepFailed(WebUIKeywordMain.groovy:64)
	at com.kms.katalon.core.webui.keyword.internal.WebUIKeywordMain$stepFailed$0.call(Unknown Source)
	at com.kms.katalon.core.webui.keyword.builtin.VerifyElementNotPresentKeyword$_verifyElementNotPresent_closure1.doCall(VerifyElementNotPresentKeyword.groovy:113)
	at com.kms.katalon.core.webui.keyword.builtin.VerifyElementNotPresentKeyword$_verifyElementNotPresent_closure1.doCall(VerifyElementNotPresentKeyword.groovy)
	at com.kms.katalon.core.webui.keyword.internal.WebUIKeywordMain.runKeyword(WebUIKeywordMain.groovy:20)
	... 20 more]]></system-err>
      </testcase>
      <system-out><![CDATA[2023-10-06 09:54:00 - [TEST_SUITE][FAILED] - Product Admin: Test Cases/Product Admin/TC-PA-006 FAILED.
Reason:
Assertion failed: 

assert arrProdukNameOri == arrProdukNameSort
       |                |  |
       |                |  [weww, uji produk 03, Ultrabook Hackintosh Acer - I5 Haswell - 8 Gb - SSD, Uji Produk 0022, Terbaru Baju Koko Kids, Terbaru Baju Koko Kids, Super Segiempat Rebya - RYB6.7 Pink Clover, Sepatu kets, Segitiga Instan Madeira - MDB5.3 Sunset, Segitiga Instan Madeira - MDB5.2 Ocean]
       |                false
       [weww, Ultrabook Hackintosh Acer - I5 Haswell - 8 Gb - SSD, uji produk 03, Uji Produk 0022, Terbaru Baju Koko Kids, Terbaru Baju Koko Kids, Super Segiempat Rebya - RYB6.7 Pink Clover, Sepatu kets, Segitiga Instan Madeira - MDB5.3 Sunset, Segitiga Instan Madeira - MDB5.2 Ocean]

	at TC-PA-006.run(TC-PA-006:45)
	at com.kms.katalon.core.main.ScriptEngine.run(ScriptEngine.java:194)
	at com.kms.katalon.core.main.ScriptEngine.runScriptAsRawText(ScriptEngine.java:119)
	at com.kms.katalon.core.main.TestCaseExecutor.runScript(TestCaseExecutor.java:448)
	at com.kms.katalon.core.main.TestCaseExecutor.doExecute(TestCaseExecutor.java:439)
	at com.kms.katalon.core.main.TestCaseExecutor.processExecutionPhase(TestCaseExecutor.java:418)
	at com.kms.katalon.core.main.TestCaseExecutor.accessMainPhase(TestCaseExecutor.java:410)
	at com.kms.katalon.core.main.TestCaseExecutor.execute(TestCaseExecutor.java:285)
	at com.kms.katalon.core.common.CommonExecutor.accessTestCaseMainPhase(CommonExecutor.java:65)
	at com.kms.katalon.core.main.TestSuiteExecutor.accessTestSuiteMainPhase(TestSuiteExecutor.java:148)
	at com.kms.katalon.core.main.TestSuiteExecutor.execute(TestSuiteExecutor.java:106)
	at com.kms.katalon.core.main.TestCaseMain.startTestSuite(TestCaseMain.java:187)
	at com.kms.katalon.core.main.TestCaseMain$startTestSuite$0.call(Unknown Source)
	at TempTestSuite1696560832015.run(TempTestSuite1696560832015.groovy:36)]]></system-out>
      <system-err><![CDATA[2023-10-06 09:54:00 - [TEST_SUITE][FAILED] - Product Admin: Test Cases/Product Admin/TC-PA-006 FAILED.
Reason:
Assertion failed: 

assert arrProdukNameOri == arrProdukNameSort
       |                |  |
       |                |  [weww, uji produk 03, Ultrabook Hackintosh Acer - I5 Haswell - 8 Gb - SSD, Uji Produk 0022, Terbaru Baju Koko Kids, Terbaru Baju Koko Kids, Super Segiempat Rebya - RYB6.7 Pink Clover, Sepatu kets, Segitiga Instan Madeira - MDB5.3 Sunset, Segitiga Instan Madeira - MDB5.2 Ocean]
       |                false
       [weww, Ultrabook Hackintosh Acer - I5 Haswell - 8 Gb - SSD, uji produk 03, Uji Produk 0022, Terbaru Baju Koko Kids, Terbaru Baju Koko Kids, Super Segiempat Rebya - RYB6.7 Pink Clover, Sepatu kets, Segitiga Instan Madeira - MDB5.3 Sunset, Segitiga Instan Madeira - MDB5.2 Ocean]

	at TC-PA-006.run(TC-PA-006:45)
	at com.kms.katalon.core.main.ScriptEngine.run(ScriptEngine.java:194)
	at com.kms.katalon.core.main.ScriptEngine.runScriptAsRawText(ScriptEngine.java:119)
	at com.kms.katalon.core.main.TestCaseExecutor.runScript(TestCaseExecutor.java:448)
	at com.kms.katalon.core.main.TestCaseExecutor.doExecute(TestCaseExecutor.java:439)
	at com.kms.katalon.core.main.TestCaseExecutor.processExecutionPhase(TestCaseExecutor.java:418)
	at com.kms.katalon.core.main.TestCaseExecutor.accessMainPhase(TestCaseExecutor.java:410)
	at com.kms.katalon.core.main.TestCaseExecutor.execute(TestCaseExecutor.java:285)
	at com.kms.katalon.core.common.CommonExecutor.accessTestCaseMainPhase(CommonExecutor.java:65)
	at com.kms.katalon.core.main.TestSuiteExecutor.accessTestSuiteMainPhase(TestSuiteExecutor.java:148)
	at com.kms.katalon.core.main.TestSuiteExecutor.execute(TestSuiteExecutor.java:106)
	at com.kms.katalon.core.main.TestCaseMain.startTestSuite(TestCaseMain.java:187)
	at com.kms.katalon.core.main.TestCaseMain$startTestSuite$0.call(Unknown Source)
	at TempTestSuite1696560832015.run(TempTestSuite1696560832015.groovy:36)]]></system-err>
   </testsuite>
</testsuites>
