<?xml version="1.0" encoding="UTF-8"?>
<testsuites name="Product Ecomerce" time="698.383" tests="30" failures="14" errors="0">
   <testsuite name="Product Ecomerce" tests="30" failures="14" errors="0" time="698.383" skipped="0" timestamp="2023-10-05 15:36:35" hostname="Admin - Riswandha" id="Test Suites/Product Ecomerce">
      <properties>
[...]
</properties>
      <testcase name="Test Cases/Product Ecommerce/TC-PE-001" time="13.495" classname="Test Cases/Product Ecommerce/TC-PE-001" status="PASSED">
         <system-out><![CDATA[2023-10-05 15:36:35 - [TEST_CASE][PASSED] - Test Cases/Product Ecommerce/TC-PE-001: Test Cases/Product Ecommerce/TC-PE-001

2023-10-05 15:36:36 - [TEST_STEP][PASSED] - callTestCase(findTestCase("Login Ecommerce/TC-Login Ecomerce-001"), [:], STOP_ON_FAILURE): Call Test Case 'Test Cases/Login Ecommerce/TC-Login Ecomerce-001' successfully

2023-10-05 15:36:36 - [TEST_CASE][PASSED] - Test Cases/Login Ecommerce/TC-Login Ecomerce-001: Test Cases/Login Ecommerce/TC-Login Ecomerce-001

2023-10-05 15:36:36 - [TEST_STEP][PASSED] - openBrowser(userTajalapak): Browser is opened with url: 'https://10.9.2.63/ecommerce/'

2023-10-05 15:36:37 - [MESSAGE][INFO] - Starting 'Edge Chromium' driver

2023-10-05 15:36:37 - [MESSAGE][INFO] - User set preference: ['acceptInsecureCerts', 'true']

2023-10-05 15:36:39 - [MESSAGE][INFO] - Action delay is set to 0 milliseconds

2023-10-05 15:36:42 - [MESSAGE][PASSED] - Browser is opened with url: 'https://10.9.2.63/ecommerce/'

2023-10-05 15:36:42 - [TEST_STEP][PASSED] - maximizeWindow(): Current window maximized

2023-10-05 15:36:43 - [MESSAGE][PASSED] - Current window maximized

2023-10-05 15:36:43 - [TEST_STEP][PASSED] - verifyElementPresent(findTestObject("Login Ecommerce/Verifikasi Halaman Login Akun"), 0): Object 'Object Repository/Login Ecommerce/Verifikasi Halaman Login Akun' is present

2023-10-05 15:36:43 - [MESSAGE][WARNING] - Timeout '0' is invalid. Using default page load timeout: '30'

2023-10-05 15:36:43 - [MESSAGE][PASSED] - Object 'Object Repository/Login Ecommerce/Verifikasi Halaman Login Akun' is present

2023-10-05 15:36:43 - [TEST_STEP][PASSED] - click(findTestObject("Login Ecommerce/Login Akun")): Object: 'Object Repository/Login Ecommerce/Login Akun' is clicked on

2023-10-05 15:36:44 - [MESSAGE][PASSED] - Object: 'Object Repository/Login Ecommerce/Login Akun' is clicked on

2023-10-05 15:36:44 - [TEST_STEP][PASSED] - verifyElementPresent(findTestObject("Login Ecommerce/Verifikasi Halaman Login Akun"), 0): Object 'Object Repository/Login Ecommerce/Verifikasi Halaman Login Akun' is present

2023-10-05 15:36:44 - [MESSAGE][WARNING] - Timeout '0' is invalid. Using default page load timeout: '30'

2023-10-05 15:36:44 - [MESSAGE][PASSED] - Object 'Object Repository/Login Ecommerce/Verifikasi Halaman Login Akun' is present

2023-10-05 15:36:44 - [TEST_STEP][PASSED] - setText(findTestObject("Login Ecommerce/Input Username"), "riswandha"): Text 'riswandha' is set on object 'Object Repository/Login Ecommerce/Input Username'

2023-10-05 15:36:45 - [MESSAGE][PASSED] - Text 'riswandha' is set on object 'Object Repository/Login Ecommerce/Input Username'

2023-10-05 15:36:45 - [TEST_STEP][PASSED] - setEncryptedText(findTestObject("Login Ecommerce/Input Password"), "iGDxf8hSRT4="): Text ****** has been set on object 'Object Repository/Login Ecommerce/Input Password'

2023-10-05 15:36:46 - [MESSAGE][PASSED] - Text ****** has been set on object 'Object Repository/Login Ecommerce/Input Password'

2023-10-05 15:36:46 - [TEST_STEP][PASSED] - click(findTestObject("Login Ecommerce/Button Masuk")): Object: 'Object Repository/Login Ecommerce/Button Masuk' is clicked on

2023-10-05 15:36:47 - [MESSAGE][PASSED] - Object: 'Object Repository/Login Ecommerce/Button Masuk' is clicked on

2023-10-05 15:36:47 - [TEST_STEP][PASSED] - verifyElementPresent(findTestObject("Login Ecommerce/Verifikasi Login Akun"), 0): Object 'Object Repository/Login Ecommerce/Verifikasi Login Akun' is present

2023-10-05 15:36:47 - [MESSAGE][WARNING] - Timeout '0' is invalid. Using default page load timeout: '30'

2023-10-05 15:36:47 - [MESSAGE][PASSED] - Object 'Object Repository/Login Ecommerce/Verifikasi Login Akun' is present

2023-10-05 15:36:47 - [MESSAGE][PASSED] - Call Test Case 'Test Cases/Login Ecommerce/TC-Login Ecomerce-001' successfully

2023-10-05 15:36:47 - [TEST_STEP][PASSED] - mouseOver(findTestObject("Product Ecommerce/Button Menu toko")): Object: 'Object Repository/Product Ecommerce/Button Menu toko' is hovered

2023-10-05 15:36:48 - [MESSAGE][PASSED] - Object: 'Object Repository/Product Ecommerce/Button Menu toko' is hovered

2023-10-05 15:36:48 - [TEST_STEP][PASSED] - click(findTestObject("Product Ecommerce/Button Daftar Produk")): Object: 'Object Repository/Product Ecommerce/Button Daftar Produk' is clicked on

2023-10-05 15:36:48 - [MESSAGE][PASSED] - Object: 'Object Repository/Product Ecommerce/Button Daftar Produk' is clicked on

2023-10-05 15:36:48 - [TEST_STEP][PASSED] - verifyElementPresent(findTestObject("Product Ecommerce/Verifikasi Halaman Product Anda"), 0): Object 'Object Repository/Product Ecommerce/Verifikasi Halaman Product Anda' is present

2023-10-05 15:36:48 - [MESSAGE][WARNING] - Timeout '0' is invalid. Using default page load timeout: '30'

2023-10-05 15:36:49 - [MESSAGE][PASSED] - Object 'Object Repository/Product Ecommerce/Verifikasi Halaman Product Anda' is present]]></system-out>
         <system-err><![CDATA[]]></system-err>
      </testcase>
      <testcase name="Test Cases/Product Ecommerce/TC-PE-002" time="61.705" classname="Test Cases/Product Ecommerce/TC-PE-002" status="FAILED">
         <failure type="FAILED" message="Test Cases/Product Ecommerce/TC-PE-002 FAILED.
Reason:
com.kms.katalon.core.exception.StepFailedException: Unable to verify object 'Object Repository/Product Ecommerce/Verifikasi Halaman Product Anda' is present
	at com.kms.katalon.core.webui.keyword.internal.WebUIKeywordMain.stepFailed(WebUIKeywordMain.groovy:64)
	at com.kms.katalon.core.webui.keyword.internal.WebUIKeywordMain.runKeyword(WebUIKeywordMain.groovy:26)
	at com.kms.katalon.core.webui.keyword.builtin.VerifyElementPresentKeyword.verifyElementPresent(VerifyElementPresentKeyword.groovy:92)
	at com.kms.katalon.core.webui.keyword.builtin.VerifyElementPresentKeyword.execute(VerifyElementPresentKeyword.groovy:68)
	at com.kms.katalon.core.keyword.internal.KeywordExecutor.executeKeywordForPlatform(KeywordExecutor.groovy:74)
	at com.kms.katalon.core.webui.keyword.WebUiBuiltInKeywords.verifyElementPresent(WebUiBuiltInKeywords.groovy:1464)
	at com.kms.katalon.core.webui.keyword.WebUiBuiltInKeywords$verifyElementPresent$1.call(Unknown Source)
	at TC-PE-002.run(TC-PE-002:62)
	at com.kms.katalon.core.main.ScriptEngine.run(ScriptEngine.java:194)
	at com.kms.katalon.core.main.ScriptEngine.runScriptAsRawText(ScriptEngine.java:119)
	at com.kms.katalon.core.main.TestCaseExecutor.runScript(TestCaseExecutor.java:448)
	at com.kms.katalon.core.main.TestCaseExecutor.doExecute(TestCaseExecutor.java:439)
	at com.kms.katalon.core.main.TestCaseExecutor.processExecutionPhase(TestCaseExecutor.java:418)
	at com.kms.katalon.core.main.TestCaseExecutor.accessMainPhase(TestCaseExecutor.java:410)
	at com.kms.katalon.core.main.TestCaseExecutor.execute(TestCaseExecutor.java:285)
	at com.kms.katalon.core.common.CommonExecutor.accessTestCaseMainPhase(CommonExecutor.java:65)
	at com.kms.katalon.core.main.TestSuiteExecutor.accessTestSuiteMainPhase(TestSuiteExecutor.java:148)
	at com.kms.katalon.core.main.TestSuiteExecutor.execute(TestSuiteExecutor.java:106)
	at com.kms.katalon.core.main.TestCaseMain.startTestSuite(TestCaseMain.java:187)
	at com.kms.katalon.core.main.TestCaseMain$startTestSuite$0.call(Unknown Source)
	at TempTestSuite1696494982531.run(TempTestSuite1696494982531.groovy:36)
Caused by: com.kms.katalon.core.exception.StepFailedException: com.kms.katalon.core.webui.exception.WebElementNotFoundException: Web element with id: 'Object Repository/Product Ecommerce/Verifikasi Halaman Product Anda' located by '(.//*[normalize-space(text()) and normalize-space(.)='Home'])[1]/following::li[2]' not found
	at com.kms.katalon.core.webui.keyword.internal.WebUIKeywordMain.stepFailed(WebUIKeywordMain.groovy:64)
	at com.kms.katalon.core.webui.keyword.builtin.VerifyElementPresentKeyword$_verifyElementPresent_closure1.doCall(VerifyElementPresentKeyword.groovy:85)
	at com.kms.katalon.core.webui.keyword.builtin.VerifyElementPresentKeyword$_verifyElementPresent_closure1.call(VerifyElementPresentKeyword.groovy)
	at com.kms.katalon.core.webui.keyword.internal.WebUIKeywordMain.runKeyword(WebUIKeywordMain.groovy:20)
	... 19 more
"/>
         <system-out><![CDATA[2023-10-05 15:36:49 - [TEST_CASE][FAILED] - Test Cases/Product Ecommerce/TC-PE-002: Test Cases/Product Ecommerce/TC-PE-002 FAILED.
Reason:
com.kms.katalon.core.exception.StepFailedException: Unable to verify object 'Object Repository/Product Ecommerce/Verifikasi Halaman Product Anda' is present
	at com.kms.katalon.core.webui.keyword.internal.WebUIKeywordMain.stepFailed(WebUIKeywordMain.groovy:64)
	at com.kms.katalon.core.webui.keyword.internal.WebUIKeywordMain.runKeyword(WebUIKeywordMain.groovy:26)
	at com.kms.katalon.core.webui.keyword.builtin.VerifyElementPresentKeyword.verifyElementPresent(VerifyElementPresentKeyword.groovy:92)
	at com.kms.katalon.core.webui.keyword.builtin.VerifyElementPresentKeyword.execute(VerifyElementPresentKeyword.groovy:68)
	at com.kms.katalon.core.keyword.internal.KeywordExecutor.executeKeywordForPlatform(KeywordExecutor.groovy:74)
	at com.kms.katalon.core.webui.keyword.WebUiBuiltInKeywords.verifyElementPresent(WebUiBuiltInKeywords.groovy:1464)
	at com.kms.katalon.core.webui.keyword.WebUiBuiltInKeywords$verifyElementPresent$1.call(Unknown Source)
	at TC-PE-002.run(TC-PE-002:62)
	at com.kms.katalon.core.main.ScriptEngine.run(ScriptEngine.java:194)
	at com.kms.katalon.core.main.ScriptEngine.runScriptAsRawText(ScriptEngine.java:119)
	at com.kms.katalon.core.main.TestCaseExecutor.runScript(TestCaseExecutor.java:448)
	at com.kms.katalon.core.main.TestCaseExecutor.doExecute(TestCaseExecutor.java:439)
	at com.kms.katalon.core.main.TestCaseExecutor.processExecutionPhase(TestCaseExecutor.java:418)
	at com.kms.katalon.core.main.TestCaseExecutor.accessMainPhase(TestCaseExecutor.java:410)
	at com.kms.katalon.core.main.TestCaseExecutor.execute(TestCaseExecutor.java:285)
	at com.kms.katalon.core.common.CommonExecutor.accessTestCaseMainPhase(CommonExecutor.java:65)
	at com.kms.katalon.core.main.TestSuiteExecutor.accessTestSuiteMainPhase(TestSuiteExecutor.java:148)
	at com.kms.katalon.core.main.TestSuiteExecutor.execute(TestSuiteExecutor.java:106)
	at com.kms.katalon.core.main.TestCaseMain.startTestSuite(TestCaseMain.java:187)
	at com.kms.katalon.core.main.TestCaseMain$startTestSuite$0.call(Unknown Source)
	at TempTestSuite1696494982531.run(TempTestSuite1696494982531.groovy:36)
Caused by: com.kms.katalon.core.exception.StepFailedException: com.kms.katalon.core.webui.exception.WebElementNotFoundException: Web element with id: 'Object Repository/Product Ecommerce/Verifikasi Halaman Product Anda' located by '(.//*[normalize-space(text()) and normalize-space(.)='Home'])[1]/following::li[2]' not found
	at com.kms.katalon.core.webui.keyword.internal.WebUIKeywordMain.stepFailed(WebUIKeywordMain.groovy:64)
	at com.kms.katalon.core.webui.keyword.builtin.VerifyElementPresentKeyword$_verifyElementPresent_closure1.doCall(VerifyElementPresentKeyword.groovy:85)
	at com.kms.katalon.core.webui.keyword.builtin.VerifyElementPresentKeyword$_verifyElementPresent_closure1.call(VerifyElementPresentKeyword.groovy)
	at com.kms.katalon.core.webui.keyword.internal.WebUIKeywordMain.runKeyword(WebUIKeywordMain.groovy:20)
	... 19 more


2023-10-05 15:36:49 - [TEST_STEP][PASSED] - callTestCase(findTestCase("Product Ecommerce/TC-PE-001"), [:], STOP_ON_FAILURE): Call Test Case 'Test Cases/Product Ecommerce/TC-PE-001' successfully

2023-10-05 15:36:49 - [TEST_CASE][PASSED] - Test Cases/Product Ecommerce/TC-PE-001: Test Cases/Product Ecommerce/TC-PE-001

2023-10-05 15:36:49 - [TEST_STEP][PASSED] - callTestCase(findTestCase("Login Ecommerce/TC-Login Ecomerce-001"), [:], STOP_ON_FAILURE): Call Test Case 'Test Cases/Login Ecommerce/TC-Login Ecomerce-001' successfully

2023-10-05 15:36:49 - [TEST_CASE][PASSED] - Test Cases/Login Ecommerce/TC-Login Ecomerce-001: Test Cases/Login Ecommerce/TC-Login Ecomerce-001

2023-10-05 15:36:49 - [TEST_STEP][PASSED] - openBrowser(userTajalapak): Browser is opened with url: 'https://10.9.2.63/ecommerce/'

2023-10-05 15:36:49 - [MESSAGE][WARNING] - A browser is already opened. Closing browser and opening a new one

2023-10-05 15:36:50 - [MESSAGE][INFO] - Starting 'Edge Chromium' driver

2023-10-05 15:36:50 - [MESSAGE][INFO] - User set preference: ['acceptInsecureCerts', 'true']

2023-10-05 15:36:52 - [MESSAGE][INFO] - Action delay is set to 0 milliseconds

2023-10-05 15:36:55 - [MESSAGE][PASSED] - Browser is opened with url: 'https://10.9.2.63/ecommerce/'

2023-10-05 15:36:55 - [TEST_STEP][PASSED] - maximizeWindow(): Current window maximized

2023-10-05 15:36:55 - [MESSAGE][PASSED] - Current window maximized

2023-10-05 15:36:55 - [TEST_STEP][PASSED] - verifyElementPresent(findTestObject("Login Ecommerce/Verifikasi Halaman Login Akun"), 0): Object 'Object Repository/Login Ecommerce/Verifikasi Halaman Login Akun' is present

2023-10-05 15:36:55 - [MESSAGE][WARNING] - Timeout '0' is invalid. Using default page load timeout: '30'

2023-10-05 15:36:56 - [MESSAGE][PASSED] - Object 'Object Repository/Login Ecommerce/Verifikasi Halaman Login Akun' is present

2023-10-05 15:36:56 - [TEST_STEP][PASSED] - click(findTestObject("Login Ecommerce/Login Akun")): Object: 'Object Repository/Login Ecommerce/Login Akun' is clicked on

2023-10-05 15:36:56 - [MESSAGE][PASSED] - Object: 'Object Repository/Login Ecommerce/Login Akun' is clicked on

2023-10-05 15:36:56 - [TEST_STEP][PASSED] - verifyElementPresent(findTestObject("Login Ecommerce/Verifikasi Halaman Login Akun"), 0): Object 'Object Repository/Login Ecommerce/Verifikasi Halaman Login Akun' is present

2023-10-05 15:36:56 - [MESSAGE][WARNING] - Timeout '0' is invalid. Using default page load timeout: '30'

2023-10-05 15:36:57 - [MESSAGE][PASSED] - Object 'Object Repository/Login Ecommerce/Verifikasi Halaman Login Akun' is present

2023-10-05 15:36:57 - [TEST_STEP][PASSED] - setText(findTestObject("Login Ecommerce/Input Username"), "riswandha"): Text 'riswandha' is set on object 'Object Repository/Login Ecommerce/Input Username'

2023-10-05 15:36:57 - [MESSAGE][PASSED] - Text 'riswandha' is set on object 'Object Repository/Login Ecommerce/Input Username'

2023-10-05 15:36:57 - [TEST_STEP][PASSED] - setEncryptedText(findTestObject("Login Ecommerce/Input Password"), "iGDxf8hSRT4="): Text ****** has been set on object 'Object Repository/Login Ecommerce/Input Password'

2023-10-05 15:36:58 - [MESSAGE][PASSED] - Text ****** has been set on object 'Object Repository/Login Ecommerce/Input Password'

2023-10-05 15:36:58 - [TEST_STEP][PASSED] - click(findTestObject("Login Ecommerce/Button Masuk")): Object: 'Object Repository/Login Ecommerce/Button Masuk' is clicked on

2023-10-05 15:36:59 - [MESSAGE][PASSED] - Object: 'Object Repository/Login Ecommerce/Button Masuk' is clicked on

2023-10-05 15:36:59 - [TEST_STEP][PASSED] - verifyElementPresent(findTestObject("Login Ecommerce/Verifikasi Login Akun"), 0): Object 'Object Repository/Login Ecommerce/Verifikasi Login Akun' is present

2023-10-05 15:36:59 - [MESSAGE][WARNING] - Timeout '0' is invalid. Using default page load timeout: '30'

2023-10-05 15:36:59 - [MESSAGE][PASSED] - Object 'Object Repository/Login Ecommerce/Verifikasi Login Akun' is present

2023-10-05 15:36:59 - [MESSAGE][PASSED] - Call Test Case 'Test Cases/Login Ecommerce/TC-Login Ecomerce-001' successfully

2023-10-05 15:36:59 - [TEST_STEP][PASSED] - mouseOver(findTestObject("Product Ecommerce/Button Menu toko")): Object: 'Object Repository/Product Ecommerce/Button Menu toko' is hovered

2023-10-05 15:37:00 - [MESSAGE][PASSED] - Object: 'Object Repository/Product Ecommerce/Button Menu toko' is hovered

2023-10-05 15:37:00 - [TEST_STEP][PASSED] - click(findTestObject("Product Ecommerce/Button Daftar Produk")): Object: 'Object Repository/Product Ecommerce/Button Daftar Produk' is clicked on

2023-10-05 15:37:01 - [MESSAGE][PASSED] - Object: 'Object Repository/Product Ecommerce/Button Daftar Produk' is clicked on

2023-10-05 15:37:01 - [TEST_STEP][PASSED] - verifyElementPresent(findTestObject("Product Ecommerce/Verifikasi Halaman Product Anda"), 0): Object 'Object Repository/Product Ecommerce/Verifikasi Halaman Product Anda' is present

2023-10-05 15:37:01 - [MESSAGE][WARNING] - Timeout '0' is invalid. Using default page load timeout: '30'

2023-10-05 15:37:01 - [MESSAGE][PASSED] - Object 'Object Repository/Product Ecommerce/Verifikasi Halaman Product Anda' is present

2023-10-05 15:37:01 - [MESSAGE][PASSED] - Call Test Case 'Test Cases/Product Ecommerce/TC-PE-001' successfully

2023-10-05 15:37:01 - [TEST_STEP][PASSED] - click(findTestObject("Product Ecommerce/Tambahkan Produk")): Object: 'Object Repository/Product Ecommerce/Tambahkan Produk' is clicked on

2023-10-05 15:37:02 - [MESSAGE][PASSED] - Object: 'Object Repository/Product Ecommerce/Tambahkan Produk' is clicked on

2023-10-05 15:37:02 - [TEST_STEP][PASSED] - verifyElementPresent(findTestObject("Product Ecommerce/Tambahkan Product/Verifikasi Halaman Tambahkan Product"), 0): Object 'Object Repository/Product Ecommerce/Tambahkan Product/Verifikasi Halaman Tambahkan Product' is present

2023-10-05 15:37:02 - [MESSAGE][WARNING] - Timeout '0' is invalid. Using default page load timeout: '30'

2023-10-05 15:37:03 - [MESSAGE][PASSED] - Object 'Object Repository/Product Ecommerce/Tambahkan Product/Verifikasi Halaman Tambahkan Product' is present

2023-10-05 15:37:03 - [TEST_STEP][PASSED] - selectOptionByValue(findTestObject("Product Ecommerce/Tambahkan Product/Pilih Katagori Produk"), "6", false): All options with value '6' are selected in object 'Object Repository/Product Ecommerce/Tambahkan Product/Pilih Katagori Produk' 

2023-10-05 15:37:03 - [MESSAGE][PASSED] - All options with value '6' are selected in object 'Object Repository/Product Ecommerce/Tambahkan Product/Pilih Katagori Produk' 

2023-10-05 15:37:03 - [TEST_STEP][PASSED] - selectOptionByValue(findTestObject("Product Ecommerce/Tambahkan Product/Pilih Sub Katagori Produk"), "15", false): All options with value '15' are selected in object 'Object Repository/Product Ecommerce/Tambahkan Product/Pilih Sub Katagori Produk' 

2023-10-05 15:37:04 - [MESSAGE][PASSED] - All options with value '15' are selected in object 'Object Repository/Product Ecommerce/Tambahkan Product/Pilih Sub Katagori Produk' 

2023-10-05 15:37:04 - [TEST_STEP][PASSED] - setText(findTestObject("Product Ecommerce/Tambahkan Product/Input Nama Produk"), "Baju Koko Kids 0 - 9 tahun"): Text 'Baju Koko Kids 0 - 9 tahun' is set on object 'Object Repository/Product Ecommerce/Tambahkan Product/Input Nama Produk'

2023-10-05 15:37:05 - [MESSAGE][PASSED] - Text 'Baju Koko Kids 0 - 9 tahun' is set on object 'Object Repository/Product Ecommerce/Tambahkan Product/Input Nama Produk'

2023-10-05 15:37:05 - [TEST_STEP][PASSED] - setText(findTestObject("Product Ecommerce/Tambahkan Product/Input Satuan"), "Pcs"): Text 'Pcs' is set on object 'Object Repository/Product Ecommerce/Tambahkan Product/Input Satuan'

2023-10-05 15:37:06 - [MESSAGE][PASSED] - Text 'Pcs' is set on object 'Object Repository/Product Ecommerce/Tambahkan Product/Input Satuan'

2023-10-05 15:37:06 - [TEST_STEP][PASSED] - setText(findTestObject("Product Ecommerce/Tambahkan Product/Input Berat"), "100"): Text '100' is set on object 'Object Repository/Product Ecommerce/Tambahkan Product/Input Berat'

2023-10-05 15:37:06 - [MESSAGE][PASSED] - Text '100' is set on object 'Object Repository/Product Ecommerce/Tambahkan Product/Input Berat'

2023-10-05 15:37:06 - [TEST_STEP][PASSED] - setText(findTestObject("Product Ecommerce/Tambahkan Product/Input Harga Modal"), "10000"): Text '10000' is set on object 'Object Repository/Product Ecommerce/Tambahkan Product/Input Harga Modal'

2023-10-05 15:37:07 - [MESSAGE][PASSED] - Text '10000' is set on object 'Object Repository/Product Ecommerce/Tambahkan Product/Input Harga Modal'

2023-10-05 15:37:07 - [TEST_STEP][PASSED] - setText(findTestObject("Product Ecommerce/Tambahkan Product/Input Harga Jual"), "12000"): Text '12000' is set on object 'Object Repository/Product Ecommerce/Tambahkan Product/Input Harga Jual'

2023-10-05 15:37:08 - [MESSAGE][PASSED] - Text '12000' is set on object 'Object Repository/Product Ecommerce/Tambahkan Product/Input Harga Jual'

2023-10-05 15:37:08 - [TEST_STEP][PASSED] - setText(findTestObject("Product Ecommerce/Tambahkan Product/Input Diskon"), "1000"): Text '1000' is set on object 'Object Repository/Product Ecommerce/Tambahkan Product/Input Diskon'

2023-10-05 15:37:09 - [MESSAGE][PASSED] - Text '1000' is set on object 'Object Repository/Product Ecommerce/Tambahkan Product/Input Diskon'

2023-10-05 15:37:09 - [TEST_STEP][PASSED] - setText(findTestObject("Product Ecommerce/Tambahkan Product/Input Stok Awal"), "20"): Text '20' is set on object 'Object Repository/Product Ecommerce/Tambahkan Product/Input Stok Awal'

2023-10-05 15:37:09 - [MESSAGE][PASSED] - Text '20' is set on object 'Object Repository/Product Ecommerce/Tambahkan Product/Input Stok Awal'

2023-10-05 15:37:09 - [TEST_STEP][PASSED] - setText(findTestObject("Product Ecommerce/Tambahkan Product/Input Minimum Order"), "1"): Text '1' is set on object 'Object Repository/Product Ecommerce/Tambahkan Product/Input Minimum Order'

2023-10-05 15:37:10 - [MESSAGE][PASSED] - Text '1' is set on object 'Object Repository/Product Ecommerce/Tambahkan Product/Input Minimum Order'

2023-10-05 15:37:10 - [TEST_STEP][PASSED] - setText(findTestObject("Product Ecommerce/Tambahkan Product/Input Cuplikan"), "Stylish dan Nyaman! Baju Koko Kids kami cocok untuk usia 0 - 9 tahun. Terbuat dari bahan berkualitas tinggi yang lembut di kulit anak-anak, baju ini sempurna untuk berbagai acara, termasuk lebaran."): Text 'Stylish dan Nyaman! Baju Koko Kids kami cocok untuk usia 0 - 9 tahun. Terbuat dari bahan berkualitas tinggi yang lembut di kulit anak-anak, baju ini sempurna untuk berbagai acara, termasuk lebaran.' is set on object 'Object Repository/Product Ecommerce/Tambahkan Product/Input Cuplikan'

2023-10-05 15:37:11 - [MESSAGE][PASSED] - Text 'Stylish dan Nyaman! Baju Koko Kids kami cocok untuk usia 0 - 9 tahun. Terbuat dari bahan berkualitas tinggi yang lembut di kulit anak-anak, baju ini sempurna untuk berbagai acara, termasuk lebaran.' is set on object 'Object Repository/Product Ecommerce/Tambahkan Product/Input Cuplikan'

2023-10-05 15:37:11 - [TEST_STEP][PASSED] - check(findTestObject("Product Ecommerce/Tambahkan Product/Input Merek Pria")): Object 'Object Repository/Product Ecommerce/Tambahkan Product/Input Merek Pria' is checked

2023-10-05 15:37:11 - [MESSAGE][PASSED] - Object 'Object Repository/Product Ecommerce/Tambahkan Product/Input Merek Pria' is checked

2023-10-05 15:37:11 - [TEST_STEP][PASSED] - setText(findTestObject("Product Ecommerce/Tambahkan Product/Input Keterangan"), "Desain Modern: Tampil modis dengan desain terkini yang cocok untuk anak-anak. Kenyamanan Sepanjang Hari: Bahan lembut dan nyaman sehingga anak-anak tetap bahagia sepanjang hari. Beragam Warna: Pilihan warna yang cerah dan menarik. Ukuran Sesuai: Tersedia dalam berbagai ukuran, mulai dari 0 hingga 9 tahun. Dapatkan tampilan yang trendi untuk si kecil dengan Baju Koko Kids kami. Pesan sekarang dan buat momen lebaran mereka lebih istimewa!"): Text 'Desain Modern: Tampil modis dengan desain terkini yang cocok untuk anak-anak. Kenyamanan Sepanjang Hari: Bahan lembut dan nyaman sehingga anak-anak tetap bahagia sepanjang hari. Beragam Warna: Pilihan warna yang cerah dan menarik. Ukuran Sesuai: Tersedia dalam berbagai ukuran, mulai dari 0 hingga 9 tahun. Dapatkan tampilan yang trendi untuk si kecil dengan Baju Koko Kids kami. Pesan sekarang dan buat momen lebaran mereka lebih istimewa!' is set on object 'Object Repository/Product Ecommerce/Tambahkan Product/Input Keterangan'

2023-10-05 15:37:14 - [MESSAGE][PASSED] - Text 'Desain Modern: Tampil modis dengan desain terkini yang cocok untuk anak-anak. Kenyamanan Sepanjang Hari: Bahan lembut dan nyaman sehingga anak-anak tetap bahagia sepanjang hari. Beragam Warna: Pilihan warna yang cerah dan menarik. Ukuran Sesuai: Tersedia dalam berbagai ukuran, mulai dari 0 hingga 9 tahun. Dapatkan tampilan yang trendi untuk si kecil dengan Baju Koko Kids kami. Pesan sekarang dan buat momen lebaran mereka lebih istimewa!' is set on object 'Object Repository/Product Ecommerce/Tambahkan Product/Input Keterangan'

2023-10-05 15:37:14 - [TEST_STEP][PASSED] - setText(findTestObject("Product Ecommerce/Tambahkan Product/Input Variasi 1 Nama Variasi"), "Warna"): Text 'Warna' is set on object 'Object Repository/Product Ecommerce/Tambahkan Product/Input Variasi 1 Nama Variasi'

2023-10-05 15:37:14 - [MESSAGE][PASSED] - Text 'Warna' is set on object 'Object Repository/Product Ecommerce/Tambahkan Product/Input Variasi 1 Nama Variasi'

2023-10-05 15:37:14 - [TEST_STEP][PASSED] - setText(findTestObject("Product Ecommerce/Tambahkan Product/Input Variasi 1 Kolom 1"), "Merah"): Text 'Merah' is set on object 'Object Repository/Product Ecommerce/Tambahkan Product/Input Variasi 1 Kolom 1'

2023-10-05 15:37:15 - [MESSAGE][PASSED] - Text 'Merah' is set on object 'Object Repository/Product Ecommerce/Tambahkan Product/Input Variasi 1 Kolom 1'

2023-10-05 15:37:15 - [TEST_STEP][PASSED] - setText(findTestObject("Product Ecommerce/Tambahkan Product/Input Variasi 1 Kolom 2"), "Biru"): Text 'Biru' is set on object 'Object Repository/Product Ecommerce/Tambahkan Product/Input Variasi 1 Kolom 2'

2023-10-05 15:37:16 - [MESSAGE][PASSED] - Text 'Biru' is set on object 'Object Repository/Product Ecommerce/Tambahkan Product/Input Variasi 1 Kolom 2'

2023-10-05 15:37:16 - [TEST_STEP][PASSED] - uploadFile(findTestObject("Product Ecommerce/Tambahkan Product/Input File"), "E:\Pelatihan\Xsis Academy\Baju koko kids.jpg"): File 'E:\Pelatihan\Xsis Academy\Baju koko kids.jpg' sent to object: 'Object Repository/Product Ecommerce/Tambahkan Product/Input File'

2023-10-05 15:37:16 - [MESSAGE][PASSED] - File 'E:\Pelatihan\Xsis Academy\Baju koko kids.jpg' sent to object: 'Object Repository/Product Ecommerce/Tambahkan Product/Input File'

2023-10-05 15:37:16 - [TEST_STEP][PASSED] - click(findTestObject("Product Ecommerce/Tambahkan Product/Button Tambahkan")): Object: 'Object Repository/Product Ecommerce/Tambahkan Product/Button Tambahkan' is clicked on

2023-10-05 15:37:19 - [MESSAGE][PASSED] - Object: 'Object Repository/Product Ecommerce/Tambahkan Product/Button Tambahkan' is clicked on

2023-10-05 15:37:19 - [TEST_STEP][FAILED] - verifyElementPresent(findTestObject("Product Ecommerce/Verifikasi Halaman Product Anda"), 0): Unable to verify object 'Object Repository/Product Ecommerce/Verifikasi Halaman Product Anda' is present (Root cause: com.kms.katalon.core.exception.StepFailedException: Unable to verify object 'Object Repository/Product Ecommerce/Verifikasi Halaman Product Anda' is present
	at com.kms.katalon.core.webui.keyword.internal.WebUIKeywordMain.stepFailed(WebUIKeywordMain.groovy:64)
	at com.kms.katalon.core.webui.keyword.internal.WebUIKeywordMain.runKeyword(WebUIKeywordMain.groovy:26)
	at com.kms.katalon.core.webui.keyword.builtin.VerifyElementPresentKeyword.verifyElementPresent(VerifyElementPresentKeyword.groovy:92)
	at com.kms.katalon.core.webui.keyword.builtin.VerifyElementPresentKeyword.execute(VerifyElementPresentKeyword.groovy:68)
	at com.kms.katalon.core.keyword.internal.KeywordExecutor.executeKeywordForPlatform(KeywordExecutor.groovy:74)
	at com.kms.katalon.core.webui.keyword.WebUiBuiltInKeywords.verifyElementPresent(WebUiBuiltInKeywords.groovy:1464)
	at com.kms.katalon.core.webui.keyword.WebUiBuiltInKeywords$verifyElementPresent$1.call(Unknown Source)
	at TC-PE-002.run(TC-PE-002:62)
	at com.kms.katalon.core.main.ScriptEngine.run(ScriptEngine.java:194)
	at com.kms.katalon.core.main.ScriptEngine.runScriptAsRawText(ScriptEngine.java:119)
	at com.kms.katalon.core.main.TestCaseExecutor.runScript(TestCaseExecutor.java:448)
	at com.kms.katalon.core.main.TestCaseExecutor.doExecute(TestCaseExecutor.java:439)
	at com.kms.katalon.core.main.TestCaseExecutor.processExecutionPhase(TestCaseExecutor.java:418)
	at com.kms.katalon.core.main.TestCaseExecutor.accessMainPhase(TestCaseExecutor.java:410)
	at com.kms.katalon.core.main.TestCaseExecutor.execute(TestCaseExecutor.java:285)
	at com.kms.katalon.core.common.CommonExecutor.accessTestCaseMainPhase(CommonExecutor.java:65)
	at com.kms.katalon.core.main.TestSuiteExecutor.accessTestSuiteMainPhase(TestSuiteExecutor.java:148)
	at com.kms.katalon.core.main.TestSuiteExecutor.execute(TestSuiteExecutor.java:106)
	at com.kms.katalon.core.main.TestCaseMain.startTestSuite(TestCaseMain.java:187)
	at com.kms.katalon.core.main.TestCaseMain$startTestSuite$0.call(Unknown Source)
	at TempTestSuite1696494982531.run(TempTestSuite1696494982531.groovy:36)
Caused by: com.kms.katalon.core.exception.StepFailedException: com.kms.katalon.core.webui.exception.WebElementNotFoundException: Web element with id: 'Object Repository/Product Ecommerce/Verifikasi Halaman Product Anda' located by '(.//*[normalize-space(text()) and normalize-space(.)='Home'])[1]/following::li[2]' not found
	at com.kms.katalon.core.webui.keyword.internal.WebUIKeywordMain.stepFailed(WebUIKeywordMain.groovy:64)
	at com.kms.katalon.core.webui.keyword.builtin.VerifyElementPresentKeyword$_verifyElementPresent_closure1.doCall(VerifyElementPresentKeyword.groovy:85)
	at com.kms.katalon.core.webui.keyword.builtin.VerifyElementPresentKeyword$_verifyElementPresent_closure1.call(VerifyElementPresentKeyword.groovy)
	at com.kms.katalon.core.webui.keyword.internal.WebUIKeywordMain.runKeyword(WebUIKeywordMain.groovy:20)
	... 19 more
)

2023-10-05 15:37:19 - [MESSAGE][WARNING] - Timeout '0' is invalid. Using default page load timeout: '30'

2023-10-05 15:37:50 - [MESSAGE][INFO] - Unable to find the element located by 'By.xpath: (.//*[normalize-space(text()) and normalize-space(.)='Home'])[1]/following::li[2]'. Please recheck the objects properties to make sure the desired element is located. 

2023-10-05 15:37:51 - [MESSAGE][FAILED] - com.kms.katalon.core.webui.exception.WebElementNotFoundException: Web element with id: 'Object Repository/Product Ecommerce/Verifikasi Halaman Product Anda' located by '(.//*[normalize-space(text()) and normalize-space(.)='Home'])[1]/following::li[2]' not found (Root cause: com.kms.katalon.core.exception.StepFailedException: com.kms.katalon.core.webui.exception.WebElementNotFoundException: Web element with id: 'Object Repository/Product Ecommerce/Verifikasi Halaman Product Anda' located by '(.//*[normalize-space(text()) and normalize-space(.)='Home'])[1]/following::li[2]' not found
	at com.kms.katalon.core.webui.keyword.internal.WebUIKeywordMain.stepFailed(WebUIKeywordMain.groovy:64)
	at com.kms.katalon.core.webui.keyword.builtin.VerifyElementPresentKeyword$_verifyElementPresent_closure1.doCall(VerifyElementPresentKeyword.groovy:85)
	at com.kms.katalon.core.webui.keyword.builtin.VerifyElementPresentKeyword$_verifyElementPresent_closure1.call(VerifyElementPresentKeyword.groovy)
	at com.kms.katalon.core.webui.keyword.internal.WebUIKeywordMain.runKeyword(WebUIKeywordMain.groovy:20)
	at com.kms.katalon.core.webui.keyword.builtin.VerifyElementPresentKeyword.verifyElementPresent(VerifyElementPresentKeyword.groovy:92)
	at com.kms.katalon.core.webui.keyword.builtin.VerifyElementPresentKeyword.execute(VerifyElementPresentKeyword.groovy:68)
	at com.kms.katalon.core.keyword.internal.KeywordExecutor.executeKeywordForPlatform(KeywordExecutor.groovy:74)
	at com.kms.katalon.core.webui.keyword.WebUiBuiltInKeywords.verifyElementPresent(WebUiBuiltInKeywords.groovy:1464)
	at com.kms.katalon.core.webui.keyword.WebUiBuiltInKeywords$verifyElementPresent$1.call(Unknown Source)
	at TC-PE-002.run(TC-PE-002:62)
	at com.kms.katalon.core.main.ScriptEngine.run(ScriptEngine.java:194)
	at com.kms.katalon.core.main.ScriptEngine.runScriptAsRawText(ScriptEngine.java:119)
	at com.kms.katalon.core.main.TestCaseExecutor.runScript(TestCaseExecutor.java:448)
	at com.kms.katalon.core.main.TestCaseExecutor.doExecute(TestCaseExecutor.java:439)
	at com.kms.katalon.core.main.TestCaseExecutor.processExecutionPhase(TestCaseExecutor.java:418)
	at com.kms.katalon.core.main.TestCaseExecutor.accessMainPhase(TestCaseExecutor.java:410)
	at com.kms.katalon.core.main.TestCaseExecutor.execute(TestCaseExecutor.java:285)
	at com.kms.katalon.core.common.CommonExecutor.accessTestCaseMainPhase(CommonExecutor.java:65)
	at com.kms.katalon.core.main.TestSuiteExecutor.accessTestSuiteMainPhase(TestSuiteExecutor.java:148)
	at com.kms.katalon.core.main.TestSuiteExecutor.execute(TestSuiteExecutor.java:106)
	at com.kms.katalon.core.main.TestCaseMain.startTestSuite(TestCaseMain.java:187)
	at com.kms.katalon.core.main.TestCaseMain$startTestSuite$0.call(Unknown Source)
	at TempTestSuite1696494982531.run(TempTestSuite1696494982531.groovy:36)
)
[[ATTACHMENT|G:\\Project Xsis\\batch-324-qa\\Riswan\\Sprint 2 Product Tajalapak\\Reports\\20231005_153622\\Product Ecomerce\\20231005_153622\\1696495070969.png]]

2023-10-05 15:37:51 - [MESSAGE][FAILED] - Unable to verify object 'Object Repository/Product Ecommerce/Verifikasi Halaman Product Anda' is present (Root cause: com.kms.katalon.core.exception.StepFailedException: Unable to verify object 'Object Repository/Product Ecommerce/Verifikasi Halaman Product Anda' is present
	at com.kms.katalon.core.webui.keyword.internal.WebUIKeywordMain.stepFailed(WebUIKeywordMain.groovy:64)
	at com.kms.katalon.core.webui.keyword.internal.WebUIKeywordMain.runKeyword(WebUIKeywordMain.groovy:26)
	at com.kms.katalon.core.webui.keyword.builtin.VerifyElementPresentKeyword.verifyElementPresent(VerifyElementPresentKeyword.groovy:92)
	at com.kms.katalon.core.webui.keyword.builtin.VerifyElementPresentKeyword.execute(VerifyElementPresentKeyword.groovy:68)
	at com.kms.katalon.core.keyword.internal.KeywordExecutor.executeKeywordForPlatform(KeywordExecutor.groovy:74)
	at com.kms.katalon.core.webui.keyword.WebUiBuiltInKeywords.verifyElementPresent(WebUiBuiltInKeywords.groovy:1464)
	at com.kms.katalon.core.webui.keyword.WebUiBuiltInKeywords$verifyElementPresent$1.call(Unknown Source)
	at TC-PE-002.run(TC-PE-002:62)
	at com.kms.katalon.core.main.ScriptEngine.run(ScriptEngine.java:194)
	at com.kms.katalon.core.main.ScriptEngine.runScriptAsRawText(ScriptEngine.java:119)
	at com.kms.katalon.core.main.TestCaseExecutor.runScript(TestCaseExecutor.java:448)
	at com.kms.katalon.core.main.TestCaseExecutor.doExecute(TestCaseExecutor.java:439)
	at com.kms.katalon.core.main.TestCaseExecutor.processExecutionPhase(TestCaseExecutor.java:418)
	at com.kms.katalon.core.main.TestCaseExecutor.accessMainPhase(TestCaseExecutor.java:410)
	at com.kms.katalon.core.main.TestCaseExecutor.execute(TestCaseExecutor.java:285)
	at com.kms.katalon.core.common.CommonExecutor.accessTestCaseMainPhase(CommonExecutor.java:65)
	at com.kms.katalon.core.main.TestSuiteExecutor.accessTestSuiteMainPhase(TestSuiteExecutor.java:148)
	at com.kms.katalon.core.main.TestSuiteExecutor.execute(TestSuiteExecutor.java:106)
	at com.kms.katalon.core.main.TestCaseMain.startTestSuite(TestCaseMain.java:187)
	at com.kms.katalon.core.main.TestCaseMain$startTestSuite$0.call(Unknown Source)
	at TempTestSuite1696494982531.run(TempTestSuite1696494982531.groovy:36)
Caused by: com.kms.katalon.core.exception.StepFailedException: com.kms.katalon.core.webui.exception.WebElementNotFoundException: Web element with id: 'Object Repository/Product Ecommerce/Verifikasi Halaman Product Anda' located by '(.//*[normalize-space(text()) and normalize-space(.)='Home'])[1]/following::li[2]' not found
	at com.kms.katalon.core.webui.keyword.internal.WebUIKeywordMain.stepFailed(WebUIKeywordMain.groovy:64)
	at com.kms.katalon.core.webui.keyword.builtin.VerifyElementPresentKeyword$_verifyElementPresent_closure1.doCall(VerifyElementPresentKeyword.groovy:85)
	at com.kms.katalon.core.webui.keyword.builtin.VerifyElementPresentKeyword$_verifyElementPresent_closure1.call(VerifyElementPresentKeyword.groovy)
	at com.kms.katalon.core.webui.keyword.internal.WebUIKeywordMain.runKeyword(WebUIKeywordMain.groovy:20)
	... 19 more
)
[[ATTACHMENT|G:\\Project Xsis\\batch-324-qa\\Riswan\\Sprint 2 Product Tajalapak\\Reports\\20231005_153622\\Product Ecomerce\\20231005_153622\\1696495071082.png]]]]></system-out>
         <system-err><![CDATA[2023-10-05 15:36:49 - [TEST_CASE][FAILED] - Test Cases/Product Ecommerce/TC-PE-002: Test Cases/Product Ecommerce/TC-PE-002 FAILED.
Reason:
com.kms.katalon.core.exception.StepFailedException: Unable to verify object 'Object Repository/Product Ecommerce/Verifikasi Halaman Product Anda' is present
	at com.kms.katalon.core.webui.keyword.internal.WebUIKeywordMain.stepFailed(WebUIKeywordMain.groovy:64)
	at com.kms.katalon.core.webui.keyword.internal.WebUIKeywordMain.runKeyword(WebUIKeywordMain.groovy:26)
	at com.kms.katalon.core.webui.keyword.builtin.VerifyElementPresentKeyword.verifyElementPresent(VerifyElementPresentKeyword.groovy:92)
	at com.kms.katalon.core.webui.keyword.builtin.VerifyElementPresentKeyword.execute(VerifyElementPresentKeyword.groovy:68)
	at com.kms.katalon.core.keyword.internal.KeywordExecutor.executeKeywordForPlatform(KeywordExecutor.groovy:74)
	at com.kms.katalon.core.webui.keyword.WebUiBuiltInKeywords.verifyElementPresent(WebUiBuiltInKeywords.groovy:1464)
	at com.kms.katalon.core.webui.keyword.WebUiBuiltInKeywords$verifyElementPresent$1.call(Unknown Source)
	at TC-PE-002.run(TC-PE-002:62)
	at com.kms.katalon.core.main.ScriptEngine.run(ScriptEngine.java:194)
	at com.kms.katalon.core.main.ScriptEngine.runScriptAsRawText(ScriptEngine.java:119)
	at com.kms.katalon.core.main.TestCaseExecutor.runScript(TestCaseExecutor.java:448)
	at com.kms.katalon.core.main.TestCaseExecutor.doExecute(TestCaseExecutor.java:439)
	at com.kms.katalon.core.main.TestCaseExecutor.processExecutionPhase(TestCaseExecutor.java:418)
	at com.kms.katalon.core.main.TestCaseExecutor.accessMainPhase(TestCaseExecutor.java:410)
	at com.kms.katalon.core.main.TestCaseExecutor.execute(TestCaseExecutor.java:285)
	at com.kms.katalon.core.common.CommonExecutor.accessTestCaseMainPhase(CommonExecutor.java:65)
	at com.kms.katalon.core.main.TestSuiteExecutor.accessTestSuiteMainPhase(TestSuiteExecutor.java:148)
	at com.kms.katalon.core.main.TestSuiteExecutor.execute(TestSuiteExecutor.java:106)
	at com.kms.katalon.core.main.TestCaseMain.startTestSuite(TestCaseMain.java:187)
	at com.kms.katalon.core.main.TestCaseMain$startTestSuite$0.call(Unknown Source)
	at TempTestSuite1696494982531.run(TempTestSuite1696494982531.groovy:36)
Caused by: com.kms.katalon.core.exception.StepFailedException: com.kms.katalon.core.webui.exception.WebElementNotFoundException: Web element with id: 'Object Repository/Product Ecommerce/Verifikasi Halaman Product Anda' located by '(.//*[normalize-space(text()) and normalize-space(.)='Home'])[1]/following::li[2]' not found
	at com.kms.katalon.core.webui.keyword.internal.WebUIKeywordMain.stepFailed(WebUIKeywordMain.groovy:64)
	at com.kms.katalon.core.webui.keyword.builtin.VerifyElementPresentKeyword$_verifyElementPresent_closure1.doCall(VerifyElementPresentKeyword.groovy:85)
	at com.kms.katalon.core.webui.keyword.builtin.VerifyElementPresentKeyword$_verifyElementPresent_closure1.call(VerifyElementPresentKeyword.groovy)
	at com.kms.katalon.core.webui.keyword.internal.WebUIKeywordMain.runKeyword(WebUIKeywordMain.groovy:20)
	... 19 more]]></system-err>
      </testcase>
      <testcase name="Test Cases/Product Ecommerce/TC-PE-003" time="16.307" classname="Test Cases/Product Ecommerce/TC-PE-003" status="PASSED">
         <system-out><![CDATA[2023-10-05 15:37:51 - [TEST_CASE][PASSED] - Test Cases/Product Ecommerce/TC-PE-003: Test Cases/Product Ecommerce/TC-PE-003

2023-10-05 15:37:51 - [TEST_STEP][PASSED] - callTestCase(findTestCase("Product Ecommerce/TC-PE-001"), [:], STOP_ON_FAILURE): Call Test Case 'Test Cases/Product Ecommerce/TC-PE-001' successfully

2023-10-05 15:37:51 - [TEST_CASE][PASSED] - Test Cases/Product Ecommerce/TC-PE-001: Test Cases/Product Ecommerce/TC-PE-001

2023-10-05 15:37:51 - [TEST_STEP][PASSED] - callTestCase(findTestCase("Login Ecommerce/TC-Login Ecomerce-001"), [:], STOP_ON_FAILURE): Call Test Case 'Test Cases/Login Ecommerce/TC-Login Ecomerce-001' successfully

2023-10-05 15:37:51 - [TEST_CASE][PASSED] - Test Cases/Login Ecommerce/TC-Login Ecomerce-001: Test Cases/Login Ecommerce/TC-Login Ecomerce-001

2023-10-05 15:37:51 - [TEST_STEP][PASSED] - openBrowser(userTajalapak): Browser is opened with url: 'https://10.9.2.63/ecommerce/'

2023-10-05 15:37:51 - [MESSAGE][WARNING] - A browser is already opened. Closing browser and opening a new one

2023-10-05 15:37:52 - [MESSAGE][INFO] - Starting 'Edge Chromium' driver

2023-10-05 15:37:52 - [MESSAGE][INFO] - User set preference: ['acceptInsecureCerts', 'true']

2023-10-05 15:37:54 - [MESSAGE][INFO] - Action delay is set to 0 milliseconds

2023-10-05 15:37:56 - [MESSAGE][PASSED] - Browser is opened with url: 'https://10.9.2.63/ecommerce/'

2023-10-05 15:37:56 - [TEST_STEP][PASSED] - maximizeWindow(): Current window maximized

2023-10-05 15:37:56 - [MESSAGE][PASSED] - Current window maximized

2023-10-05 15:37:56 - [TEST_STEP][PASSED] - verifyElementPresent(findTestObject("Login Ecommerce/Verifikasi Halaman Login Akun"), 0): Object 'Object Repository/Login Ecommerce/Verifikasi Halaman Login Akun' is present

2023-10-05 15:37:56 - [MESSAGE][WARNING] - Timeout '0' is invalid. Using default page load timeout: '30'

2023-10-05 15:37:57 - [MESSAGE][PASSED] - Object 'Object Repository/Login Ecommerce/Verifikasi Halaman Login Akun' is present

2023-10-05 15:37:57 - [TEST_STEP][PASSED] - click(findTestObject("Login Ecommerce/Login Akun")): Object: 'Object Repository/Login Ecommerce/Login Akun' is clicked on

2023-10-05 15:37:57 - [MESSAGE][PASSED] - Object: 'Object Repository/Login Ecommerce/Login Akun' is clicked on

2023-10-05 15:37:57 - [TEST_STEP][PASSED] - verifyElementPresent(findTestObject("Login Ecommerce/Verifikasi Halaman Login Akun"), 0): Object 'Object Repository/Login Ecommerce/Verifikasi Halaman Login Akun' is present

2023-10-05 15:37:57 - [MESSAGE][WARNING] - Timeout '0' is invalid. Using default page load timeout: '30'

2023-10-05 15:37:58 - [MESSAGE][PASSED] - Object 'Object Repository/Login Ecommerce/Verifikasi Halaman Login Akun' is present

2023-10-05 15:37:58 - [TEST_STEP][PASSED] - setText(findTestObject("Login Ecommerce/Input Username"), "riswandha"): Text 'riswandha' is set on object 'Object Repository/Login Ecommerce/Input Username'

2023-10-05 15:37:59 - [MESSAGE][PASSED] - Text 'riswandha' is set on object 'Object Repository/Login Ecommerce/Input Username'

2023-10-05 15:37:59 - [TEST_STEP][PASSED] - setEncryptedText(findTestObject("Login Ecommerce/Input Password"), "iGDxf8hSRT4="): Text ****** has been set on object 'Object Repository/Login Ecommerce/Input Password'

2023-10-05 15:37:59 - [MESSAGE][PASSED] - Text ****** has been set on object 'Object Repository/Login Ecommerce/Input Password'

2023-10-05 15:37:59 - [TEST_STEP][PASSED] - click(findTestObject("Login Ecommerce/Button Masuk")): Object: 'Object Repository/Login Ecommerce/Button Masuk' is clicked on

2023-10-05 15:38:00 - [MESSAGE][PASSED] - Object: 'Object Repository/Login Ecommerce/Button Masuk' is clicked on

2023-10-05 15:38:00 - [TEST_STEP][PASSED] - verifyElementPresent(findTestObject("Login Ecommerce/Verifikasi Login Akun"), 0): Object 'Object Repository/Login Ecommerce/Verifikasi Login Akun' is present

2023-10-05 15:38:00 - [MESSAGE][WARNING] - Timeout '0' is invalid. Using default page load timeout: '30'

2023-10-05 15:38:01 - [MESSAGE][PASSED] - Object 'Object Repository/Login Ecommerce/Verifikasi Login Akun' is present

2023-10-05 15:38:01 - [MESSAGE][PASSED] - Call Test Case 'Test Cases/Login Ecommerce/TC-Login Ecomerce-001' successfully

2023-10-05 15:38:01 - [TEST_STEP][PASSED] - mouseOver(findTestObject("Product Ecommerce/Button Menu toko")): Object: 'Object Repository/Product Ecommerce/Button Menu toko' is hovered

2023-10-05 15:38:01 - [MESSAGE][PASSED] - Object: 'Object Repository/Product Ecommerce/Button Menu toko' is hovered

2023-10-05 15:38:01 - [TEST_STEP][PASSED] - click(findTestObject("Product Ecommerce/Button Daftar Produk")): Object: 'Object Repository/Product Ecommerce/Button Daftar Produk' is clicked on

2023-10-05 15:38:02 - [MESSAGE][PASSED] - Object: 'Object Repository/Product Ecommerce/Button Daftar Produk' is clicked on

2023-10-05 15:38:02 - [TEST_STEP][PASSED] - verifyElementPresent(findTestObject("Product Ecommerce/Verifikasi Halaman Product Anda"), 0): Object 'Object Repository/Product Ecommerce/Verifikasi Halaman Product Anda' is present

2023-10-05 15:38:02 - [MESSAGE][WARNING] - Timeout '0' is invalid. Using default page load timeout: '30'

2023-10-05 15:38:03 - [MESSAGE][PASSED] - Object 'Object Repository/Product Ecommerce/Verifikasi Halaman Product Anda' is present

2023-10-05 15:38:03 - [MESSAGE][PASSED] - Call Test Case 'Test Cases/Product Ecommerce/TC-PE-001' successfully

2023-10-05 15:38:03 - [TEST_STEP][PASSED] - mouseOver(findTestObject("Product Ecommerce/Image Gambar produk 1")): Object: 'Object Repository/Product Ecommerce/Image Gambar produk 1' is hovered

2023-10-05 15:38:03 - [MESSAGE][PASSED] - Object: 'Object Repository/Product Ecommerce/Image Gambar produk 1' is hovered

2023-10-05 15:38:03 - [TEST_STEP][PASSED] - verifyElementPresent(findTestObject("Product Ecommerce/Tambahkan Produk"), 0): Object 'Object Repository/Product Ecommerce/Tambahkan Produk' is present

2023-10-05 15:38:03 - [MESSAGE][WARNING] - Timeout '0' is invalid. Using default page load timeout: '30'

2023-10-05 15:38:03 - [MESSAGE][PASSED] - Object 'Object Repository/Product Ecommerce/Tambahkan Produk' is present

2023-10-05 15:38:03 - [TEST_STEP][PASSED] - click(findTestObject("Product Ecommerce/Tambahkan Product/Edit Data")): Object: 'Object Repository/Product Ecommerce/Tambahkan Product/Edit Data' is clicked on

2023-10-05 15:38:04 - [MESSAGE][PASSED] - Object: 'Object Repository/Product Ecommerce/Tambahkan Product/Edit Data' is clicked on

2023-10-05 15:38:04 - [TEST_STEP][PASSED] - setText(findTestObject("Product Ecommerce/Tambahkan Product/Input Harga Jual"), hargaBaru): Text '13000' is set on object 'Object Repository/Product Ecommerce/Tambahkan Product/Input Harga Jual'

2023-10-05 15:38:05 - [MESSAGE][PASSED] - Text '13000' is set on object 'Object Repository/Product Ecommerce/Tambahkan Product/Input Harga Jual'

2023-10-05 15:38:05 - [TEST_STEP][PASSED] - click(findTestObject("Product Ecommerce/Tambahkan Product/Button Update Data")): Object: 'Object Repository/Product Ecommerce/Tambahkan Product/Button Update Data' is clicked on

2023-10-05 15:38:06 - [MESSAGE][PASSED] - Object: 'Object Repository/Product Ecommerce/Tambahkan Product/Button Update Data' is clicked on

2023-10-05 15:38:06 - [TEST_STEP][PASSED] - verifyElementPresent(findTestObject("Product Ecommerce/Verifikasi Halaman Product Anda"), 0): Object 'Object Repository/Product Ecommerce/Verifikasi Halaman Product Anda' is present

2023-10-05 15:38:06 - [MESSAGE][WARNING] - Timeout '0' is invalid. Using default page load timeout: '30'

2023-10-05 15:38:07 - [MESSAGE][PASSED] - Object 'Object Repository/Product Ecommerce/Verifikasi Halaman Product Anda' is present

2023-10-05 15:38:07 - [TEST_STEP][PASSED] - hargaProduct = getText(findTestObject("Object Repository/Product Ecommerce/Verifikasi product/Harga Product Ke 1")): Text of object 'Object Repository/Product Ecommerce/Verifikasi product/Harga Product Ke 1' is: 'Rp 13,000'

2023-10-05 15:38:07 - [MESSAGE][PASSED] - Text of object 'Object Repository/Product Ecommerce/Verifikasi product/Harga Product Ke 1' is: 'Rp 13,000'

2023-10-05 15:38:07 - [TEST_STEP][PASSED] - harga = hargaProduct.split(" "): null

2023-10-05 15:38:07 - [TEST_STEP][PASSED] - assert harga[1].replace(",", "") == hargaBaru: null]]></system-out>
         <system-err><![CDATA[]]></system-err>
      </testcase>
      <testcase name="Test Cases/Product Ecommerce/TC-PE-004" time="43.212" classname="Test Cases/Product Ecommerce/TC-PE-004" status="PASSED">
         <system-out><![CDATA[2023-10-05 15:38:07 - [TEST_CASE][PASSED] - Test Cases/Product Ecommerce/TC-PE-004: Test Cases/Product Ecommerce/TC-PE-004

2023-10-05 15:38:07 - [TEST_STEP][PASSED] - callTestCase(findTestCase("Product Ecommerce/TC-PE-001"), [:], STOP_ON_FAILURE): Call Test Case 'Test Cases/Product Ecommerce/TC-PE-001' successfully

2023-10-05 15:38:07 - [TEST_CASE][PASSED] - Test Cases/Product Ecommerce/TC-PE-001: Test Cases/Product Ecommerce/TC-PE-001

2023-10-05 15:38:07 - [TEST_STEP][PASSED] - callTestCase(findTestCase("Login Ecommerce/TC-Login Ecomerce-001"), [:], STOP_ON_FAILURE): Call Test Case 'Test Cases/Login Ecommerce/TC-Login Ecomerce-001' successfully

2023-10-05 15:38:07 - [TEST_CASE][PASSED] - Test Cases/Login Ecommerce/TC-Login Ecomerce-001: Test Cases/Login Ecommerce/TC-Login Ecomerce-001

2023-10-05 15:38:07 - [TEST_STEP][PASSED] - openBrowser(userTajalapak): Browser is opened with url: 'https://10.9.2.63/ecommerce/'

2023-10-05 15:38:07 - [MESSAGE][WARNING] - A browser is already opened. Closing browser and opening a new one

2023-10-05 15:38:08 - [MESSAGE][INFO] - Starting 'Edge Chromium' driver

2023-10-05 15:38:08 - [MESSAGE][INFO] - User set preference: ['acceptInsecureCerts', 'true']

2023-10-05 15:38:10 - [MESSAGE][INFO] - Action delay is set to 0 milliseconds

2023-10-05 15:38:14 - [MESSAGE][PASSED] - Browser is opened with url: 'https://10.9.2.63/ecommerce/'

2023-10-05 15:38:14 - [TEST_STEP][PASSED] - maximizeWindow(): Current window maximized

2023-10-05 15:38:14 - [MESSAGE][PASSED] - Current window maximized

2023-10-05 15:38:14 - [TEST_STEP][PASSED] - verifyElementPresent(findTestObject("Login Ecommerce/Verifikasi Halaman Login Akun"), 0): Object 'Object Repository/Login Ecommerce/Verifikasi Halaman Login Akun' is present

2023-10-05 15:38:14 - [MESSAGE][WARNING] - Timeout '0' is invalid. Using default page load timeout: '30'

2023-10-05 15:38:15 - [MESSAGE][PASSED] - Object 'Object Repository/Login Ecommerce/Verifikasi Halaman Login Akun' is present

2023-10-05 15:38:15 - [TEST_STEP][PASSED] - click(findTestObject("Login Ecommerce/Login Akun")): Object: 'Object Repository/Login Ecommerce/Login Akun' is clicked on

2023-10-05 15:38:15 - [MESSAGE][PASSED] - Object: 'Object Repository/Login Ecommerce/Login Akun' is clicked on

2023-10-05 15:38:15 - [TEST_STEP][PASSED] - verifyElementPresent(findTestObject("Login Ecommerce/Verifikasi Halaman Login Akun"), 0): Object 'Object Repository/Login Ecommerce/Verifikasi Halaman Login Akun' is present

2023-10-05 15:38:15 - [MESSAGE][WARNING] - Timeout '0' is invalid. Using default page load timeout: '30'

2023-10-05 15:38:16 - [MESSAGE][PASSED] - Object 'Object Repository/Login Ecommerce/Verifikasi Halaman Login Akun' is present

2023-10-05 15:38:16 - [TEST_STEP][PASSED] - setText(findTestObject("Login Ecommerce/Input Username"), "riswandha"): Text 'riswandha' is set on object 'Object Repository/Login Ecommerce/Input Username'

2023-10-05 15:38:17 - [MESSAGE][PASSED] - Text 'riswandha' is set on object 'Object Repository/Login Ecommerce/Input Username'

2023-10-05 15:38:17 - [TEST_STEP][PASSED] - setEncryptedText(findTestObject("Login Ecommerce/Input Password"), "iGDxf8hSRT4="): Text ****** has been set on object 'Object Repository/Login Ecommerce/Input Password'

2023-10-05 15:38:17 - [MESSAGE][PASSED] - Text ****** has been set on object 'Object Repository/Login Ecommerce/Input Password'

2023-10-05 15:38:17 - [TEST_STEP][PASSED] - click(findTestObject("Login Ecommerce/Button Masuk")): Object: 'Object Repository/Login Ecommerce/Button Masuk' is clicked on

2023-10-05 15:38:46 - [MESSAGE][PASSED] - Object: 'Object Repository/Login Ecommerce/Button Masuk' is clicked on

2023-10-05 15:38:46 - [TEST_STEP][PASSED] - verifyElementPresent(findTestObject("Login Ecommerce/Verifikasi Login Akun"), 0): Object 'Object Repository/Login Ecommerce/Verifikasi Login Akun' is present

2023-10-05 15:38:46 - [MESSAGE][WARNING] - Timeout '0' is invalid. Using default page load timeout: '30'

2023-10-05 15:38:46 - [MESSAGE][PASSED] - Object 'Object Repository/Login Ecommerce/Verifikasi Login Akun' is present

2023-10-05 15:38:46 - [MESSAGE][PASSED] - Call Test Case 'Test Cases/Login Ecommerce/TC-Login Ecomerce-001' successfully

2023-10-05 15:38:47 - [TEST_STEP][PASSED] - mouseOver(findTestObject("Product Ecommerce/Button Menu toko")): Object: 'Object Repository/Product Ecommerce/Button Menu toko' is hovered

2023-10-05 15:38:47 - [MESSAGE][PASSED] - Object: 'Object Repository/Product Ecommerce/Button Menu toko' is hovered

2023-10-05 15:38:47 - [TEST_STEP][PASSED] - click(findTestObject("Product Ecommerce/Button Daftar Produk")): Object: 'Object Repository/Product Ecommerce/Button Daftar Produk' is clicked on

2023-10-05 15:38:48 - [MESSAGE][PASSED] - Object: 'Object Repository/Product Ecommerce/Button Daftar Produk' is clicked on

2023-10-05 15:38:48 - [TEST_STEP][PASSED] - verifyElementPresent(findTestObject("Product Ecommerce/Verifikasi Halaman Product Anda"), 0): Object 'Object Repository/Product Ecommerce/Verifikasi Halaman Product Anda' is present

2023-10-05 15:38:48 - [MESSAGE][WARNING] - Timeout '0' is invalid. Using default page load timeout: '30'

2023-10-05 15:38:48 - [MESSAGE][PASSED] - Object 'Object Repository/Product Ecommerce/Verifikasi Halaman Product Anda' is present

2023-10-05 15:38:48 - [MESSAGE][PASSED] - Call Test Case 'Test Cases/Product Ecommerce/TC-PE-001' successfully

2023-10-05 15:38:48 - [TEST_STEP][PASSED] - mouseOver(findTestObject("Product Ecommerce/Image Gambar produk 1")): Object: 'Object Repository/Product Ecommerce/Image Gambar produk 1' is hovered

2023-10-05 15:38:49 - [MESSAGE][PASSED] - Object: 'Object Repository/Product Ecommerce/Image Gambar produk 1' is hovered

2023-10-05 15:38:49 - [TEST_STEP][PASSED] - click(findTestObject("Product Ecommerce/Melihat Product")): Object: 'Object Repository/Product Ecommerce/Melihat Product' is clicked on

2023-10-05 15:38:49 - [MESSAGE][PASSED] - Object: 'Object Repository/Product Ecommerce/Melihat Product' is clicked on

2023-10-05 15:38:49 - [TEST_STEP][PASSED] - verifyElementPresent(findTestObject("Product Ecommerce/Verifikasi product/Verifikasi halaman Detail Product"), 0): Object 'Object Repository/Product Ecommerce/Verifikasi product/Verifikasi halaman Detail Product' is present

2023-10-05 15:38:49 - [MESSAGE][WARNING] - Timeout '0' is invalid. Using default page load timeout: '30'

2023-10-05 15:38:50 - [MESSAGE][PASSED] - Object 'Object Repository/Product Ecommerce/Verifikasi product/Verifikasi halaman Detail Product' is present]]></system-out>
         <system-err><![CDATA[]]></system-err>
      </testcase>
      <testcase name="Test Cases/Product Ecommerce/TC-PE-005" time="16.042" classname="Test Cases/Product Ecommerce/TC-PE-005" status="PASSED">
         <system-out><![CDATA[2023-10-05 15:38:50 - [TEST_CASE][PASSED] - Test Cases/Product Ecommerce/TC-PE-005: Test Cases/Product Ecommerce/TC-PE-005

2023-10-05 15:38:50 - [TEST_STEP][PASSED] - callTestCase(findTestCase("Product Ecommerce/TC-PE-001"), [:], STOP_ON_FAILURE): Call Test Case 'Test Cases/Product Ecommerce/TC-PE-001' successfully

2023-10-05 15:38:51 - [TEST_CASE][PASSED] - Test Cases/Product Ecommerce/TC-PE-001: Test Cases/Product Ecommerce/TC-PE-001

2023-10-05 15:38:51 - [TEST_STEP][PASSED] - callTestCase(findTestCase("Login Ecommerce/TC-Login Ecomerce-001"), [:], STOP_ON_FAILURE): Call Test Case 'Test Cases/Login Ecommerce/TC-Login Ecomerce-001' successfully

2023-10-05 15:38:51 - [TEST_CASE][PASSED] - Test Cases/Login Ecommerce/TC-Login Ecomerce-001: Test Cases/Login Ecommerce/TC-Login Ecomerce-001

2023-10-05 15:38:51 - [TEST_STEP][PASSED] - openBrowser(userTajalapak): Browser is opened with url: 'https://10.9.2.63/ecommerce/'

2023-10-05 15:38:51 - [MESSAGE][WARNING] - A browser is already opened. Closing browser and opening a new one

2023-10-05 15:38:51 - [MESSAGE][INFO] - Starting 'Edge Chromium' driver

2023-10-05 15:38:51 - [MESSAGE][INFO] - User set preference: ['acceptInsecureCerts', 'true']

2023-10-05 15:38:53 - [MESSAGE][INFO] - Action delay is set to 0 milliseconds

2023-10-05 15:38:57 - [MESSAGE][PASSED] - Browser is opened with url: 'https://10.9.2.63/ecommerce/'

2023-10-05 15:38:57 - [TEST_STEP][PASSED] - maximizeWindow(): Current window maximized

2023-10-05 15:38:57 - [MESSAGE][PASSED] - Current window maximized

2023-10-05 15:38:57 - [TEST_STEP][PASSED] - verifyElementPresent(findTestObject("Login Ecommerce/Verifikasi Halaman Login Akun"), 0): Object 'Object Repository/Login Ecommerce/Verifikasi Halaman Login Akun' is present

2023-10-05 15:38:57 - [MESSAGE][WARNING] - Timeout '0' is invalid. Using default page load timeout: '30'

2023-10-05 15:38:58 - [MESSAGE][PASSED] - Object 'Object Repository/Login Ecommerce/Verifikasi Halaman Login Akun' is present

2023-10-05 15:38:58 - [TEST_STEP][PASSED] - click(findTestObject("Login Ecommerce/Login Akun")): Object: 'Object Repository/Login Ecommerce/Login Akun' is clicked on

2023-10-05 15:38:58 - [MESSAGE][PASSED] - Object: 'Object Repository/Login Ecommerce/Login Akun' is clicked on

2023-10-05 15:38:58 - [TEST_STEP][PASSED] - verifyElementPresent(findTestObject("Login Ecommerce/Verifikasi Halaman Login Akun"), 0): Object 'Object Repository/Login Ecommerce/Verifikasi Halaman Login Akun' is present

2023-10-05 15:38:58 - [MESSAGE][WARNING] - Timeout '0' is invalid. Using default page load timeout: '30'

2023-10-05 15:38:59 - [MESSAGE][PASSED] - Object 'Object Repository/Login Ecommerce/Verifikasi Halaman Login Akun' is present

2023-10-05 15:38:59 - [TEST_STEP][PASSED] - setText(findTestObject("Login Ecommerce/Input Username"), "riswandha"): Text 'riswandha' is set on object 'Object Repository/Login Ecommerce/Input Username'

2023-10-05 15:39:00 - [MESSAGE][PASSED] - Text 'riswandha' is set on object 'Object Repository/Login Ecommerce/Input Username'

2023-10-05 15:39:00 - [TEST_STEP][PASSED] - setEncryptedText(findTestObject("Login Ecommerce/Input Password"), "iGDxf8hSRT4="): Text ****** has been set on object 'Object Repository/Login Ecommerce/Input Password'

2023-10-05 15:39:00 - [MESSAGE][PASSED] - Text ****** has been set on object 'Object Repository/Login Ecommerce/Input Password'

2023-10-05 15:39:00 - [TEST_STEP][PASSED] - click(findTestObject("Login Ecommerce/Button Masuk")): Object: 'Object Repository/Login Ecommerce/Button Masuk' is clicked on

2023-10-05 15:39:01 - [MESSAGE][PASSED] - Object: 'Object Repository/Login Ecommerce/Button Masuk' is clicked on

2023-10-05 15:39:01 - [TEST_STEP][PASSED] - verifyElementPresent(findTestObject("Login Ecommerce/Verifikasi Login Akun"), 0): Object 'Object Repository/Login Ecommerce/Verifikasi Login Akun' is present

2023-10-05 15:39:01 - [MESSAGE][WARNING] - Timeout '0' is invalid. Using default page load timeout: '30'

2023-10-05 15:39:02 - [MESSAGE][PASSED] - Object 'Object Repository/Login Ecommerce/Verifikasi Login Akun' is present

2023-10-05 15:39:02 - [MESSAGE][PASSED] - Call Test Case 'Test Cases/Login Ecommerce/TC-Login Ecomerce-001' successfully

2023-10-05 15:39:02 - [TEST_STEP][PASSED] - mouseOver(findTestObject("Product Ecommerce/Button Menu toko")): Object: 'Object Repository/Product Ecommerce/Button Menu toko' is hovered

2023-10-05 15:39:02 - [MESSAGE][PASSED] - Object: 'Object Repository/Product Ecommerce/Button Menu toko' is hovered

2023-10-05 15:39:02 - [TEST_STEP][PASSED] - click(findTestObject("Product Ecommerce/Button Daftar Produk")): Object: 'Object Repository/Product Ecommerce/Button Daftar Produk' is clicked on

2023-10-05 15:39:03 - [MESSAGE][PASSED] - Object: 'Object Repository/Product Ecommerce/Button Daftar Produk' is clicked on

2023-10-05 15:39:03 - [TEST_STEP][PASSED] - verifyElementPresent(findTestObject("Product Ecommerce/Verifikasi Halaman Product Anda"), 0): Object 'Object Repository/Product Ecommerce/Verifikasi Halaman Product Anda' is present

2023-10-05 15:39:03 - [MESSAGE][WARNING] - Timeout '0' is invalid. Using default page load timeout: '30'

2023-10-05 15:39:04 - [MESSAGE][PASSED] - Object 'Object Repository/Product Ecommerce/Verifikasi Halaman Product Anda' is present

2023-10-05 15:39:04 - [MESSAGE][PASSED] - Call Test Case 'Test Cases/Product Ecommerce/TC-PE-001' successfully

2023-10-05 15:39:04 - [TEST_STEP][PASSED] - dataListOld = findWebElements(findTestObject("Object Repository/Product Ecommerce/Verifikasi product/Jumlah Product"), 10): null

2023-10-05 15:39:04 - [TEST_STEP][PASSED] - mouseOver(findTestObject("Product Ecommerce/Image Gambar produk 1")): Object: 'Object Repository/Product Ecommerce/Image Gambar produk 1' is hovered

2023-10-05 15:39:05 - [MESSAGE][PASSED] - Object: 'Object Repository/Product Ecommerce/Image Gambar produk 1' is hovered

2023-10-05 15:39:05 - [TEST_STEP][PASSED] - click(findTestObject("Product Ecommerce/Hapus data Product"), CONTINUE_ON_FAILURE): Object: 'Object Repository/Product Ecommerce/Hapus data Product' is clicked on

2023-10-05 15:39:05 - [MESSAGE][PASSED] - Object: 'Object Repository/Product Ecommerce/Hapus data Product' is clicked on

2023-10-05 15:39:05 - [TEST_STEP][PASSED] - waitForAlert(5, OPTIONAL): Alert is present after 5 second(s).

2023-10-05 15:39:05 - [MESSAGE][PASSED] - Alert is present after 5 second(s).

2023-10-05 15:39:05 - [TEST_STEP][PASSED] - acceptAlert(): Alert accepted

2023-10-05 15:39:05 - [MESSAGE][PASSED] - Alert accepted

2023-10-05 15:39:05 - [TEST_STEP][PASSED] - dataListNew = findWebElements(findTestObject("Object Repository/Product Ecommerce/Verifikasi product/Jumlah Product"), 10): null

2023-10-05 15:39:06 - [TEST_STEP][PASSED] - assert dataListOld.size() > dataListNew.size(): null]]></system-out>
         <system-err><![CDATA[]]></system-err>
      </testcase>
      <testcase name="Test Cases/Product Ecommerce/TC-PE-006" time="30.221" classname="Test Cases/Product Ecommerce/TC-PE-006" status="PASSED">
         <system-out><![CDATA[2023-10-05 15:39:06 - [TEST_CASE][PASSED] - Test Cases/Product Ecommerce/TC-PE-006: Test Cases/Product Ecommerce/TC-PE-006

2023-10-05 15:39:06 - [TEST_STEP][PASSED] - callTestCase(findTestCase("Product Ecommerce/TC-PE-001"), [:], STOP_ON_FAILURE): Call Test Case 'Test Cases/Product Ecommerce/TC-PE-001' successfully

2023-10-05 15:39:07 - [TEST_CASE][PASSED] - Test Cases/Product Ecommerce/TC-PE-001: Test Cases/Product Ecommerce/TC-PE-001

2023-10-05 15:39:07 - [TEST_STEP][PASSED] - callTestCase(findTestCase("Login Ecommerce/TC-Login Ecomerce-001"), [:], STOP_ON_FAILURE): Call Test Case 'Test Cases/Login Ecommerce/TC-Login Ecomerce-001' successfully

2023-10-05 15:39:07 - [TEST_CASE][PASSED] - Test Cases/Login Ecommerce/TC-Login Ecomerce-001: Test Cases/Login Ecommerce/TC-Login Ecomerce-001

2023-10-05 15:39:07 - [TEST_STEP][PASSED] - openBrowser(userTajalapak): Browser is opened with url: 'https://10.9.2.63/ecommerce/'

2023-10-05 15:39:07 - [MESSAGE][WARNING] - A browser is already opened. Closing browser and opening a new one

2023-10-05 15:39:07 - [MESSAGE][INFO] - Starting 'Edge Chromium' driver

2023-10-05 15:39:07 - [MESSAGE][INFO] - User set preference: ['acceptInsecureCerts', 'true']

2023-10-05 15:39:10 - [MESSAGE][INFO] - Action delay is set to 0 milliseconds

2023-10-05 15:39:13 - [MESSAGE][PASSED] - Browser is opened with url: 'https://10.9.2.63/ecommerce/'

2023-10-05 15:39:13 - [TEST_STEP][PASSED] - maximizeWindow(): Current window maximized

2023-10-05 15:39:13 - [MESSAGE][PASSED] - Current window maximized

2023-10-05 15:39:13 - [TEST_STEP][PASSED] - verifyElementPresent(findTestObject("Login Ecommerce/Verifikasi Halaman Login Akun"), 0): Object 'Object Repository/Login Ecommerce/Verifikasi Halaman Login Akun' is present

2023-10-05 15:39:13 - [MESSAGE][WARNING] - Timeout '0' is invalid. Using default page load timeout: '30'

2023-10-05 15:39:14 - [MESSAGE][PASSED] - Object 'Object Repository/Login Ecommerce/Verifikasi Halaman Login Akun' is present

2023-10-05 15:39:14 - [TEST_STEP][PASSED] - click(findTestObject("Login Ecommerce/Login Akun")): Object: 'Object Repository/Login Ecommerce/Login Akun' is clicked on

2023-10-05 15:39:14 - [MESSAGE][PASSED] - Object: 'Object Repository/Login Ecommerce/Login Akun' is clicked on

2023-10-05 15:39:14 - [TEST_STEP][PASSED] - verifyElementPresent(findTestObject("Login Ecommerce/Verifikasi Halaman Login Akun"), 0): Object 'Object Repository/Login Ecommerce/Verifikasi Halaman Login Akun' is present

2023-10-05 15:39:14 - [MESSAGE][WARNING] - Timeout '0' is invalid. Using default page load timeout: '30'

2023-10-05 15:39:15 - [MESSAGE][PASSED] - Object 'Object Repository/Login Ecommerce/Verifikasi Halaman Login Akun' is present

2023-10-05 15:39:15 - [TEST_STEP][PASSED] - setText(findTestObject("Login Ecommerce/Input Username"), "riswandha"): Text 'riswandha' is set on object 'Object Repository/Login Ecommerce/Input Username'

2023-10-05 15:39:15 - [MESSAGE][PASSED] - Text 'riswandha' is set on object 'Object Repository/Login Ecommerce/Input Username'

2023-10-05 15:39:15 - [TEST_STEP][PASSED] - setEncryptedText(findTestObject("Login Ecommerce/Input Password"), "iGDxf8hSRT4="): Text ****** has been set on object 'Object Repository/Login Ecommerce/Input Password'

2023-10-05 15:39:16 - [MESSAGE][PASSED] - Text ****** has been set on object 'Object Repository/Login Ecommerce/Input Password'

2023-10-05 15:39:16 - [TEST_STEP][PASSED] - click(findTestObject("Login Ecommerce/Button Masuk")): Object: 'Object Repository/Login Ecommerce/Button Masuk' is clicked on

2023-10-05 15:39:17 - [MESSAGE][PASSED] - Object: 'Object Repository/Login Ecommerce/Button Masuk' is clicked on

2023-10-05 15:39:17 - [TEST_STEP][PASSED] - verifyElementPresent(findTestObject("Login Ecommerce/Verifikasi Login Akun"), 0): Object 'Object Repository/Login Ecommerce/Verifikasi Login Akun' is present

2023-10-05 15:39:17 - [MESSAGE][WARNING] - Timeout '0' is invalid. Using default page load timeout: '30'

2023-10-05 15:39:17 - [MESSAGE][PASSED] - Object 'Object Repository/Login Ecommerce/Verifikasi Login Akun' is present

2023-10-05 15:39:17 - [MESSAGE][PASSED] - Call Test Case 'Test Cases/Login Ecommerce/TC-Login Ecomerce-001' successfully

2023-10-05 15:39:17 - [TEST_STEP][PASSED] - mouseOver(findTestObject("Product Ecommerce/Button Menu toko")): Object: 'Object Repository/Product Ecommerce/Button Menu toko' is hovered

2023-10-05 15:39:18 - [MESSAGE][PASSED] - Object: 'Object Repository/Product Ecommerce/Button Menu toko' is hovered

2023-10-05 15:39:18 - [TEST_STEP][PASSED] - click(findTestObject("Product Ecommerce/Button Daftar Produk")): Object: 'Object Repository/Product Ecommerce/Button Daftar Produk' is clicked on

2023-10-05 15:39:19 - [MESSAGE][PASSED] - Object: 'Object Repository/Product Ecommerce/Button Daftar Produk' is clicked on

2023-10-05 15:39:19 - [TEST_STEP][PASSED] - verifyElementPresent(findTestObject("Product Ecommerce/Verifikasi Halaman Product Anda"), 0): Object 'Object Repository/Product Ecommerce/Verifikasi Halaman Product Anda' is present

2023-10-05 15:39:19 - [MESSAGE][WARNING] - Timeout '0' is invalid. Using default page load timeout: '30'

2023-10-05 15:39:19 - [MESSAGE][PASSED] - Object 'Object Repository/Product Ecommerce/Verifikasi Halaman Product Anda' is present

2023-10-05 15:39:19 - [MESSAGE][PASSED] - Call Test Case 'Test Cases/Product Ecommerce/TC-PE-001' successfully

2023-10-05 15:39:19 - [TEST_STEP][PASSED] - click(findTestObject("Product Ecommerce/Tambahkan Produk")): Object: 'Object Repository/Product Ecommerce/Tambahkan Produk' is clicked on

2023-10-05 15:39:20 - [MESSAGE][PASSED] - Object: 'Object Repository/Product Ecommerce/Tambahkan Produk' is clicked on

2023-10-05 15:39:20 - [TEST_STEP][PASSED] - verifyElementPresent(findTestObject("Product Ecommerce/Tambahkan Product/Verifikasi Halaman Tambahkan Product"), 0): Object 'Object Repository/Product Ecommerce/Tambahkan Product/Verifikasi Halaman Tambahkan Product' is present

2023-10-05 15:39:20 - [MESSAGE][WARNING] - Timeout '0' is invalid. Using default page load timeout: '30'

2023-10-05 15:39:20 - [MESSAGE][PASSED] - Object 'Object Repository/Product Ecommerce/Tambahkan Product/Verifikasi Halaman Tambahkan Product' is present

2023-10-05 15:39:20 - [TEST_STEP][PASSED] - selectOptionByValue(findTestObject("Product Ecommerce/Tambahkan Product/Pilih Katagori Produk"), "6", false): All options with value '6' are selected in object 'Object Repository/Product Ecommerce/Tambahkan Product/Pilih Katagori Produk' 

2023-10-05 15:39:21 - [MESSAGE][PASSED] - All options with value '6' are selected in object 'Object Repository/Product Ecommerce/Tambahkan Product/Pilih Katagori Produk' 

2023-10-05 15:39:21 - [TEST_STEP][PASSED] - selectOptionByValue(findTestObject("Product Ecommerce/Tambahkan Product/Pilih Sub Katagori Produk"), "15", false): All options with value '15' are selected in object 'Object Repository/Product Ecommerce/Tambahkan Product/Pilih Sub Katagori Produk' 

2023-10-05 15:39:22 - [MESSAGE][PASSED] - All options with value '15' are selected in object 'Object Repository/Product Ecommerce/Tambahkan Product/Pilih Sub Katagori Produk' 

2023-10-05 15:39:22 - [TEST_STEP][PASSED] - setText(findTestObject("Product Ecommerce/Tambahkan Product/Input Nama Produk"), "Baju Koko Kids 0 - 9 tahun"): Text 'Baju Koko Kids 0 - 9 tahun' is set on object 'Object Repository/Product Ecommerce/Tambahkan Product/Input Nama Produk'

2023-10-05 15:39:23 - [MESSAGE][PASSED] - Text 'Baju Koko Kids 0 - 9 tahun' is set on object 'Object Repository/Product Ecommerce/Tambahkan Product/Input Nama Produk'

2023-10-05 15:39:23 - [TEST_STEP][PASSED] - setText(findTestObject("Product Ecommerce/Tambahkan Product/Input Satuan"), "Pcs"): Text 'Pcs' is set on object 'Object Repository/Product Ecommerce/Tambahkan Product/Input Satuan'

2023-10-05 15:39:23 - [MESSAGE][PASSED] - Text 'Pcs' is set on object 'Object Repository/Product Ecommerce/Tambahkan Product/Input Satuan'

2023-10-05 15:39:23 - [TEST_STEP][PASSED] - setText(findTestObject("Product Ecommerce/Tambahkan Product/Input Berat"), "100"): Text '100' is set on object 'Object Repository/Product Ecommerce/Tambahkan Product/Input Berat'

2023-10-05 15:39:24 - [MESSAGE][PASSED] - Text '100' is set on object 'Object Repository/Product Ecommerce/Tambahkan Product/Input Berat'

2023-10-05 15:39:24 - [TEST_STEP][PASSED] - setText(findTestObject("Product Ecommerce/Tambahkan Product/Input Harga Modal"), "10000"): Text '10000' is set on object 'Object Repository/Product Ecommerce/Tambahkan Product/Input Harga Modal'

2023-10-05 15:39:25 - [MESSAGE][PASSED] - Text '10000' is set on object 'Object Repository/Product Ecommerce/Tambahkan Product/Input Harga Modal'

2023-10-05 15:39:25 - [TEST_STEP][PASSED] - setText(findTestObject("Product Ecommerce/Tambahkan Product/Input Harga Jual"), "12000"): Text '12000' is set on object 'Object Repository/Product Ecommerce/Tambahkan Product/Input Harga Jual'

2023-10-05 15:39:26 - [MESSAGE][PASSED] - Text '12000' is set on object 'Object Repository/Product Ecommerce/Tambahkan Product/Input Harga Jual'

2023-10-05 15:39:26 - [TEST_STEP][PASSED] - setText(findTestObject("Product Ecommerce/Tambahkan Product/Input Diskon"), "1000"): Text '1000' is set on object 'Object Repository/Product Ecommerce/Tambahkan Product/Input Diskon'

2023-10-05 15:39:26 - [MESSAGE][PASSED] - Text '1000' is set on object 'Object Repository/Product Ecommerce/Tambahkan Product/Input Diskon'

2023-10-05 15:39:26 - [TEST_STEP][PASSED] - setText(findTestObject("Product Ecommerce/Tambahkan Product/Input Stok Awal"), "20"): Text '20' is set on object 'Object Repository/Product Ecommerce/Tambahkan Product/Input Stok Awal'

2023-10-05 15:39:27 - [MESSAGE][PASSED] - Text '20' is set on object 'Object Repository/Product Ecommerce/Tambahkan Product/Input Stok Awal'

2023-10-05 15:39:27 - [TEST_STEP][PASSED] - setText(findTestObject("Product Ecommerce/Tambahkan Product/Input Minimum Order"), "1"): Text '1' is set on object 'Object Repository/Product Ecommerce/Tambahkan Product/Input Minimum Order'

2023-10-05 15:39:28 - [MESSAGE][PASSED] - Text '1' is set on object 'Object Repository/Product Ecommerce/Tambahkan Product/Input Minimum Order'

2023-10-05 15:39:28 - [TEST_STEP][PASSED] - setText(findTestObject("Product Ecommerce/Tambahkan Product/Input Cuplikan"), "Stylish dan Nyaman! Baju Koko Kids kami cocok untuk usia 0 - 9 tahun. Terbuat dari bahan berkualitas tinggi yang lembut di kulit anak-anak, baju ini sempurna untuk berbagai acara, termasuk lebaran."): Text 'Stylish dan Nyaman! Baju Koko Kids kami cocok untuk usia 0 - 9 tahun. Terbuat dari bahan berkualitas tinggi yang lembut di kulit anak-anak, baju ini sempurna untuk berbagai acara, termasuk lebaran.' is set on object 'Object Repository/Product Ecommerce/Tambahkan Product/Input Cuplikan'

2023-10-05 15:39:29 - [MESSAGE][PASSED] - Text 'Stylish dan Nyaman! Baju Koko Kids kami cocok untuk usia 0 - 9 tahun. Terbuat dari bahan berkualitas tinggi yang lembut di kulit anak-anak, baju ini sempurna untuk berbagai acara, termasuk lebaran.' is set on object 'Object Repository/Product Ecommerce/Tambahkan Product/Input Cuplikan'

2023-10-05 15:39:29 - [TEST_STEP][PASSED] - check(findTestObject("Product Ecommerce/Tambahkan Product/Input Merek Pria")): Object 'Object Repository/Product Ecommerce/Tambahkan Product/Input Merek Pria' is checked

2023-10-05 15:39:29 - [MESSAGE][PASSED] - Object 'Object Repository/Product Ecommerce/Tambahkan Product/Input Merek Pria' is checked

2023-10-05 15:39:29 - [TEST_STEP][PASSED] - setText(findTestObject("Product Ecommerce/Tambahkan Product/Input Keterangan"), "Desain Modern: Tampil modis dengan desain terkini yang cocok untuk anak-anak. Kenyamanan Sepanjang Hari: Bahan lembut dan nyaman sehingga anak-anak tetap bahagia sepanjang hari. Beragam Warna: Pilihan warna yang cerah dan menarik. Ukuran Sesuai: Tersedia dalam berbagai ukuran, mulai dari 0 hingga 9 tahun. Dapatkan tampilan yang trendi untuk si kecil dengan Baju Koko Kids kami. Pesan sekarang dan buat momen lebaran mereka lebih istimewa!"): Text 'Desain Modern: Tampil modis dengan desain terkini yang cocok untuk anak-anak. Kenyamanan Sepanjang Hari: Bahan lembut dan nyaman sehingga anak-anak tetap bahagia sepanjang hari. Beragam Warna: Pilihan warna yang cerah dan menarik. Ukuran Sesuai: Tersedia dalam berbagai ukuran, mulai dari 0 hingga 9 tahun. Dapatkan tampilan yang trendi untuk si kecil dengan Baju Koko Kids kami. Pesan sekarang dan buat momen lebaran mereka lebih istimewa!' is set on object 'Object Repository/Product Ecommerce/Tambahkan Product/Input Keterangan'

2023-10-05 15:39:31 - [MESSAGE][PASSED] - Text 'Desain Modern: Tampil modis dengan desain terkini yang cocok untuk anak-anak. Kenyamanan Sepanjang Hari: Bahan lembut dan nyaman sehingga anak-anak tetap bahagia sepanjang hari. Beragam Warna: Pilihan warna yang cerah dan menarik. Ukuran Sesuai: Tersedia dalam berbagai ukuran, mulai dari 0 hingga 9 tahun. Dapatkan tampilan yang trendi untuk si kecil dengan Baju Koko Kids kami. Pesan sekarang dan buat momen lebaran mereka lebih istimewa!' is set on object 'Object Repository/Product Ecommerce/Tambahkan Product/Input Keterangan'

2023-10-05 15:39:31 - [TEST_STEP][PASSED] - setText(findTestObject("Product Ecommerce/Tambahkan Product/Input Variasi 1 Nama Variasi"), "Warna"): Text 'Warna' is set on object 'Object Repository/Product Ecommerce/Tambahkan Product/Input Variasi 1 Nama Variasi'

2023-10-05 15:39:32 - [MESSAGE][PASSED] - Text 'Warna' is set on object 'Object Repository/Product Ecommerce/Tambahkan Product/Input Variasi 1 Nama Variasi'

2023-10-05 15:39:32 - [TEST_STEP][PASSED] - setText(findTestObject("Product Ecommerce/Tambahkan Product/Input Variasi 1 Kolom 1"), "Merah"): Text 'Merah' is set on object 'Object Repository/Product Ecommerce/Tambahkan Product/Input Variasi 1 Kolom 1'

2023-10-05 15:39:33 - [MESSAGE][PASSED] - Text 'Merah' is set on object 'Object Repository/Product Ecommerce/Tambahkan Product/Input Variasi 1 Kolom 1'

2023-10-05 15:39:33 - [TEST_STEP][PASSED] - setText(findTestObject("Product Ecommerce/Tambahkan Product/Input Variasi 1 Kolom 2"), "Biru"): Text 'Biru' is set on object 'Object Repository/Product Ecommerce/Tambahkan Product/Input Variasi 1 Kolom 2'

2023-10-05 15:39:34 - [MESSAGE][PASSED] - Text 'Biru' is set on object 'Object Repository/Product Ecommerce/Tambahkan Product/Input Variasi 1 Kolom 2'

2023-10-05 15:39:34 - [TEST_STEP][PASSED] - uploadFile(findTestObject("Product Ecommerce/Tambahkan Product/Input File"), "E:\Pelatihan\Xsis Academy\Baju koko kids.jpg"): File 'E:\Pelatihan\Xsis Academy\Baju koko kids.jpg' sent to object: 'Object Repository/Product Ecommerce/Tambahkan Product/Input File'

2023-10-05 15:39:34 - [MESSAGE][PASSED] - File 'E:\Pelatihan\Xsis Academy\Baju koko kids.jpg' sent to object: 'Object Repository/Product Ecommerce/Tambahkan Product/Input File'

2023-10-05 15:39:34 - [TEST_STEP][PASSED] - click(findTestObject("Product Ecommerce/Tambahkan Product/Button Cancel")): Object: 'Object Repository/Product Ecommerce/Tambahkan Product/Button Cancel' is clicked on

2023-10-05 15:39:36 - [MESSAGE][PASSED] - Object: 'Object Repository/Product Ecommerce/Tambahkan Product/Button Cancel' is clicked on

2023-10-05 15:39:36 - [TEST_STEP][PASSED] - verifyElementPresent(findTestObject("Product Ecommerce/Verifikasi Halaman Product Anda"), 0): Object 'Object Repository/Product Ecommerce/Verifikasi Halaman Product Anda' is present

2023-10-05 15:39:36 - [MESSAGE][WARNING] - Timeout '0' is invalid. Using default page load timeout: '30'

2023-10-05 15:39:36 - [MESSAGE][PASSED] - Object 'Object Repository/Product Ecommerce/Verifikasi Halaman Product Anda' is present]]></system-out>
         <system-err><![CDATA[]]></system-err>
      </testcase>
      <testcase name="Test Cases/Product Ecommerce/TC-PE-007" time="14.978" classname="Test Cases/Product Ecommerce/TC-PE-007" status="PASSED">
         <system-out><![CDATA[2023-10-05 15:39:36 - [TEST_CASE][PASSED] - Test Cases/Product Ecommerce/TC-PE-007: Test Cases/Product Ecommerce/TC-PE-007

2023-10-05 15:39:37 - [TEST_STEP][PASSED] - callTestCase(findTestCase("Product Ecommerce/TC-PE-001"), [:], STOP_ON_FAILURE): Call Test Case 'Test Cases/Product Ecommerce/TC-PE-001' successfully

2023-10-05 15:39:37 - [TEST_CASE][PASSED] - Test Cases/Product Ecommerce/TC-PE-001: Test Cases/Product Ecommerce/TC-PE-001

2023-10-05 15:39:37 - [TEST_STEP][PASSED] - callTestCase(findTestCase("Login Ecommerce/TC-Login Ecomerce-001"), [:], STOP_ON_FAILURE): Call Test Case 'Test Cases/Login Ecommerce/TC-Login Ecomerce-001' successfully

2023-10-05 15:39:37 - [TEST_CASE][PASSED] - Test Cases/Login Ecommerce/TC-Login Ecomerce-001: Test Cases/Login Ecommerce/TC-Login Ecomerce-001

2023-10-05 15:39:37 - [TEST_STEP][PASSED] - openBrowser(userTajalapak): Browser is opened with url: 'https://10.9.2.63/ecommerce/'

2023-10-05 15:39:37 - [MESSAGE][WARNING] - A browser is already opened. Closing browser and opening a new one

2023-10-05 15:39:38 - [MESSAGE][INFO] - Starting 'Edge Chromium' driver

2023-10-05 15:39:38 - [MESSAGE][INFO] - User set preference: ['acceptInsecureCerts', 'true']

2023-10-05 15:39:40 - [MESSAGE][INFO] - Action delay is set to 0 milliseconds

[...]
	at com.kms.katalon.core.main.TestCaseExecutor.execute(TestCaseExecutor.java:285)
	at com.kms.katalon.core.common.CommonExecutor.accessTestCaseMainPhase(CommonExecutor.java:65)
	at com.kms.katalon.core.main.TestSuiteExecutor.accessTestSuiteMainPhase(TestSuiteExecutor.java:148)
	at com.kms.katalon.core.main.TestSuiteExecutor.execute(TestSuiteExecutor.java:106)
	at com.kms.katalon.core.main.TestCaseMain.startTestSuite(TestCaseMain.java:187)
	at com.kms.katalon.core.main.TestCaseMain$startTestSuite$0.call(Unknown Source)
	at TempTestSuite1696494982531.run(TempTestSuite1696494982531.groovy:36)


2023-10-05 15:47:53 - [TEST_STEP][PASSED] - callTestCase(findTestCase("Product Ecommerce/TC-PE-001"), [:], STOP_ON_FAILURE): Call Test Case 'Test Cases/Product Ecommerce/TC-PE-001' successfully

2023-10-05 15:47:53 - [TEST_CASE][PASSED] - Test Cases/Product Ecommerce/TC-PE-001: Test Cases/Product Ecommerce/TC-PE-001

2023-10-05 15:47:53 - [TEST_STEP][PASSED] - callTestCase(findTestCase("Login Ecommerce/TC-Login Ecomerce-001"), [:], STOP_ON_FAILURE): Call Test Case 'Test Cases/Login Ecommerce/TC-Login Ecomerce-001' successfully

2023-10-05 15:47:53 - [TEST_CASE][PASSED] - Test Cases/Login Ecommerce/TC-Login Ecomerce-001: Test Cases/Login Ecommerce/TC-Login Ecomerce-001

2023-10-05 15:47:53 - [TEST_STEP][PASSED] - openBrowser(userTajalapak): Browser is opened with url: 'https://10.9.2.63/ecommerce/'

2023-10-05 15:47:53 - [MESSAGE][WARNING] - A browser is already opened. Closing browser and opening a new one

2023-10-05 15:47:54 - [MESSAGE][INFO] - Starting 'Edge Chromium' driver

2023-10-05 15:47:54 - [MESSAGE][INFO] - User set preference: ['acceptInsecureCerts', 'true']

2023-10-05 15:47:56 - [MESSAGE][INFO] - Action delay is set to 0 milliseconds

2023-10-05 15:48:01 - [MESSAGE][PASSED] - Browser is opened with url: 'https://10.9.2.63/ecommerce/'

2023-10-05 15:48:01 - [TEST_STEP][PASSED] - maximizeWindow(): Current window maximized

2023-10-05 15:48:01 - [MESSAGE][PASSED] - Current window maximized

2023-10-05 15:48:01 - [TEST_STEP][PASSED] - verifyElementPresent(findTestObject("Login Ecommerce/Verifikasi Halaman Login Akun"), 0): Object 'Object Repository/Login Ecommerce/Verifikasi Halaman Login Akun' is present

2023-10-05 15:48:01 - [MESSAGE][WARNING] - Timeout '0' is invalid. Using default page load timeout: '30'

2023-10-05 15:48:02 - [MESSAGE][PASSED] - Object 'Object Repository/Login Ecommerce/Verifikasi Halaman Login Akun' is present

2023-10-05 15:48:02 - [TEST_STEP][PASSED] - click(findTestObject("Login Ecommerce/Login Akun")): Object: 'Object Repository/Login Ecommerce/Login Akun' is clicked on

2023-10-05 15:48:02 - [MESSAGE][PASSED] - Object: 'Object Repository/Login Ecommerce/Login Akun' is clicked on

2023-10-05 15:48:02 - [TEST_STEP][PASSED] - verifyElementPresent(findTestObject("Login Ecommerce/Verifikasi Halaman Login Akun"), 0): Object 'Object Repository/Login Ecommerce/Verifikasi Halaman Login Akun' is present

2023-10-05 15:48:02 - [MESSAGE][WARNING] - Timeout '0' is invalid. Using default page load timeout: '30'

2023-10-05 15:48:03 - [MESSAGE][PASSED] - Object 'Object Repository/Login Ecommerce/Verifikasi Halaman Login Akun' is present

2023-10-05 15:48:03 - [TEST_STEP][PASSED] - setText(findTestObject("Login Ecommerce/Input Username"), "riswandha"): Text 'riswandha' is set on object 'Object Repository/Login Ecommerce/Input Username'

2023-10-05 15:48:03 - [MESSAGE][PASSED] - Text 'riswandha' is set on object 'Object Repository/Login Ecommerce/Input Username'

2023-10-05 15:48:03 - [TEST_STEP][PASSED] - setEncryptedText(findTestObject("Login Ecommerce/Input Password"), "iGDxf8hSRT4="): Text ****** has been set on object 'Object Repository/Login Ecommerce/Input Password'

2023-10-05 15:48:04 - [MESSAGE][PASSED] - Text ****** has been set on object 'Object Repository/Login Ecommerce/Input Password'

2023-10-05 15:48:04 - [TEST_STEP][PASSED] - click(findTestObject("Login Ecommerce/Button Masuk")): Object: 'Object Repository/Login Ecommerce/Button Masuk' is clicked on

2023-10-05 15:48:06 - [MESSAGE][PASSED] - Object: 'Object Repository/Login Ecommerce/Button Masuk' is clicked on

2023-10-05 15:48:06 - [TEST_STEP][PASSED] - verifyElementPresent(findTestObject("Login Ecommerce/Verifikasi Login Akun"), 0): Object 'Object Repository/Login Ecommerce/Verifikasi Login Akun' is present

2023-10-05 15:48:06 - [MESSAGE][WARNING] - Timeout '0' is invalid. Using default page load timeout: '30'

2023-10-05 15:48:06 - [MESSAGE][PASSED] - Object 'Object Repository/Login Ecommerce/Verifikasi Login Akun' is present

2023-10-05 15:48:06 - [MESSAGE][PASSED] - Call Test Case 'Test Cases/Login Ecommerce/TC-Login Ecomerce-001' successfully

2023-10-05 15:48:06 - [TEST_STEP][PASSED] - mouseOver(findTestObject("Product Ecommerce/Button Menu toko")): Object: 'Object Repository/Product Ecommerce/Button Menu toko' is hovered

2023-10-05 15:48:07 - [MESSAGE][PASSED] - Object: 'Object Repository/Product Ecommerce/Button Menu toko' is hovered

2023-10-05 15:48:07 - [TEST_STEP][PASSED] - click(findTestObject("Product Ecommerce/Button Daftar Produk")): Object: 'Object Repository/Product Ecommerce/Button Daftar Produk' is clicked on

2023-10-05 15:48:08 - [MESSAGE][PASSED] - Object: 'Object Repository/Product Ecommerce/Button Daftar Produk' is clicked on

2023-10-05 15:48:08 - [TEST_STEP][PASSED] - verifyElementPresent(findTestObject("Product Ecommerce/Verifikasi Halaman Product Anda"), 0): Object 'Object Repository/Product Ecommerce/Verifikasi Halaman Product Anda' is present

2023-10-05 15:48:08 - [MESSAGE][WARNING] - Timeout '0' is invalid. Using default page load timeout: '30'

2023-10-05 15:48:08 - [MESSAGE][PASSED] - Object 'Object Repository/Product Ecommerce/Verifikasi Halaman Product Anda' is present

2023-10-05 15:48:08 - [MESSAGE][PASSED] - Call Test Case 'Test Cases/Product Ecommerce/TC-PE-001' successfully

2023-10-05 15:48:08 - [TEST_STEP][PASSED] - mouseOver(findTestObject("Product Ecommerce/Image Gambar produk 1")): Object: 'Object Repository/Product Ecommerce/Image Gambar produk 1' is hovered

2023-10-05 15:48:09 - [MESSAGE][PASSED] - Object: 'Object Repository/Product Ecommerce/Image Gambar produk 1' is hovered

2023-10-05 15:48:09 - [TEST_STEP][PASSED] - click(findTestObject("Product Ecommerce/Tambahkan Product/Edit Data")): Object: 'Object Repository/Product Ecommerce/Tambahkan Product/Edit Data' is clicked on

2023-10-05 15:48:10 - [MESSAGE][PASSED] - Object: 'Object Repository/Product Ecommerce/Tambahkan Product/Edit Data' is clicked on

2023-10-05 15:48:10 - [TEST_STEP][PASSED] - verifyElementPresent(findTestObject("Product Ecommerce/Tambahkan Product/Button Update Data"), 0): Object 'Object Repository/Product Ecommerce/Tambahkan Product/Button Update Data' is present

2023-10-05 15:48:10 - [MESSAGE][WARNING] - Timeout '0' is invalid. Using default page load timeout: '30'

2023-10-05 15:48:10 - [MESSAGE][PASSED] - Object 'Object Repository/Product Ecommerce/Tambahkan Product/Button Update Data' is present

2023-10-05 15:48:10 - [TEST_STEP][PASSED] - click(findTestObject("Product Ecommerce/Kupon/Button Buat Product")): Object: 'Object Repository/Product Ecommerce/Kupon/Button Buat Product' is clicked on

2023-10-05 15:48:10 - [MESSAGE][PASSED] - Object: 'Object Repository/Product Ecommerce/Kupon/Button Buat Product' is clicked on

2023-10-05 15:48:10 - [TEST_STEP][PASSED] - verifyElementPresent(findTestObject("Product Ecommerce/Kupon/Verifikasi Halaman Voucher Product"), 0): Object 'Object Repository/Product Ecommerce/Kupon/Verifikasi Halaman Voucher Product' is present

2023-10-05 15:48:11 - [MESSAGE][WARNING] - Timeout '0' is invalid. Using default page load timeout: '30'

2023-10-05 15:48:11 - [MESSAGE][PASSED] - Object 'Object Repository/Product Ecommerce/Kupon/Verifikasi Halaman Voucher Product' is present

2023-10-05 15:48:11 - [TEST_STEP][PASSED] - click(findTestObject("Product Ecommerce/Kupon/Button Edit Voucher")): Object: 'Object Repository/Product Ecommerce/Kupon/Button Edit Voucher' is clicked on

2023-10-05 15:48:12 - [MESSAGE][PASSED] - Object: 'Object Repository/Product Ecommerce/Kupon/Button Edit Voucher' is clicked on

2023-10-05 15:48:12 - [TEST_STEP][PASSED] - setText(findTestObject("Product Ecommerce/Kupon/Input Kode Kupon"), "aaaaaaaaaaaaaaaaaaaaaaaaaaaaaaaaaaaaa"): Text 'aaaaaaaaaaaaaaaaaaaaaaaaaaaaaaaaaaaaa' is set on object 'Object Repository/Product Ecommerce/Kupon/Input Kode Kupon'

2023-10-05 15:48:12 - [MESSAGE][PASSED] - Text 'aaaaaaaaaaaaaaaaaaaaaaaaaaaaaaaaaaaaa' is set on object 'Object Repository/Product Ecommerce/Kupon/Input Kode Kupon'

2023-10-05 15:48:12 - [TEST_STEP][PASSED] - click(findTestObject("Product Ecommerce/Kupon/Button Simpan")): Object: 'Object Repository/Product Ecommerce/Kupon/Button Simpan' is clicked on

2023-10-05 15:48:13 - [MESSAGE][PASSED] - Object: 'Object Repository/Product Ecommerce/Kupon/Button Simpan' is clicked on

2023-10-05 15:48:13 - [TEST_STEP][PASSED] - driver = getWebDriver(): null

2023-10-05 15:48:13 - [TEST_STEP][PASSED] - field_username_element = driver.findElement(By.xpath("//input[@id="kode_kupon"]")): null

2023-10-05 15:48:14 - [TEST_STEP][PASSED] - accept_button_message = driver.executeScript("return arguments[0].validationMessage", field_username_element): null

2023-10-05 15:48:14 - [TEST_STEP][PASSED] - println(accept_button_message): null

2023-10-05 15:48:14 - [TEST_STEP][FAILED] - assert accept_button_message == "Code Name Is not valid": Test Cases/Product Ecommerce/TC-PEN-018 FAILED.
Reason:
Assertion failed: 

assert accept_button_message == "Code Name Is not valid"
       |                     |
       ""                    false

	at TC-PEN-018.run(TC-PEN-018:56)
	at com.kms.katalon.core.main.ScriptEngine.run(ScriptEngine.java:194)
	at com.kms.katalon.core.main.ScriptEngine.runScriptAsRawText(ScriptEngine.java:119)
	at com.kms.katalon.core.main.TestCaseExecutor.runScript(TestCaseExecutor.java:448)
	at com.kms.katalon.core.main.TestCaseExecutor.doExecute(TestCaseExecutor.java:439)
	at com.kms.katalon.core.main.TestCaseExecutor.processExecutionPhase(TestCaseExecutor.java:418)
	at com.kms.katalon.core.main.TestCaseExecutor.accessMainPhase(TestCaseExecutor.java:410)
	at com.kms.katalon.core.main.TestCaseExecutor.execute(TestCaseExecutor.java:285)
	at com.kms.katalon.core.common.CommonExecutor.accessTestCaseMainPhase(CommonExecutor.java:65)
	at com.kms.katalon.core.main.TestSuiteExecutor.accessTestSuiteMainPhase(TestSuiteExecutor.java:148)
	at com.kms.katalon.core.main.TestSuiteExecutor.execute(TestSuiteExecutor.java:106)
	at com.kms.katalon.core.main.TestCaseMain.startTestSuite(TestCaseMain.java:187)
	at com.kms.katalon.core.main.TestCaseMain$startTestSuite$0.call(Unknown Source)
	at TempTestSuite1696494982531.run(TempTestSuite1696494982531.groovy:36)


2023-10-05 15:48:14 - [MESSAGE][FAILED] - Test Cases/Product Ecommerce/TC-PEN-018 FAILED.
Reason:
Assertion failed: 

assert accept_button_message == "Code Name Is not valid"
       |                     |
       ""                    false

	at TC-PEN-018.run(TC-PEN-018:56)
	at com.kms.katalon.core.main.ScriptEngine.run(ScriptEngine.java:194)
	at com.kms.katalon.core.main.ScriptEngine.runScriptAsRawText(ScriptEngine.java:119)
	at com.kms.katalon.core.main.TestCaseExecutor.runScript(TestCaseExecutor.java:448)
	at com.kms.katalon.core.main.TestCaseExecutor.doExecute(TestCaseExecutor.java:439)
	at com.kms.katalon.core.main.TestCaseExecutor.processExecutionPhase(TestCaseExecutor.java:418)
	at com.kms.katalon.core.main.TestCaseExecutor.accessMainPhase(TestCaseExecutor.java:410)
	at com.kms.katalon.core.main.TestCaseExecutor.execute(TestCaseExecutor.java:285)
	at com.kms.katalon.core.common.CommonExecutor.accessTestCaseMainPhase(CommonExecutor.java:65)
	at com.kms.katalon.core.main.TestSuiteExecutor.accessTestSuiteMainPhase(TestSuiteExecutor.java:148)
	at com.kms.katalon.core.main.TestSuiteExecutor.execute(TestSuiteExecutor.java:106)
	at com.kms.katalon.core.main.TestCaseMain.startTestSuite(TestCaseMain.java:187)
	at com.kms.katalon.core.main.TestCaseMain$startTestSuite$0.call(Unknown Source)
	at TempTestSuite1696494982531.run(TempTestSuite1696494982531.groovy:36)]]></system-out>
         <system-err><![CDATA[2023-10-05 15:47:53 - [TEST_CASE][FAILED] - Test Cases/Product Ecommerce/TC-PEN-018: Test Cases/Product Ecommerce/TC-PEN-018 FAILED.
Reason:
Assertion failed: 

assert accept_button_message == "Code Name Is not valid"
       |                     |
       ""                    false

	at TC-PEN-018.run(TC-PEN-018:56)
	at com.kms.katalon.core.main.ScriptEngine.run(ScriptEngine.java:194)
	at com.kms.katalon.core.main.ScriptEngine.runScriptAsRawText(ScriptEngine.java:119)
	at com.kms.katalon.core.main.TestCaseExecutor.runScript(TestCaseExecutor.java:448)
	at com.kms.katalon.core.main.TestCaseExecutor.doExecute(TestCaseExecutor.java:439)
	at com.kms.katalon.core.main.TestCaseExecutor.processExecutionPhase(TestCaseExecutor.java:418)
	at com.kms.katalon.core.main.TestCaseExecutor.accessMainPhase(TestCaseExecutor.java:410)
	at com.kms.katalon.core.main.TestCaseExecutor.execute(TestCaseExecutor.java:285)
	at com.kms.katalon.core.common.CommonExecutor.accessTestCaseMainPhase(CommonExecutor.java:65)
	at com.kms.katalon.core.main.TestSuiteExecutor.accessTestSuiteMainPhase(TestSuiteExecutor.java:148)
	at com.kms.katalon.core.main.TestSuiteExecutor.execute(TestSuiteExecutor.java:106)
	at com.kms.katalon.core.main.TestCaseMain.startTestSuite(TestCaseMain.java:187)
	at com.kms.katalon.core.main.TestCaseMain$startTestSuite$0.call(Unknown Source)
	at TempTestSuite1696494982531.run(TempTestSuite1696494982531.groovy:36)]]></system-err>
      </testcase>
      <system-out><![CDATA[2023-10-05 15:36:35 - [TEST_SUITE][FAILED] - Product Ecomerce: Test Cases/Product Ecommerce/TC-PE-002 FAILED.
Reason:
com.kms.katalon.core.exception.StepFailedException: Unable to verify object 'Object Repository/Product Ecommerce/Verifikasi Halaman Product Anda' is present
	at com.kms.katalon.core.webui.keyword.internal.WebUIKeywordMain.stepFailed(WebUIKeywordMain.groovy:64)
	at com.kms.katalon.core.webui.keyword.internal.WebUIKeywordMain.runKeyword(WebUIKeywordMain.groovy:26)
	at com.kms.katalon.core.webui.keyword.builtin.VerifyElementPresentKeyword.verifyElementPresent(VerifyElementPresentKeyword.groovy:92)
	at com.kms.katalon.core.webui.keyword.builtin.VerifyElementPresentKeyword.execute(VerifyElementPresentKeyword.groovy:68)
	at com.kms.katalon.core.keyword.internal.KeywordExecutor.executeKeywordForPlatform(KeywordExecutor.groovy:74)
	at com.kms.katalon.core.webui.keyword.WebUiBuiltInKeywords.verifyElementPresent(WebUiBuiltInKeywords.groovy:1464)
	at com.kms.katalon.core.webui.keyword.WebUiBuiltInKeywords$verifyElementPresent$1.call(Unknown Source)
	at TC-PE-002.run(TC-PE-002:62)
	at com.kms.katalon.core.main.ScriptEngine.run(ScriptEngine.java:194)
	at com.kms.katalon.core.main.ScriptEngine.runScriptAsRawText(ScriptEngine.java:119)
	at com.kms.katalon.core.main.TestCaseExecutor.runScript(TestCaseExecutor.java:448)
	at com.kms.katalon.core.main.TestCaseExecutor.doExecute(TestCaseExecutor.java:439)
	at com.kms.katalon.core.main.TestCaseExecutor.processExecutionPhase(TestCaseExecutor.java:418)
	at com.kms.katalon.core.main.TestCaseExecutor.accessMainPhase(TestCaseExecutor.java:410)
	at com.kms.katalon.core.main.TestCaseExecutor.execute(TestCaseExecutor.java:285)
	at com.kms.katalon.core.common.CommonExecutor.accessTestCaseMainPhase(CommonExecutor.java:65)
	at com.kms.katalon.core.main.TestSuiteExecutor.accessTestSuiteMainPhase(TestSuiteExecutor.java:148)
	at com.kms.katalon.core.main.TestSuiteExecutor.execute(TestSuiteExecutor.java:106)
	at com.kms.katalon.core.main.TestCaseMain.startTestSuite(TestCaseMain.java:187)
	at com.kms.katalon.core.main.TestCaseMain$startTestSuite$0.call(Unknown Source)
	at TempTestSuite1696494982531.run(TempTestSuite1696494982531.groovy:36)
Caused by: com.kms.katalon.core.exception.StepFailedException: com.kms.katalon.core.webui.exception.WebElementNotFoundException: Web element with id: 'Object Repository/Product Ecommerce/Verifikasi Halaman Product Anda' located by '(.//*[normalize-space(text()) and normalize-space(.)='Home'])[1]/following::li[2]' not found
	at com.kms.katalon.core.webui.keyword.internal.WebUIKeywordMain.stepFailed(WebUIKeywordMain.groovy:64)
	at com.kms.katalon.core.webui.keyword.builtin.VerifyElementPresentKeyword$_verifyElementPresent_closure1.doCall(VerifyElementPresentKeyword.groovy:85)
	at com.kms.katalon.core.webui.keyword.builtin.VerifyElementPresentKeyword$_verifyElementPresent_closure1.call(VerifyElementPresentKeyword.groovy)
	at com.kms.katalon.core.webui.keyword.internal.WebUIKeywordMain.runKeyword(WebUIKeywordMain.groovy:20)
	... 19 more]]></system-out>
      <system-err><![CDATA[2023-10-05 15:36:35 - [TEST_SUITE][FAILED] - Product Ecomerce: Test Cases/Product Ecommerce/TC-PE-002 FAILED.
Reason:
com.kms.katalon.core.exception.StepFailedException: Unable to verify object 'Object Repository/Product Ecommerce/Verifikasi Halaman Product Anda' is present
	at com.kms.katalon.core.webui.keyword.internal.WebUIKeywordMain.stepFailed(WebUIKeywordMain.groovy:64)
	at com.kms.katalon.core.webui.keyword.internal.WebUIKeywordMain.runKeyword(WebUIKeywordMain.groovy:26)
	at com.kms.katalon.core.webui.keyword.builtin.VerifyElementPresentKeyword.verifyElementPresent(VerifyElementPresentKeyword.groovy:92)
	at com.kms.katalon.core.webui.keyword.builtin.VerifyElementPresentKeyword.execute(VerifyElementPresentKeyword.groovy:68)
	at com.kms.katalon.core.keyword.internal.KeywordExecutor.executeKeywordForPlatform(KeywordExecutor.groovy:74)
	at com.kms.katalon.core.webui.keyword.WebUiBuiltInKeywords.verifyElementPresent(WebUiBuiltInKeywords.groovy:1464)
	at com.kms.katalon.core.webui.keyword.WebUiBuiltInKeywords$verifyElementPresent$1.call(Unknown Source)
	at TC-PE-002.run(TC-PE-002:62)
	at com.kms.katalon.core.main.ScriptEngine.run(ScriptEngine.java:194)
	at com.kms.katalon.core.main.ScriptEngine.runScriptAsRawText(ScriptEngine.java:119)
	at com.kms.katalon.core.main.TestCaseExecutor.runScript(TestCaseExecutor.java:448)
	at com.kms.katalon.core.main.TestCaseExecutor.doExecute(TestCaseExecutor.java:439)
	at com.kms.katalon.core.main.TestCaseExecutor.processExecutionPhase(TestCaseExecutor.java:418)
	at com.kms.katalon.core.main.TestCaseExecutor.accessMainPhase(TestCaseExecutor.java:410)
	at com.kms.katalon.core.main.TestCaseExecutor.execute(TestCaseExecutor.java:285)
	at com.kms.katalon.core.common.CommonExecutor.accessTestCaseMainPhase(CommonExecutor.java:65)
	at com.kms.katalon.core.main.TestSuiteExecutor.accessTestSuiteMainPhase(TestSuiteExecutor.java:148)
	at com.kms.katalon.core.main.TestSuiteExecutor.execute(TestSuiteExecutor.java:106)
	at com.kms.katalon.core.main.TestCaseMain.startTestSuite(TestCaseMain.java:187)
	at com.kms.katalon.core.main.TestCaseMain$startTestSuite$0.call(Unknown Source)
	at TempTestSuite1696494982531.run(TempTestSuite1696494982531.groovy:36)
Caused by: com.kms.katalon.core.exception.StepFailedException: com.kms.katalon.core.webui.exception.WebElementNotFoundException: Web element with id: 'Object Repository/Product Ecommerce/Verifikasi Halaman Product Anda' located by '(.//*[normalize-space(text()) and normalize-space(.)='Home'])[1]/following::li[2]' not found
	at com.kms.katalon.core.webui.keyword.internal.WebUIKeywordMain.stepFailed(WebUIKeywordMain.groovy:64)
	at com.kms.katalon.core.webui.keyword.builtin.VerifyElementPresentKeyword$_verifyElementPresent_closure1.doCall(VerifyElementPresentKeyword.groovy:85)
	at com.kms.katalon.core.webui.keyword.builtin.VerifyElementPresentKeyword$_verifyElementPresent_closure1.call(VerifyElementPresentKeyword.groovy)
	at com.kms.katalon.core.webui.keyword.internal.WebUIKeywordMain.runKeyword(WebUIKeywordMain.groovy:20)
	... 19 more]]></system-err>
   </testsuite>
</testsuites>
